reserved.FRM
grid000.FRM
grid001.FRM
FOM1000.FRM
BLACK.FRM
MARKERa.FRM
MARKERb.FRM
MARKERc.FRM
GAR1000.FRM
GAR1001.FRM
GAR1002.FRM
GAR1003.FRM
GAR1004.FRM
curb55.FRM
curb55.FRM
curb55.FRM
curb55.FRM
curb55.FRM
curb55.FRM
curb55.FRM
curb55.FRM
curb55.FRM
curb55.FRM
curb55.FRM
curb55.FRM
curb55.FRM
curb55.FRM
curb55.FRM
curb55.FRM
curb55.FRM
curb55.FRM
curb55.FRM
curb55.FRM
curb55.FRM
curb55.FRM
curb55.FRM
curb55.FRM
curb55.FRM
curb55.FRM
curb55.FRM
curb55.FRM
curb55.FRM
curb55.FRM
curb55.FRM
curb55.FRM
curb55.FRM
curb55.FRM
curb55.FRM
curb55.FRM
curb55.FRM
curb55.FRM
curb55.FRM
curb55.FRM
curb55.FRM
curb55.FRM
curb55.FRM
curb55.FRM
curb55.FRM
curb55.FRM
curb55.FRM
curb55.FRM
curb55.FRM
curb55.FRM
curb55.FRM
curb55.FRM
curb55.FRM
curb55.FRM
curb55.FRM
curb55.FRM
curb55.FRM
curb55.FRM
curb55.FRM
curb55.FRM
curb55.FRM
curb55.FRM
curb55.FRM
curb55.FRM
curb55.FRM
curb55.FRM
curb55.FRM
curb55.FRM
curb55.FRM
curb55.FRM
curb55.FRM
curb55.FRM
curb55.FRM
curb55.FRM
curb55.FRM
curb55.FRM
curb55.FRM
curb55.FRM
curb55.FRM
curb55.FRM
curb55.FRM
curb55.FRM
curb55.FRM
curb55.FRM
curb55.FRM
curb55.FRM
curb55.FRM
curb55.FRM
curb55.FRM
curb55.FRM
curb55.FRM
curb55.FRM
curb55.FRM
curb55.FRM
curb55.FRM
curb55.FRM
curb55.FRM
curb55.FRM
curb55.FRM
curb55.FRM
curb55.FRM
curb55.FRM
curb55.FRM
curb55.FRM
curb55.FRM
curb55.FRM
curb55.FRM
curb55.FRM
curb55.FRM
curb55.FRM
curb55.FRM
curb55.FRM
curb55.FRM
curb55.FRM
curb55.FRM
curb55.FRM
curb55.FRM
curb55.FRM
curb55.FRM
curb55.FRM
curb55.FRM
curb55.FRM
curb55.FRM
curb55.FRM
curb55.FRM
curb55.FRM
curb55.FRM
curb55.FRM
curb55.FRM
curb55.FRM
curb55.FRM
curb55.FRM
curb55.FRM
curb55.FRM
curb55.FRM
curb55.FRM
curb55.FRM
curb55.FRM
curb55.FRM
curb55.FRM
curb55.FRM
curb55.FRM
curb55.FRM
curb55.FRM
curb55.FRM
curb55.FRM
curb55.FRM
curb55.FRM
curb55.FRM
curb55.FRM
curb55.FRM
curb55.FRM
curb55.FRM
curb55.FRM
curb55.FRM
curb55.FRM
curb55.FRM
curb55.FRM
curb55.FRM
edg1000.FRM
edg1001.FRM
edg1002.FRM
edg1003.FRM
edg2000.FRM
edg2001.FRM
edg2002.FRM
edg2003.FRM
edg3000.FRM
edg3001.FRM
edg4000.FRM
edg4001.FRM
edg4002.FRM
edg4003.FRM
edg4004.FRM
edg4005.FRM
edg4006.FRM
edg4007.FRM
edg4008.FRM
edg5000.FRM
edg5001.FRM
edg5002.FRM
edg5003.FRM
edg5004.FRM
edg5005.FRM
edg5006.FRM
edg5007.FRM
edg5008.FRM
edg6000.FRM
edg6001.FRM
edg6002.FRM
edg6003.FRM
edg6004.FRM
edg6005.FRM
edg6006.FRM
edg6007.FRM
edg6008.FRM
edg6009.FRM
edg6010.FRM
edg6011.FRM
edg7000.FRM
edg7001.FRM
edg7002.FRM
edg7003.FRM
edg8000.FRM
edg8001.FRM
edg8002.FRM
edg8003.FRM
edg8004.FRM
GRASS01.FRM
GRASS02.FRM
GRASS03.FRM
GRASS04.FRM
GRASS05.FRM
GRASS06.FRM
GRASS07.FRM
GRASS08.FRM
GRASS09.FRM
GRASS10.FRM
GRASS11.FRM
GRASS12.FRM
GRASS13.FRM
GRASS14.FRM
GRASS15.FRM
GRASS16.FRM
ARFL001.FRM
ARFL002.FRM
ARFL003.FRM
ARFL004.FRM
ARFL005.FRM
ARFL006.FRM
ARFL007.FRM
ARFL008.FRM
ARFL009.FRM
ARFL010.FRM
YRF1000.FRM
YRF1001.FRM
YRF1002.FRM
YRF1003.FRM
YRF1004.FRM
YRF1005.FRM
YRF1006.FRM
YRF1007.FRM
YRF1008.FRM
YRF1009.FRM
YRF1010.FRM
YRF1011.FRM
YRF1012.FRM
YRF1013.FRM
YRF1014.FRM
YRF1015.FRM
YRF1016.FRM
YRF1017.FRM
YRF1018.FRM
YRF1019.FRM
YRF1020.FRM
YRF1021.FRM
YRF1022.FRM
YRF1023.FRM
YRF1024.FRM
YRF1025.FRM
YRF1026.FRM
YRF1027.FRM
YRF2007.FRM
YRF2012.FRM
YRF2017.FRM
YRF2018.FRM
YRF2023.FRM
YRF2024.FRM
YRF2025.FRM
YRF2026.FRM
YRF2027.FRM
YRF2028.FRM
SEAS001.FRM
SEAS002.FRM
SEAS003.FRM
SEAS004.FRM
SEAS005.FRM
SEAS006.FRM
SEAS007.FRM
SEAS008.FRM
SEAS009.FRM
SEAS010.FRM
SEAS011.FRM
SEAS012.FRM
SEAS013.FRM
SEAS014.FRM
SEAS015.FRM
SEAS016.FRM
SEAS017.FRM
SEAS018.FRM
SEAS019.FRM
SEAS101.FRM
SEAS102.FRM
SEAS103.FRM
SEAS104.FRM
SEAS105.FRM
SEAS106.FRM
SEAS107.FRM
SEAS108.FRM
SEAS109.FRM
SEAS110.FRM
SEAS111.FRM
SEAS201.FRM
SEAS202.FRM
SEAS203.FRM
SEAS204.FRM
SEAS205.FRM
SEAS206.FRM
SEAS207.FRM
SEAS208.FRM
SEAS209.FRM
SEAS210.FRM
SEAS211.FRM
SEAS212.FRM
SEAS213.FRM
SEAS214.FRM
SEAS215.FRM
SEAS216.FRM
SEAS217.FRM
SEAS218.FRM
SEAS219.FRM
SLIME00.FRM
SLIME01.FRM
SLIME02.FRM
SLIME03.FRM
SLIME04.FRM
SLIME05.FRM
SLIME06.FRM
SLIME07.FRM
SLIME08.FRM
SLIME09.FRM
SLIME10.FRM
SLIME11.FRM
SLIME12.FRM
SLIME13.FRM
SLIME14.FRM
SLIME15.FRM
SLIME16.FRM
SLIME17.FRM
SLIME18.FRM
SLIME19.FRM
SLIME20.FRM
SLIME21.FRM
SLIME22.FRM
SLIME23.FRM
SLIME24.FRM
SLIME25.FRM
SLIME26.FRM
SLIME27.FRM
SNOW001.FRM
SNOW002.FRM
SNOW003.FRM
SNOW004.FRM
SNOW005.FRM
SNOW006.FRM
SNOW007.FRM
SNOW008.FRM
SNOW009.FRM
SNOW010.FRM
SNOW011.FRM
SNOW012.FRM
SNOW013.FRM
SNOW014.FRM
SNOW015.FRM
SNOW016.FRM
SNOW101.FRM
SNOW102.FRM
SNOW103.FRM
SNOW104.FRM
SNOW105.FRM
SNOW106.FRM
SNOW107.FRM
SNOW108.FRM
SNOW109.FRM
SNOW110.FRM
SNOW111.FRM
SNOW112.FRM
SNOW999.FRM
CAV1001.FRM
CAV1002.FRM
CAV1003.FRM
CAV1004.FRM
CAV2000.FRM
CAV2001.FRM
CAV2002.FRM
CAV2003.FRM
CAV2004.FRM
CAV2005.FRM
CAV2006.FRM
CAV2007.FRM
CAV2008.FRM
CAV2009.FRM
CAV2010.FRM
CAV2011.FRM
CAV2012.FRM
CAV2013.FRM
CAV3000.FRM
CAV3001.FRM
CAV3002.FRM
CAV3003.FRM
CAV3004.FRM
CAV3005.FRM
CAV3006.FRM
CAV3007.FRM
CAV3008.FRM
CAV3009.FRM
CAV3010.FRM
CAV3011.FRM
CAV3012.FRM
CAV3013.FRM
CAV4001.FRM
CAV4002.FRM
CAV4003.FRM
CAV4004.FRM
CAV4005.FRM
CAV4006.FRM
CAV4007.FRM
MNTA000.FRM
MNTA001.FRM
MNTA002.FRM
MNTA003.FRM
MNTA004.FRM
MNTA005.FRM
MNTA006.FRM
MNTA007.FRM
MNTA008.FRM
MNTA009.FRM
MNTA010.FRM
MNTA011.FRM
MNTA012.FRM
MNTA013.FRM
MNTA014.FRM
MNTA015.FRM
MNTA016.FRM
MNTA017.FRM
MNTA018.FRM
MNTA019.FRM
MNTA020.FRM
MNTA021.FRM
MNTA022.FRM
MNTA023.FRM
MNTB000.FRM
MNTB001.FRM
MNTB002.FRM
MNTB003.FRM
MNTB004.FRM
MNTB005.FRM
MNTB006.FRM
MNTB007.FRM
MNTB008.FRM
MNTB009.FRM
MNTB010.FRM
MNTB011.FRM
MNTB012.FRM
MNTB013.FRM
MNTB014.FRM
MNTB015.FRM
MNTB016.FRM
MNTB017.FRM
MNTB018.FRM
MNTB019.FRM
MNTB020.FRM
MNTB021.FRM
MNTB022.FRM
MNTB023.FRM
MNTB024.FRM
MNTB025.FRM
MNTB026.FRM
MNTC000.FRM
MNTC001.FRM
MNTC002.FRM
MNTC003.FRM
MNTC004.FRM
MNTC005.FRM
MNTC006.FRM
MNTC007.FRM
MNTC008.FRM
MNTC009.FRM
MNTC010.FRM
MNTC011.FRM
MNTC012.FRM
MNTC013.FRM
MNTC014.FRM
MNTC015.FRM
MNTC016.FRM
MNTC017.FRM
MNTC018.FRM
MNTD000.FRM
MNTD001.FRM
MNTD002.FRM
MNTD003.FRM
MNTD004.FRM
MNTD005.FRM
MNTD006.FRM
MNTD007.FRM
MNTD008.FRM
MNTD009.FRM
MNTD010.FRM
MNTD011.FRM
MNTD012.FRM
MNTD013.FRM
MNTD014.FRM
MNTD015.FRM
MNTD016.FRM
MNTD017.FRM
MNTD018.FRM
MNTD019.FRM
MNTD020.FRM
MNTD021.FRM
MNTD022.FRM
MNTD023.FRM
MNTD024.FRM
MNTD025.FRM
MNTD026.FRM
MNTD027.FRM
MNTD028.FRM
MNTD029.FRM
MNTD030.FRM
MNTD031.FRM
MNTD032.FRM
MNTD033.FRM
MNTD034.FRM
MNTD035.FRM
MNTD036.FRM
MNTD037.FRM
MNTE001.FRM
MNTE002.FRM
MNTE003.FRM
MNTE004.FRM
MNTE005.FRM
MNTE006.FRM
MNTE007.FRM
MNTE008.FRM
MNTE009.FRM
MNTE010.FRM
MNTE011.FRM
MNTE012.FRM
MNTE013.FRM
MNTE014.FRM
MNTE015.FRM
MNTE016.FRM
MNTE017.FRM
MNTE018.FRM
MNTE019.FRM
ROAD001.FRM
ROAD002.FRM
ROAD003.FRM
ROAD004.FRM
ROAD005.FRM
ROAD006.FRM
ROAD007.FRM
ROAD008.FRM
ROAD009.FRM
ROAD010.FRM
ROAD101.FRM
ROAD102.FRM
ROAD103.FRM
ROAD104.FRM
ROAD105.FRM
ROAD106.FRM
ROAD107.FRM
ROAD108.FRM
ROAD109.FRM
ROAD110.FRM
ROAD111.FRM
ROAD112.FRM
ROAD113.FRM
ROAD114.FRM
ROAD115.FRM
ROAD116.FRM
ROAD201.FRM
ROAD202.FRM
ROAD203.FRM
ROAD204.FRM
ROAD205.FRM
ROAD206.FRM
ROAD207.FRM
ROAD208.FRM
ROAD209.FRM
ROAD210.FRM
ROAD211.FRM
ROAD212.FRM
ROAD213.FRM
ROAD214.FRM
ROAD220.FRM
ROAD221.FRM
ROAD222.FRM
ROAD223.FRM
ROAD224.FRM
ROAD225.FRM
ROAD230.FRM
ROAD231.FRM
ROAD232.FRM
ROAD233.FRM
ROAD234.FRM
ROAD301.FRM
ROAD302.FRM
ROAD303.FRM
ROAD304.FRM
ROAD401.FRM
ROAD402.FRM
ROAD403.FRM
ROAD404.FRM
ROAD405.FRM
ROAD406.FRM
ROAD500.FRM
ROAD501.FRM
ROAD502.FRM
ROAD503.FRM
ROAD504.FRM
ROAD505.FRM
ROAD506.FRM
ROAD507.FRM
ROAD508.FRM
ROAD509.FRM
ROAD510.FRM
ROAD511.FRM
ROAD512.FRM
ROAD513.FRM
ROAD514.FRM
ROAD515.FRM
ROAD516.FRM
ROAD517.FRM
ROAD518.FRM
ROAD519.FRM
ROAD520.FRM
ROAD521.FRM
ROAD522.FRM
ROAD523.FRM
ROAD524.FRM
ROAD525.FRM
ROAD526.FRM
ROAD527.FRM
ROAD528.FRM
ROAD529.FRM
ROAD530.FRM
ROAD531.FRM
ROAD532.FRM
ROAD533.FRM
ROAD534.FRM
ROAD535.FRM
ROAD536.FRM
ROAD537.FRM
JRT1013.FRM
JRT1014.FRM
JRT1011.FRM
JRT1012.FRM
CURB001.FRM
CURB002.FRM
CURB003.FRM
CURB004.FRM
CURB005.FRM
CURB006.FRM
CURB007.FRM
CURB008.FRM
CURB009.FRM
CURB010.FRM
CURB011.FRM
CURB012.FRM
CURB101.FRM
CURB102.FRM
CURB103.FRM
CURB104.FRM
CURB105.FRM
CURB106.FRM
CURB110.FRM
CURB111.FRM
CURB112.FRM
CURB113.FRM
CURB114.FRM
CURB121.FRM
CURB122.FRM
CURB123.FRM
CURB124.FRM
CURB130.FRM
CURB131.FRM
CURB132.FRM
CURB133.FRM
CURB200.FRM
CURB201.FRM
CURB202.FRM
CURB203.FRM
CURB204.FRM
CURB205.FRM
CURB206.FRM
CURB207.FRM
CURB208.FRM
CURB209.FRM
CURB210.FRM
CURB211.FRM
CURB212.FRM
CURB213.FRM
CURB214.FRM
CURB215.FRM
CURB216.FRM
CURB217.FRM
CURB218.FRM
CURB219.FRM
CURB220.FRM
CURB221.FRM
CURB222.FRM
CURB223.FRM
CURB224.FRM
CURB300.FRM
CURB301.FRM
CURB302.FRM
CURB303.FRM
CURB304.FRM
CURB305.FRM
CURB306.FRM
CURB307.FRM
CURB308.FRM
CURB309.FRM
CURB310.FRM
BRICK00.FRM
BRICK01.FRM
BRICK02.FRM
BRICK03.FRM
BRICK04.FRM
BRICK05.FRM
BRICK06.FRM
BRICK07.FRM
BRICK08.FRM
BRICK09.FRM
BRICK10.FRM
BRICK11.FRM
BRICK12.FRM
BRICK13.FRM
BRICK14.FRM
BRICK15.FRM
BRICK16.FRM
BRICK17.FRM
BRICK18.FRM
BRICK19.FRM
BRICK20.FRM
BRICK21.FRM
BRICK22.FRM
BRICK23.FRM
BRICK24.FRM
BRICK25.FRM
BRICK26.FRM
BRICK27.FRM
JRT1000.FRM
JRT1001.FRM
JRT1002.FRM
JRT1003.FRM
JRT1004.FRM
JRT1005.FRM
JRT1006.FRM
JRT1007.FRM
JRT1008.FRM
JRT1009.FRM
JRT1010.FRM
JRT2000.FRM
JRT2001.FRM
JRT2002.FRM
JRT2003.FRM
JRT2004.FRM
JRT2005.FRM
JRT2006.FRM
JRT2007.FRM
JRT2008.FRM
JRT2009.FRM
JRT2010.FRM
JRT2011.FRM
JRT2012.FRM
JRT2013.FRM
JRT2014.FRM
JRT2015.FRM
JRT2016.FRM
CMT1000.FRM
CMT2000.FRM
CMT3000.FRM
CMT4000.FRM
CMT5000.FRM
CMT6000.FRM
CMT7000.FRM
CMT8000.FRM
WOOD001.FRM
WOOD002.FRM
WOOD003.FRM
WOOD004.FRM
WOOD005.FRM
WOOD006.FRM
TOWR01.FRM
TOWR02.FRM
TOWR03.FRM
TOWR04.FRM
TOWR05.FRM
TOWR06.FRM
TOWR07.FRM
TOWR08.FRM
TOWR09.FRM
TOWR10.FRM
TOWR11.FRM
TOWR12.FRM
TOWR13.FRM
TOWR14.FRM
TOWR15.FRM
CARPET00.FRM
CARPET01.FRM
CARPET02.FRM
CARPET03.FRM
CARPET04.FRM
CARPET05.FRM
CARPET06.FRM
CARPET07.FRM
CARPET08.FRM
CARPET09.FRM
CARPET10.FRM
CARPET11.FRM
CARPET12.FRM
CARPET13.FRM
CARPET14.FRM
CARPET15.FRM
CARPET16.FRM
CARPET17.FRM
CARPET18.FRM
CARPET19.FRM
CARPET20.FRM
CARPET21.FRM
CARPET22.FRM
CARPET23.FRM
CARPET24.FRM
CARPET25.FRM
CARPET26.FRM
CARPET27.FRM
CARPET28.FRM
CARPET29.FRM
CARPET30.FRM
CARPET31.FRM
CARPET32.FRM
CARPET33.FRM
CARPET34.FRM
CARPET35.FRM
CARPET36.FRM
CARPET37.FRM
WROOF01.FRM
WROOF02.FRM
WROOF03.FRM
WROOF04.FRM
WROOF05.FRM
WROOF06.FRM
WROOF07.FRM
WROOF08.FRM
WROOF09.FRM
WROOF10.FRM
WROOF11.FRM
WROOF12.FRM
WROOF13.FRM
WROOF14.FRM
WROOF15.FRM
WROOF16.FRM
levl000.FRM
levl001.FRM
levl002.FRM
levl003.FRM
levl004.FRM
levl005.FRM
levl006.FRM
levl007.FRM
levl008.FRM
levl009.FRM
levl010.FRM
levl011.FRM
levl012.FRM
levl013.FRM
levl014.FRM
levl015.FRM
levl016.FRM
levl017.FRM
levl018.FRM
levl019.FRM
levl020.FRM
levl021.FRM
levl022.FRM
levl023.FRM
levl024.FRM
levl025.FRM
levl026.FRM
levl027.FRM
levl028.FRM
levl029.FRM
levl030.FRM
levl031.FRM
levl032.FRM
levl033.FRM
levl034.FRM
levl035.FRM
levl036.FRM
levl037.FRM
levl038.FRM
levl039.FRM
levl040.FRM
levl041.FRM
levl042.FRM
levl043.FRM
levl044.FRM
levl045.FRM
levl046.FRM
levl047.FRM
levl048.FRM
levl049.FRM
levl050.FRM
levl051.FRM
levl052.FRM
levl053.FRM
levl054.FRM
levl055.FRM
levl056.FRM
levl061.FRM
levl062.FRM
levl063.FRM
levl064.FRM
levl065.FRM
levl066.FRM
levl067.FRM
levl068.FRM
levl069.FRM
levl070.FRM
levl071.FRM
levl072.FRM
levl073.FRM
levl074.FRM
levl075.FRM
levl076.FRM
TP000.FRM
TP153.FRM
TP154.FRM
TP155.FRM
TP156.FRM
TP157.FRM
TP158.FRM
TP159.FRM
TP160.FRM
TP161.FRM
TP162.FRM
TP163.FRM
TP164.FRM
TP165.FRM
TP166.FRM
TP167.FRM
TP008.FRM
TP009.FRM
TP010.FRM
TP011.FRM
TP012.FRM
TP013.FRM
TP014.FRM
TP015.FRM
TP016.FRM
TP017.FRM
TP018.FRM
TP019.FRM
TP020.FRM
TP021.FRM
TP022.FRM
TP023.FRM
TP024.FRM
TP025.FRM
TP026.FRM
TP027.FRM
TP028.FRM
TP029.FRM
TP030.FRM
TP031.FRM
TP032.FRM
TP033.FRM
TP034.FRM
TP035.FRM
TP036.FRM
TP037.FRM
TP038.FRM
TP039.FRM
TP040.FRM
TP041.FRM
TP042.FRM
TP043.FRM
TP044.FRM
TP045.FRM
TP046.FRM
TP047.FRM
TP048.FRM
TP049.FRM
TP050.FRM
TP051.FRM
TP052.FRM
TP053.FRM
TP054.FRM
TP055.FRM
TP056.FRM
TP057.FRM
TP058.FRM
TP059.FRM
TP060.FRM
TP061.FRM
TP062.FRM
TP063.FRM
TP064.FRM
TP065.FRM
TP066.FRM
TP067.FRM
TP068.FRM
TP001.FRM
TP069.FRM
TP070.FRM
TP071.FRM
TP072.FRM
TP073.FRM
TP074.FRM
TP075.FRM
TP076.FRM
TP077.FRM
TP078.FRM
TP079.FRM
TP080.FRM
TP081.FRM
TP082.FRM
TP083.FRM
TP084.FRM
TP085.FRM
TP086.FRM
TP087.FRM
TP088.FRM
TP089.FRM
TP090.FRM
TP091.FRM
TP092.FRM
TP093.FRM
TP094.FRM
TP095.FRM
TP096.FRM
TP097.FRM
TP098.FRM
TP099.FRM
TP100.FRM
TP101.FRM
TP102.FRM
TP103.FRM
TP104.FRM
TP105.FRM
TP106.FRM
TP107.FRM
TP108.FRM
TP109.FRM
TP110.FRM
TP111.FRM
TP112.FRM
TP113.FRM
TP114.FRM
TP115.FRM
TP116.FRM
TP117.FRM
TP118.FRM
TP119.FRM
TP120.FRM
TP121.FRM
TP122.FRM
TP123.FRM
TP124.FRM
TP125.FRM
TP126.FRM
TP127.FRM
TP128.FRM
TP129.FRM
TP130.FRM
TP131.FRM
TP132.FRM
TP133.FRM
TP134.FRM
TP135.FRM
TP136.FRM
TP137.FRM
TP138.FRM
TP139.FRM
TP140.FRM
TP141.FRM
TP142.FRM
TP143.FRM
TP144.FRM
TP145.FRM
TP146.FRM
TP147.FRM
TP148.FRM
TP149.FRM
TP150.FRM
TP151.FRM
TP152.FRM
TP168.FRM
TP169.FRM
TP170.FRM
TP171.FRM
TP172.FRM
TP173.FRM
TP174.FRM
TP175.FRM
TP176.FRM
TP177.FRM
TP178.FRM
TP179.FRM
TP180.FRM
TP181.FRM
TP182.FRM
TP183.FRM
TP184.FRM
TP185.FRM
TP186.FRM
TP187.FRM
TP188.FRM
TP189.FRM
TP190.FRM
VLT1000.FRM
VLT1001.FRM
VLT1002.FRM
VLT1003.FRM
VLT1004.FRM
VLT1005.FRM
VLT1006.FRM
VLT1007.FRM
VLT1008.FRM
VLT1009.FRM
VLT1010.FRM
VLT1011.FRM
VLT1012.FRM
ROAD117.FRM
ROAD118.FRM
ROAD119.FRM
VLTARC00.FRM
VLTARC01.FRM
VLTARC02.FRM
VLTARC03.FRM
VLTARC04.FRM
VLTARC05.FRM
VLTARC06.FRM
VLTARC07.FRM
VLTARC08.FRM
VLTARC09.FRM
VLTARC10.FRM
VLTARC11.FRM
VLTARC12.FRM
VLTARC13.FRM
VLTARC14.FRM
VLTARC15.FRM
VLTARC16.FRM
VLTARC17.FRM
VLTARC18.FRM
VLTARC19.FRM
VLTARC20.FRM
VLTARC21.FRM
VLTARC22.FRM
VLTARC23.FRM
VLTARC24.FRM
VLTARC25.FRM
VLTARC26.FRM
VLTARC27.FRM
VLTARC28.FRM
VLTARC29.FRM
VLTARC30.FRM
VLTARC31.FRM
VLTARC32.FRM
VLTARC33.FRM
VLTARC34.FRM
VLTARC35.FRM
VLTARC36.FRM
VLTARC37.FRM
VLTARC38.FRM
VLTARC39.FRM
VLTARC40.FRM
VLTARC41.FRM
VLTARC42.FRM
VLTARC43.FRM
VLTARC44.FRM
VLTARC45.FRM
VLTARC46.FRM
VLTARC47.FRM
VLTARC48.FRM
VILLACV.FRM
VILLA000.FRM
VILLA001.FRM
VILLA002.FRM
VILLA003.FRM
VILLA004.FRM
VILLA005.FRM
VILLA006.FRM
arfl100.FRM
arfl101.FRM
arfl102.FRM
arfl103.FRM
VLT1013.FRM
TSN1000.FRM
TSN1001.FRM
TSN1002.FRM
TSN2000.FRM
TSN2001.FRM
TSN2002.FRM
TSN2003.FRM
TSN2004.FRM
TSN2005.FRM
TSN2006.FRM
TSN2007.FRM
TSN2008.FRM
TSN2009.FRM
TSN2010.FRM
TSN2011.FRM
TSN2012.FRM
TSN2013.FRM
TSN2014.FRM
TSN2015.FRM
TSN2016.FRM
TSN2017.FRM
TSN2018.FRM
TSN2019.FRM
TSN2020.FRM
TSN2021.FRM
TSN2022.FRM
TSN2023.FRM
TSN2024.FRM
TSN2025.FRM
TSN2026.FRM
TSN2027.FRM
TSN3001.FRM
TSN3002.FRM
TSN3003.FRM
TSN3004.FRM
TSN3005.FRM
TSN3006.FRM
TSN3007.FRM
TSN3008.FRM
TSN3009.FRM
TSN3010.FRM
TSN3011.FRM
TSN3012.FRM
TSN3013.FRM
TSN3014.FRM
TSN3015.FRM
TSN3016.FRM
TP300.FRM
TP301.FRM
TP302.FRM
TP303.FRM
TP304.FRM
TP305.FRM
TP306.FRM
TP307.FRM
TP308.FRM
TP309.FRM
TP310.FRM
TP311.FRM
TP312.FRM
TP313.FRM
TP314.FRM
TP315.FRM
TP316.FRM
TP317.FRM
TP318.FRM
TP319.FRM
TP320.FRM
TP321.FRM
TP322.FRM
TP323.FRM
TP324.FRM
TP325.FRM
TP326.FRM
TP400.FRM
TP401.FRM
TP402.FRM
TP403.FRM
TP404.FRM
TP405.FRM
TP406.FRM
TP407.FRM
TP408.FRM
TP409.FRM
TP410.FRM
TP411.FRM
TP412.FRM
TP413.FRM
TP414.FRM
TP415.FRM
TP416.FRM
TP417.FRM
TP500.FRM
TP501.FRM
TP502.FRM
TP503.FRM
TP504.FRM
TP505.FRM
TP506.FRM
TP507.FRM
TP508.FRM
TP509.FRM
TP510.FRM
TP511.FRM
TP512.FRM
TP513.FRM
TP514.FRM
TP515.FRM
TP516.FRM
TP517.FRM
TP518.FRM
TP519.FRM
TP520.FRM
TP521.FRM
TP522.FRM
TP523.FRM
TP524.FRM
TP525.FRM
TP526.FRM
TP527.FRM
TP528.FRM
TP529.FRM
TP530.FRM
TP531.FRM
TP532.FRM
TP533.FRM
TP534.FRM
TP535.FRM
TP536.FRM
TP537.FRM
TP538.FRM
TP539.FRM
TP540.FRM
TP541.FRM
TP542.FRM
TP543.FRM
TP550.FRM
TP551.FRM
TP552.FRM
TP600.FRM
TP601.FRM
TP602.FRM
TP603.FRM
TP604.FRM
TP605.FRM
TP606.FRM
TP607.FRM
TP608.FRM
TP609.FRM
TP610.FRM
TP611.FRM
TP612.FRM
TP613.FRM
TP614.FRM
TP615.FRM
TP616.FRM
TP617.FRM
TP618.FRM
TP619.FRM
TP620.FRM
TP621.FRM
TSN4000.FRM
TSN4001.FRM
TSN4002.FRM
TSN4003.FRM
TSN4004.FRM
TSN4005.FRM
TSN4006.FRM
TSN4007.FRM
TSN4008.FRM
TSN4009.FRM
TSN4010.FRM
TSN4011.FRM
TSN4012.FRM
TSN4013.FRM
TSN4014.FRM
TSN4015.FRM
TSN4016.FRM
TSN4017.FRM
TSN4018.FRM
TSN4019.FRM
TSN4020.FRM
TSN4021.FRM
TSN4022.FRM
TSN4023.FRM
TSN4024.FRM
TSN4025.FRM
VILLA100.FRM
VILLA101.FRM
VILLA102.FRM
VILLA103.FRM
VILLA104.FRM
VILLA105.FRM
VILLA106.FRM
VILLA107.FRM
VILLA108.FRM
VILLA109.FRM
VILLA110.FRM
VILLA111.FRM
VILLA112.FRM
VILLA113.FRM
VILLA114.FRM
VILLA115.FRM
VILLA116.FRM
VILLA117.FRM
VILLA118.FRM
VILLA119.FRM
VILLA120.FRM
VILLA121.FRM
VILLA122.FRM
VILLA123.FRM
VILLA124.FRM
VILLA125.FRM
VILLA126.FRM
VILLA127.FRM
VILLA128.FRM
VILLA129.FRM
VILLA130.FRM
VILLA131.FRM
VILLA132.FRM
VILLA133.FRM
VILLA200.FRM
VILLA201.FRM
VILLA202.FRM
VILLA203.FRM
VILLA204.FRM
VILLA205.FRM
VILLA206.FRM
VILLA207.FRM
VILLA208.FRM
VILLA209.FRM
VILLA210.FRM
VILLA300.FRM
VILLA301.FRM
VILLA302.FRM
VILLA303.FRM
VILLA304.FRM
VILLA305.FRM
VILLA306.FRM
VILLA400.FRM
VILLA401.FRM
VILLA402.FRM
VILLA403.FRM
VILLA404.FRM
VILLA405.FRM
VILLA406.FRM
VILLA407.FRM
VILLA307.FRM
VILLA308.FRM
VILLA309.FRM
VILLA310.FRM
VILLA311.FRM
VILLA500.FRM
VILLA501.FRM
VILLA502.FRM
VILLA503.FRM
VILLA504.FRM
VILLA505.FRM
VILLA506.FRM
VILLA507.FRM
VILLA508.FRM
VILLA509.FRM
VILLA510.FRM
VILLA511.FRM
VILLA512.FRM
VILLA513.FRM
VILLA514.FRM
VILLA515.FRM
VILLA516.FRM
VILLA517.FRM
VILLA518.FRM
VILLA519.FRM
VILLA520.FRM
VILLA521.FRM
VILLA522.FRM
VILLA523.FRM
VILLA524.FRM
VILLA525.FRM
VILLA526.FRM
VILLA527.FRM
VILLA528.FRM
VILLA529.FRM
VILLA530.FRM
VILLA531.FRM
VILLA532.FRM
VILLA007.FRM
VILLA008.FRM
VILLA009.FRM
VILLA010.FRM
VILLA011.FRM
VILLA012.FRM
VILLA013.FRM
VILLA014.FRM
VILLA015.FRM
VILLA016.FRM
VILLA017.FRM
RNGR001.FRM
RNGR002.FRM
RNGR003.FRM
RNGR004.FRM
RNGR005.FRM
RNGR006.FRM
RNGR007.FRM
RNGR008.FRM
FLAG1110.FRM
FLAG1111.FRM
FLAG1112.FRM
FLAG1113.FRM
FLAG1114.FRM
FLAG1115.FRM
FLAG1116.FRM
GAR2000.FRM
GAR2001.FRM
GAR2002.FRM
GAR2003.FRM
GAR2004.FRM
GAR2005.FRM
GAR2006.FRM
GAR2007.FRM
GAR2008.FRM
GAR2009.FRM
FLAG1100.FRM
FLAG1101.FRM
FLAG1102.FRM
FLAG1103.FRM
FLAG1104.FRM
FLAG1105.FRM
FLAG1106.FRM
FLAG1107.FRM
FLAG1108.FRM
FLAG1109.FRM
GAR2010.FRM
GAR3000.FRM
GAR3001.FRM
GAR3002.FRM
GAR3003.FRM
GAR3004.FRM
GAR3005.FRM
GAR3006.FRM
GAR3007.FRM
GAR3008.FRM
GAR3009.FRM
GAR3010.FRM
GAR4000.FRM
GAR4001.FRM
GAR4002.FRM
GAR4003.FRM
GAR4004.FRM
GAR4005.FRM
GAR4006.FRM
GAR4007.FRM
GAR4008.FRM
GAR4009.FRM
GAR4010.FRM
GAR4011.FRM
GAR4012.FRM
GAR4013.FRM
GAR4014.FRM
GAR4016.FRM
GAR4017.FRM
GAR4018.FRM
GAR2011.FRM
GAR2012.FRM
GAR2013.FRM
GAR2014.FRM
EDG9000.FRM
EDG9001.FRM
EDG9002.FRM
EDG9003.FRM
EDG9004.FRM
EDG9005.FRM
EDG9006.FRM
EDG9007.FRM
EDG9008.FRM
EDG9009.FRM
GAR5001.FRM
GAR5002.FRM
GAR5003.FRM
GAR5004.FRM
GAR5005.FRM
GAR5006.FRM
GAR5007.FRM
PNX101.FRM
PNX102.FRM
PNX103.FRM
PNX104.FRM
PNX105.FRM
PNX106.FRM
PNX201.FRM
PNX202.FRM
PNX203.FRM
PNX204.FRM
PNX205.FRM
PNX206.FRM
PNX207.FRM
PNX208.FRM
PNX209.FRM
PNX210.FRM
PNX211.FRM
PNX212.FRM
PNX000.FRM
PNX300.FRM
PNX301.FRM
PNX302.FRM
PNX303.FRM
PNX304.FRM
PNX305.FRM
PNX306.FRM
PNX307.FRM
PNX308.FRM
PNX309.FRM
PNX310.FRM
PNX311.FRM
PNX312.FRM
PNX313.FRM
PNX314.FRM
PNX315.FRM
PNX316.FRM
PNX317.FRM
PNX318.FRM
PNX319.FRM
PNX320.FRM
PNX321.FRM
PNX322.FRM
PNX323.FRM
PNX324.FRM
PNX325.FRM
PNX326.FRM
PNX327.FRM
PNX328.FRM
PNX329.FRM
PNX330.FRM
PNX331.FRM
PNX332.FRM
PNX333.FRM
PNX334.FRM
PNX335.FRM
PNX336.FRM
PNX337.FRM
PNX338.FRM
PNX339.FRM
PNX340.FRM
PNX341.FRM
TSN5000.FRM
TSN5001.FRM
TSN5002.FRM
TSN5003.FRM
TSN5004.FRM
TSN5005.FRM
TSN5006.FRM
TSN5007.FRM
TSN5008.FRM
PNX350.FRM
PNX351.FRM
PNX352.FRM
PNX353.FRM
PNX354.FRM
PNX355.FRM
PNX356.FRM
PNX357.FRM
PNX358.FRM
PNX359.FRM
PNX360.FRM
PNX361.FRM
PNX362.FRM
TSN2100.FRM
TSN2101.FRM
TSN2102.FRM
TSN2103.FRM
TSN2104.FRM
TSN2105.FRM
TSN2106.FRM
TP200.FRM
TP201.FRM
TP202.FRM
TP203.FRM
TP204.FRM
TP205.FRM
TP206.FRM
TP207.FRM
TP208.FRM
TP209.FRM
TP210.FRM
TP211.FRM
TP212.FRM
TP213.FRM
TP214.FRM
TP215.FRM
TP216.FRM
HER001.FRM
HER002.FRM
HER101.FRM
HER102.FRM
HER103.FRM
HER104.FRM
HER105.FRM
HER106.FRM
HER107.FRM
HER108.FRM
HER109.FRM
HER110.FRM
HER111.FRM
HER112.FRM
HER113.FRM
HER114.FRM
HER115.FRM
HER121.FRM
HER122.FRM
HER123.FRM
HER124.FRM
HER125.FRM
HER126.FRM
HER127.FRM
HER128.FRM
HER201.FRM
HER202.FRM
HER203.FRM
HER204.FRM
HER205.FRM
HER206.FRM
HER207.FRM
HER208.FRM
HER151.FRM
HER152.FRM
HER153.FRM
HER154.FRM
HER155.FRM
HER156.FRM
CURC100.FRM
CURC101.FRM
CURC102.FRM
CURC103.FRM
CURC104.FRM
CURC111.FRM
CURC112.FRM
CURC113.FRM
CURC114.FRM
CURC115.FRM
CURC116.FRM
CURC117.FRM
CURC118.FRM
CURC119.FRM
CURC120.FRM
CURC121.FRM
CURC122.FRM
CURC123.FRM
CURC124.FRM
CURC125.FRM
CURC126.FRM
CURC127.FRM
CURC128.FRM
CURC129.FRM
CURC130.FRM
HER003.FRM
HER004.FRM
CURB311.FRM
GAR5100.FRM
GAR5101.FRM
GAR5102.FRM
GAR5103.FRM
GAR5104.FRM
GAR5105.FRM
GAR5106.FRM
GAR5107.FRM
GAR5108.FRM
GAR5109.FRM
RNGR009.FRM
RNGR010.FRM
RNGR011.FRM
HER300.FRM
HER301.FRM
HER302.FRM
HER303.FRM
HER304.FRM
HER305.FRM
HER306.FRM
HER307.FRM
HER308.FRM
HER309.FRM
HER310.FRM
HER311.FRM
HER312.FRM
HER313.FRM
HER314.FRM
HER315.FRM
HER316.FRM
HER317.FRM
HER318.FRM
PNX370.FRM
PNX371.FRM
PNX372.FRM
PNX373.FRM
PNX374.FRM
PNX375.FRM
PNX376.FRM
PNX377.FRM
PNX378.FRM
PNX379.FRM
PNX380.FRM
PNX381.FRM
PNX382.FRM
PNX383.FRM
PNX384.FRM
PNX385.FRM
PNX386.FRM
PNX387.FRM
PNX388.FRM
PNX389.FRM
PNX390.FRM
PNX391.FRM
PNX392.FRM
PNX393.FRM
PNX394.FRM
PNX395.FRM
PNX396.FRM
PNX397.FRM
PNX398.FRM
PNX399.FRM
PNX400.FRM
PNX401.FRM
PNX402.FRM
PNX500.FRM
PNX501.FRM
PNX502.FRM
PNX503.FRM
PNX504.FRM
PNX505.FRM
PNX506.FRM
PNX507.FRM
PNX508.FRM
PNX509.FRM
PNX510.FRM
PNX511.FRM
PNX512.FRM
PNX513.FRM
PNX514.FRM
PNX515.FRM
PNX516.FRM
PNX517.FRM
PNX518.FRM
PNX519.FRM
PNX520.FRM
PNX521.FRM
PNX522.FRM
PNX523.FRM
PNX524.FRM
PNX525.FRM
PNX526.FRM
PNX527.FRM
PNX528.FRM
PNX529.FRM
SCHL000.FRM
SCHL001.FRM
SCHL002.FRM
SCHL003.FRM
SCHL004.FRM
SCHL005.FRM
SCHL006.FRM
SCHL007.FRM
levl080.FRM
levl081.FRM
levl082.FRM
levl083.FRM
levl084.FRM
levl085.FRM
levl086.FRM
levl087.FRM
levl088.FRM
CG1000.FRM
CG1001.FRM
CG1002.FRM
CG1003.FRM
CG1004.FRM
CG1005.FRM
CG1006.FRM
CG1007.FRM
CG1008.FRM
CG1009.FRM
CG2001.FRM
CG2002.FRM
CG2003.FRM
CG2004.FRM
CG2005.FRM
CG2006.FRM
CG2007.FRM
CG2008.FRM
CG2009.FRM
CG2010.FRM
CG3001.FRM
CG3002.FRM
CG3003.FRM
CG3004.FRM
CG3005.FRM
CG3006.FRM
CG3007.FRM
CG3008.FRM
CG3009.FRM
CG3010.FRM
CG3011.FRM
CG3012.FRM
CG3013.FRM
CG3014.FRM
CG4000.FRM
CG4001.FRM
CG4002.FRM
CG4103.FRM
CG4104.FRM
CG4105.FRM
CG4201.FRM
CG4202.FRM
CG4203.FRM
CG4204.FRM
CG4301.FRM
CG4302.FRM
CG4303.FRM
CG4304.FRM
CG4401.FRM
CG4402.FRM
CG4403.FRM
CG4404.FRM
CG4405.FRM
CG4406.FRM
CG4407.FRM
CG4408.FRM
CG4409.FRM
CG4410.FRM
CG4411.FRM
CG4412.FRM
CG4413.FRM
CG4414.FRM
CG4415.FRM
CG4416.FRM
CG4417.FRM
CG4418.FRM
CG4419.FRM
WROOF17.FRM
CG5000.FRM
CG5001.FRM
CG5002.FRM
CG5003.FRM
CG5004.FRM
CG5005.FRM
CG5006.FRM
CG5007.FRM
CG5008.FRM
CG5009.FRM
CG5010.FRM
CG5011.FRM
CG5012.FRM
CG5013.FRM
CG5014.FRM
CG5015.FRM
CG5016.FRM
CG5017.FRM
CG5018.FRM
CG5019.FRM
CG5020.FRM
CG5021.FRM
CG5022.FRM
CG5023.FRM
CG5024.FRM
CG5025.FRM
CG5026.FRM
CG5027.FRM
CG5028.FRM
CG5029.FRM
CG5030.FRM
CG5031.FRM
CG5032.FRM
CG5033.FRM
CG5034.FRM
CG5035.FRM
CG5036.FRM
CG5037.FRM
CG5038.FRM
CG5039.FRM
CG5040.FRM
CG5041.FRM
CG5100.FRM
CG5101.FRM
CG5102.FRM
CG5103.FRM
CG5104.FRM
CG5105.FRM
CG5106.FRM
CG5107.FRM
CG5108.FRM
CG5109.FRM
CG5110.FRM
CG5111.FRM
CG5112.FRM
CG5113.FRM
CG5114.FRM
CG5115.FRM
CG5116.FRM
WROOF18.FRM
WROOF19.FRM
BIBL000.FRM
BIBL001.FRM
BIBL002.FRM
BIBL003.FRM
BIBL004.FRM
BIBL005.FRM
BIBL006.FRM
BIBL007.FRM
BIBL008.FRM
BIBL009.FRM
BIBL010.FRM
BIBL011.FRM
BIBL012.FRM
BIBL013.FRM
BIBL014.FRM
BIBL015.FRM
BIBL016.FRM
BIBL017.FRM
BIBL018.FRM
BIBL019.FRM
BIBL020.FRM
BIBL021.FRM
BIBL022.FRM
BIBL023.FRM
BIBL024.FRM
BIBL025.FRM
BIBL026.FRM
BIBL027.FRM
BIBL028.FRM
BIBL029.FRM
BIBL030.FRM
BIBL031.FRM
BIBL032.FRM
BIBL033.FRM
BIBL034.FRM
BIBL035.FRM
BIBL036.FRM
BIBL037.FRM
BIBL038.FRM
BIBL039.FRM
BIBL040.FRM
BIBL041.FRM
BIBL042.FRM
BIBL043.FRM
BIBL044.FRM
BIBL045.FRM
INF0000.FRM
INF0001.FRM
INF0002.FRM
INF0003.FRM
INF0004.FRM
INF0005.FRM
INF0006.FRM
INF0007.FRM
INF0008.FRM
INF0009.FRM
INF0010.FRM
INF0011.FRM
INF0012.FRM
INF0013.FRM
INF0014.FRM
INF0015.FRM
INF0016.FRM
INF0017.FRM
INF0018.FRM
INF0019.FRM
INF0020.FRM
INF0021.FRM
INF0022.FRM
INF0023.FRM
INF0024.FRM
INF0025.FRM
INF0026.FRM
INF0027.FRM
INF0028.FRM
INF0029.FRM
INF0030.FRM
INF0031.FRM
PNX600.FRM
PNX601.FRM
PNX602.FRM
PNX603.FRM
PNX604.FRM
PNX605.FRM
PNX606.FRM
PNX607.FRM
PNX608.FRM
PNX609.FRM
PNX610.FRM
PNX611.FRM
PNX612.FRM
PNX613.FRM
PNX614.FRM
PNX615.FRM
PNX616.FRM
PNX617.FRM
PNX618.FRM
PNX619.FRM
PNX620.FRM
PNX621.FRM
PNX622.FRM
PNX623.FRM
PNX624.FRM
PNX625.FRM
PNX626.FRM
PNX627.FRM
PNX628.FRM
PNX629.FRM
PNX630.FRM
PNX631.FRM
PNX632.FRM
PNX633.FRM
PNX634.FRM
PNX635.FRM
PNX636.FRM
PNX637.FRM
PNX638.FRM
PNX639.FRM
PNX640.FRM
PNX641.FRM
PNX642.FRM
PNX643.FRM
PNX644.FRM
PNX645.FRM
PNX646.FRM
PNX647.FRM
PNX648.FRM
PNX649.FRM
PNX650.FRM
PNX651.FRM
PNX652.FRM
PNX653.FRM
PNX654.FRM
PNX655.FRM
PNX656.FRM
PNX657.FRM
PNX658.FRM
PNX659.FRM
PNX660.FRM
PNX661.FRM
PNX662.FRM
PNX663.FRM
PNX664.FRM
PNX665.FRM
PNX666.FRM
HER400.FRM
HER401.FRM
HER402.FRM
HER403.FRM
HER404.FRM
HER405.FRM
HER406.FRM
HER407.FRM
HER408.FRM
HER409.FRM
HER410.FRM
HER411.FRM
HER412.FRM
HER413.FRM
HER414.FRM
HER415.FRM
HER416.FRM
HER417.FRM
HER418.FRM
HER419.FRM
HER420.FRM
HER421.FRM
HER422.FRM
HER423.FRM
HER424.FRM
HER425.FRM
HER426.FRM
HER427.FRM
HER428.FRM
HER429.FRM
HER430.FRM
HER431.FRM
HER432.FRM
HER433.FRM
HER434.FRM
HER435.FRM
HER436.FRM
HER437.FRM
HER438.FRM
HER439.FRM
HER440.FRM
BOS0000.FRM
BOS0001.FRM
BOS0002.FRM
BOS0003.FRM
BOS0004.FRM
BOS0005.FRM
BOS0006.FRM
BOS0007.FRM
BOS0008.FRM
INF0100.FRM
INF0101.FRM
INF0102.FRM
INF0103.FRM
INF0104.FRM
INF0105.FRM
INF0106.FRM
INF0107.FRM
INF0108.FRM
INF0109.FRM
INF0110.FRM
INF0111.FRM
INF0112.FRM
BOS1000.FRM
BOS1001.FRM
BOS1002.FRM
BOS1003.FRM
BOS1004.FRM
BOS1005.FRM
BOS1006.FRM
BOS1007.FRM
BOS1008.FRM
BOS1009.FRM
BOS1010.FRM
BOS1011.FRM
BOS1012.FRM
BOS1013.FRM
BOS1014.FRM
BOS1015.FRM
BOS1020.FRM
BOS1021.FRM
BOS1022.FRM
BOS1023.FRM
BOS1024.FRM
BOS1025.FRM
BOS1026.FRM
BOS1027.FRM
BOS1028.FRM
BOS1029.FRM
BOS1030.FRM
BOS1031.FRM
BOS1032.FRM
BOS1033.FRM
BOS1034.FRM
BOS1035.FRM
BOS1040.FRM
BOS1041.FRM
BOS1042.FRM
BOS1043.FRM
BOS1044.FRM
BOS1045.FRM
BOS1046.FRM
BOS1047.FRM
BOS1048.FRM
BOS1049.FRM
BOS1050.FRM
BOS1051.FRM
BOS1052.FRM
BOS1053.FRM
BOS1054.FRM
BOS1055.FRM
BOS2000.FRM
BOS2001.FRM
BOS2002.FRM
BOS2003.FRM
BOS2004.FRM
BOS2005.FRM
BOS2006.FRM
BOS2007.FRM
BOS2008.FRM
BOS2009.FRM
BOS2010.FRM
BOS1056.FRM
BOS1057.FRM
BOS1058.FRM
BOS1059.FRM
BOS1060.FRM
BOS1061.FRM
BOS1062.FRM
BOS1063.FRM
BOS1064.FRM
BOS1065.FRM
BOS1066.FRM
BOS1067.FRM
BOS1068.FRM
BOS1069.FRM
BOS1070.FRM
BOS1071.FRM
BOS1072.FRM
BOS1073.FRM
BOS1074.FRM
BOS1075.FRM
BOS1076.FRM
BOS1077.FRM
BOS1078.FRM
BOS1079.FRM
BOS1080.FRM
BOS1081.FRM
BOS1082.FRM
BOS1083.FRM
BOS1084.FRM
BOS1085.FRM
BOS1086.FRM
BOS1087.FRM
NUEVO000.FRM
NUEVO001.FRM
NUEVO002.FRM
NUEVO003.FRM
NUEVO004.FRM
NUEVO005.FRM
NUEVO006.FRM
NUEVO007.FRM
NUEVO008.FRM
NUEVO009.FRM
NUEVO010.FRM
NUEVO011.FRM
NUEVO012.FRM
NUEVO013.FRM
NUEVO014.FRM
NUEVO015.FRM
NUEVO016.FRM
NUEVO017.FRM
NUEVO018.FRM
NUEVO019.FRM
NUEVO020.FRM
NUEVO021.FRM
NUEVO022.FRM
NUEVO023.FRM
NUEVO024.FRM
NUEVO025.FRM
NUEVO026.FRM
NUEVO027.FRM
NUEVO028.FRM
NUEVO100.FRM
NUEVO101.FRM
NUEVO102.FRM
NUEVO103.FRM
NUEVO104.FRM
NUEVO106.FRM
NUEVO107.FRM
NUEVO108.FRM
NUEVO109.FRM
NUEVO110.FRM
NUEVO111.FRM
NUEVO112.FRM
NUEVO113.FRM
NUEVO200.FRM
NUEVO201.FRM
NUEVO202.FRM
NUEVO203.FRM
NUEVO204.FRM
NUEVO206.FRM
NUEVO207.FRM
NUEVO208.FRM
NUEVO209.FRM
NUEVO210.FRM
NUEVO211.FRM
NUEVO212.FRM
NUEVO213.FRM
NUEVO214.FRM
NUEVO215.FRM
NUEVO216.FRM
NUEVO217.FRM
NUEVO218.FRM
NUEVO219.FRM
NUEVO220.FRM
NUEVO221.FRM
NUEVO222.FRM
NUEVO223.FRM
NUEVO224.FRM
NUEVO225.FRM
NUEVO226.FRM
NUEVO227.FRM
NUEVO228.FRM
NUEVO229.FRM
NUEVO230.FRM
NUEVO231.FRM
NUEVO232.FRM
NUEVO233.FRM
NUEVO234.FRM
NUEVO235.FRM
NUEVO236.FRM
PNX403.FRM
PNX404.FRM
PNX405.FRM
PNX406.FRM
GAR6000.FRM
GAR6001.FRM
GAR6002.FRM
GAR6003.FRM
GAR6004.FRM
GAR6005.FRM
GAR6006.FRM
GAR6007.FRM
GAR6008.FRM
GAR6009.FRM
GAR6010.FRM
GAR6011.FRM
GAR6012.FRM
GAR6013.FRM
GAR6014.FRM
GAR6015.FRM
GAR6016.FRM
GAR6017.FRM
GAR6018.FRM
GAR6019.FRM
GAR6020.FRM
GAR6021.FRM
GAR6022.FRM
GAR6023.FRM
GAR6024.FRM
GAR6025.FRM
GAR6101.FRM
GAR6102.FRM
GAR6103.FRM
GAR6104.FRM
GAR6105.FRM
GAR6106.FRM
GAR6201.FRM
GAR6202.FRM
GAR6203.FRM
GAR6204.FRM
GAR6205.FRM
GAR6206.FRM
GAR6207.FRM
GAR6208.FRM
GAR6209.FRM
GAR6210.FRM
GAR6211.FRM
GAR6212.FRM
GAR6213.FRM
GAR6214.FRM
GAR6215.FRM
GAR6216.FRM
GAR6217.FRM
GAR6218.FRM
GAR6219.FRM
GAR6220.FRM
GAR6301.FRM
GAR6302.FRM
GAR6303.FRM
GAR6304.FRM
GAR6305.FRM
GAR6306.FRM
GAR6307.FRM
GAR6308.FRM
GAR6309.FRM
GAR6310.FRM
GAR6311.FRM
GAR6312.FRM
GAR6313.FRM
GAR6314.FRM
GAR6315.FRM
GAR6316.FRM
GAR6317.FRM
GAR6318.FRM
GAR6319.FRM
GAR6320.FRM
GAR6321.FRM
GAR6322.FRM
GAR6324.FRM
GAR6325.FRM
GAR6326.FRM
GAR6327.FRM
GAR6328.FRM
GAR6329.FRM
BOS3100.FRM
BOS3101.FRM
BOS3102.FRM
BOS3103.FRM
BOS3104.FRM
BOS3105.FRM
BOS3106.FRM
BOS3107.FRM
BOS3108.FRM
BOS3109.FRM
BOS3110.FRM
BOS3111.FRM
BOS3112.FRM
BOS3201.FRM
BOS3202.FRM
BOS3203.FRM
BOS3204.FRM
BOS3205.FRM
BOS3206.FRM
BOS3207.FRM
BOS3208.FRM
BOS3209.FRM
BOS3210.FRM
BOS3301.FRM
BOS3302.FRM
BOS3303.FRM
BOS3304.FRM
BOS3305.FRM
BOS3306.FRM
BOS3307.FRM
BOS3401.FRM
BOS3402.FRM
BOS3403.FRM
BOS3404.FRM
BOS3405.FRM
BOS3406.FRM
BOS3407.FRM
BOS3408.FRM
BOS3409.FRM
BOS3410.FRM
BOS3411.FRM
BOS3412.FRM
BOS3413.FRM
BOS3501.FRM
BOS3502.FRM
BOS3503.FRM
BOS3504.FRM
BOS3505.FRM
BOS3506.FRM
BOS3507.FRM
BOS3508.FRM
BOS3509.FRM
BOS3510.FRM
BOS3511.FRM
BOS3512.FRM
BOS3513.FRM
BOS3514.FRM
BOS3515.FRM
BOS3516.FRM
BOS3517.FRM
BOS3518.FRM
BOS3519.FRM
BOS3520.FRM
BOS3521.FRM
BOS3522.FRM
BOS3523.FRM
BOS3524.FRM
BOS3525.FRM
BOS3526.FRM
BOS3527.FRM
BOS3528.FRM
BOS3529.FRM
BOS3530.FRM
BOS3531.FRM
BOS3532.FRM
BOS3533.FRM
BOS3534.FRM
BOS3535.FRM
BOS3536.FRM
BOS3537.FRM
BOS3538.FRM
BOS3539.FRM
BOS3540.FRM
BOS3541.FRM
BOS3600.FRM
BOS3601.FRM
BOS3602.FRM
BOS3603.FRM
BOS3604.FRM
BOS3605.FRM
BOS3606.FRM
BOS3607.FRM
BOS3608.FRM
BOS3609.FRM
BOS3610.FRM
BOS3611.FRM
INF0200.FRM
INF0201.FRM
INF0202.FRM
INF0203.FRM
INF0204.FRM
INF0205.FRM
INF0206.FRM
INF0207.FRM
INF0208.FRM
INF0209.FRM
INF0210.FRM
INF0211.FRM
INF0212.FRM
INF0213.FRM
INF0214.FRM
INF0215.FRM
INF0216.FRM
INF0217.FRM
INF0218.FRM
INF0219.FRM
INF0220.FRM
INF0221.FRM
INF0222.FRM
INF0223.FRM
INF0224.FRM
INF0225.FRM
INF0226.FRM
INF0227.FRM
INF0228.FRM
INF0229.FRM
INF0230.FRM
INF0231.FRM
INF0232.FRM
INF0233.FRM
TPCL3100.FRM
TPCL3101.FRM
TPCL3102.FRM
TPCL3103.FRM
TPCL3104.FRM
TPCL3105.FRM
TPCL3106.FRM
TPCL3107.FRM
TPCL3108.FRM
TPCL3109.FRM
TPCL3110.FRM
TPCL3111.FRM
TPCL3112.FRM
TPCL3113.FRM
TPCL3114.FRM
TPCL3115.FRM
BRAH1000.FRM
BRAH1001.FRM
BRAH1002.FRM
BRAH1003.FRM
BRAH1004.FRM
BRAH1005.FRM
BRAH1006.FRM
BRAH1007.FRM
BRAH1008.FRM
BRAH1009.FRM
BRAH1010.FRM
BRAH1011.FRM
BRAH1012.FRM
BRAH1013.FRM
BRAH1014.FRM
BRAH1015.FRM
BRAH1016.FRM
BRAH1017.FRM
BRAH1018.FRM
BRAH1019.FRM
BRAH1020.FRM
BRAH1021.FRM
BRAH1022.FRM
BRAH1023.FRM
BRAH1024.FRM
BRAH1025.FRM
BRAH1026.FRM
BRAH1027.FRM
BRAH1028.FRM
BRAH1029.FRM
BRAH1030.FRM
BRAH1031.FRM
BRAH1032.FRM
BRAH1100.FRM
BRAH1101.FRM
BRAH1102.FRM
BRAH1103.FRM
BRAH1104.FRM
BRAH1105.FRM
BRAH1106.FRM
BRAH1107.FRM
BRAH1108.FRM
BRAH1109.FRM
BRAH1110.FRM
BRAH1111.FRM
BRAH1112.FRM
BRAH1113.FRM
BOS0009.FRM
BOS0010.FRM
BOS0011.FRM
BOS0012.FRM
BOS0015.FRM
BOS0016.FRM
BOS0017.FRM
BOS0018.FRM
BRHM1001.FRM
BRHM1002.FRM
BRHM1003.FRM
BRAH1033.FRM
BRAH1034.FRM
BRAH1035.FRM
BRAH1036.FRM
BRAH1037.FRM
BRAH1038.FRM
BRAH1039.FRM
BRAH1040.FRM
GAR64000.FRM
GAR64001.FRM
GAR64002.FRM
GAR64003.FRM
GAR64004.FRM
GAR64005.FRM
GAR64006.FRM
GAR64007.FRM
GAR64008.FRM
GAR64009.FRM
GAR64010.FRM
GAR64011.FRM
GAR64012.FRM
GAR64013.FRM
GAR64014.FRM
GAR64015.FRM
GAR64016.FRM
GAR64017.FRM
GAR64018.FRM
GAR64019.FRM
GAR64020.FRM
GAR64021.FRM
GAR64022.FRM
GAR64023.FRM
GAR64024.FRM
GAR64025.FRM
GAR64026.FRM
GAR64027.FRM
GAR64028.FRM
GAR64029.FRM
GAR64030.FRM
GAR64031.FRM
GAR64032.FRM
GAR64033.FRM
GAR64034.FRM
GAR64035.FRM
GAR64036.FRM
GAR64037.FRM
GAR64038.FRM
GAR64039.FRM
GAR64040.FRM
BOS0019.FRM
BOS0020.FRM
BOS0021.FRM
BOS0022.FRM
BOS0023.FRM
BOS0024.FRM
BOS0025.FRM
BOS0026.FRM
BOS0027.FRM
BOS0028.FRM
BOS0029.FRM
BOS0030.FRM
BOS0031.FRM
BOS0032.FRM
BOS0033.FRM
BOS0034.FRM
BOS0035.FRM
BOS0036.FRM
BOS0037.FRM
BOS0038.FRM
BOS0039.FRM
BOS0040.FRM
BOS0041.FRM
BOS0042.FRM
BOS0043.FRM
BOS0044.FRM
BOS0045.FRM
BOS0046.FRM
BOS0047.FRM
BOS0048.FRM
BOS0049.FRM
BOS0050.FRM
BOS0051.FRM
BOS0052.FRM
BOS0053.FRM
BOS0054.FRM
BOS0055.FRM
BOS0056.FRM
BOS0057.FRM
BOS0058.FRM
BOS0059.FRM
BOS0060.FRM
BOS0061.FRM
BOS0062.FRM
BOS0063.FRM
BOS0064.FRM
BOS0065.FRM
BOS0066.FRM
BOS0067.FRM
BOS0068.FRM
BOS0069.FRM
BOS0070.FRM
BOS0071.FRM
BOS0072.FRM
BOS0073.FRM
BOS0074.FRM
BOS0075.FRM
BOS0076.FRM
BOS0077.FRM
BOS0078.FRM
BOS0079.FRM
BOS0080.FRM
BOS0081.FRM
BOS0082.FRM
BOS0083.FRM
BOS0084.FRM
HER129.FRM
BOS2011.FRM
BOS2012.FRM
BOS2013.FRM
BOS2014.FRM
BOS2015.FRM
BOS2016.FRM
BOS2017.FRM
BOS2018.FRM
BOS2019.FRM
BOS2020.FRM
BOS2021.FRM
BOS2022.FRM
BOS2023.FRM
BOS2024.FRM
BOS2025.FRM
BOS2026.FRM
BOS2027.FRM
BOS2028.FRM
BOS2029.FRM
BOS2030.FRM
BOS2031.FRM
BOS2032.FRM
BOS2033.FRM
BOS2034.FRM
BOS2035.FRM
BOS2036.FRM
BOS2037.FRM
BOS2038.FRM
BOS2039.FRM
BOS2040.FRM
BOS2041.FRM
BOS2042.FRM
BOS2043.FRM
BOS2044.FRM
BOS2045.FRM
NUEVO250.FRM
NUEVO251.FRM
NUEVO252.FRM
NUEVO253.FRM
NUEVO254.FRM
NUEVO255.FRM
NUEVO256.FRM
NUEVO257.FRM
NUEVO258.FRM
NUEVO259.FRM
NUEVO260.FRM
NUEVO261.FRM
NUEVO262.FRM
NUEVO263.FRM
NUEVO264.FRM
NUEVO265.FRM
NUEVO266.FRM
NUEVO267.FRM
NUEVO268.FRM
NUEVO269.FRM
NUEVO270.FRM
NUEVO271.FRM
NUEVO272.FRM
NUEVO273.FRM
NUEVO274.FRM
NUEVO275.FRM
NUEVO276.FRM
NUEVO277.FRM
BOS0085.FRM
BOS0086.FRM
FELIP001.FRM
FELIP002.FRM
FELIP003.FRM
FELIP004.FRM
FELIP005.FRM
FELIP006.FRM
FELIP007.FRM
FELIP008.FRM
CG6000.FRM
CG6001.FRM
CG6002.FRM
CG6003.FRM
CG6004.FRM
CG6005.FRM
CG6006.FRM
CG6007.FRM
CG6008.FRM
CG6009.FRM
CG6010.FRM
CG6011.FRM
CG6012.FRM
CG6013.FRM
CG6014.FRM
CG6015.FRM
CG6016.FRM
CG6017.FRM
CG6018.FRM
CG6019.FRM
CG6020.FRM
CG6021.FRM
CG6022.FRM
CG6023.FRM
CG6024.FRM
CG6025.FRM
CG6026.FRM
CG6027.FRM
CG6028.FRM
CG6029.FRM
CG6030.FRM
CG6031.FRM
CG6032.FRM
CG6033.FRM
CG6034.FRM
CG6035.FRM
CG6036.FRM
CG6037.FRM
CG6038.FRM
CG6039.FRM
CG6040.FRM
CG6041.FRM
CG6042.FRM
CG6043.FRM
CG6044.FRM
CG6045.FRM
CG6046.FRM
CG6047.FRM
CG6048.FRM
CG6049.FRM
CG6050.FRM
CG6051.FRM
CG6052.FRM
CG6053.FRM
CG6054.FRM
CG6055.FRM
CG6056.FRM
CG6057.FRM
CG6058.FRM
CG6059.FRM
CG6066.FRM
CG6067.FRM
CG6068.FRM
CG6069.FRM
CG6070.FRM
CG6071.FRM
CG6072.FRM
CG6073.FRM
CG6074.FRM
CG6075.FRM
CG6076.FRM
CG6077.FRM
CG6078.FRM
CG6079.FRM
CG6080.FRM
CG6081.FRM
CG6082.FRM
CG6083.FRM
CG6084.FRM
CG6085.FRM
CG6086.FRM
CG6087.FRM
CG6088.FRM
CG6089.FRM
CG6090.FRM
CG6091.FRM
CG6092.FRM
CG6093.FRM
CG6094.FRM
CG6095.FRM
CG6096.FRM
CG6097.FRM
CG6098.FRM
CG6099.FRM
CG6100.FRM
CG6101.FRM
CG6102.FRM
CG6103.FRM
CG6104.FRM
CG6105.FRM
CG6106.FRM
CG6107.FRM
CG6108.FRM
CG6109.FRM
CG6110.FRM
CG6111.FRM
CG6112.FRM
CG6113.FRM
CG6114.FRM
CG6115.FRM
CG6116.FRM
CG6117.FRM
CG6118.FRM
CG6119.FRM
CG6120.FRM
CG6121.FRM
INF0300.FRM
INF0301.FRM
INF0302.FRM
INF0303.FRM
INF0304.FRM
INF0305.FRM
INF0306.FRM
INF0307.FRM
INF0308.FRM
INF0309.FRM
BIBL101.FRM
BIBL102.FRM
BIBL103.FRM
BIBL104.FRM
BIBL105.FRM
BIBL106.FRM
BIBL107.FRM
BIBL108.FRM
BIBL109.FRM
BIBL110.FRM
BIBL111.FRM
BIBL112.FRM
BIBL113.FRM
BIBL114.FRM
BIBL115.FRM
BIBL116.FRM
BIBL117.FRM
BIBL118.FRM
BIBL119.FRM
BIBL120.FRM
BIBL121.FRM
BIBL122.FRM
BIBL123.FRM
BIBL124.FRM
BIBL125.FRM
BIBL126.FRM
BIBL127.FRM
BIBL128.FRM
PNX220.FRM
PNX221.FRM
PNX222.FRM
PNX223.FRM
PNX224.FRM
PNX225.FRM
PNX226.FRM
PNX227.FRM
PNX228.FRM
PNX229.FRM
PNX230.FRM
PNX231.FRM
PNX232.FRM
BIBL200.FRM
BIBL201.FRM
BIBL202.FRM
BIBL203.FRM
BIBL204.FRM
BIBL205.FRM
BIBL206.FRM
BIBL207.FRM
BIBL208.FRM
BIBL209.FRM
BIBL210.FRM
BIBL211.FRM
BIBL212.FRM
BIBL220.FRM
BIBL221.FRM
BIBL222.FRM
BIBL223.FRM
BIBL224.FRM
BIBL225.FRM
BIBL226.FRM
BIBL227.FRM
BIBL228.FRM
BIBL229.FRM
BIBL230.FRM
BIBL231.FRM
BIBL232.FRM
BIBL233.FRM
BIBL234.FRM
BIBL235.FRM
BIBL236.FRM
BIBL237.FRM
BIBL238.FRM
BIBL239.FRM
BIBL240.FRM
BIBL241.FRM
BIBL242.FRM
BIBL243.FRM
BIBL244.FRM
BIBL245.FRM
BIBL246.FRM
BIBL247.FRM
BIBL248.FRM
BIBL249.FRM
BIBL250.FRM
BIBL251.FRM
BIBL252.FRM
BIBL253.FRM
NUEVO300.FRM
NUEVO301.FRM
NUEVO302.FRM
NUEVO303.FRM
NUEVO304.FRM
NUEVO305.FRM
NUEVO306.FRM
NUEVO307.FRM
NUEVO308.FRM
NUEVO309.FRM
NUEVO310.FRM
NUEVO311.FRM
NUEVO312.FRM
NUEVO313.FRM
NUEVO314.FRM
NUEVO315.FRM
NUEVO316.FRM
NUEVO317.FRM
NUEVO318.FRM
NUEVO319.FRM
NUEVO320.FRM
NUEVO321.FRM
NUEVO322.FRM
NUEVO323.FRM
NUEVO324.FRM
NUEVO325.FRM
NUEVO326.FRM
ANA1000.FRM
ANA1001.FRM
ANA1002.FRM
ANA1003.FRM
ANA1004.FRM
ANA1005.FRM
ANA1006.FRM
ANA1007.FRM
ANA1008.FRM
ANA1009.FRM
ANA1010.FRM
ANA1011.FRM
ANA1012.FRM
ANA1013.FRM
ANA1014.FRM
ANA1015.FRM
ANA1016.FRM
ANA1017.FRM
ANA1018.FRM
ANA1019.FRM
ANA1020.FRM
ANA1021.FRM
ANA1022.FRM
ANA1023.FRM
ANA1024.FRM
ANA1025.FRM
ANA1026.FRM
ANA1027.FRM
ANA1028.FRM
ANA1029.FRM
ANA1030.FRM
ANA1031.FRM
ANA1032.FRM
ANA1033.FRM
ANA1034.FRM
ANA1035.FRM
ANA1036.FRM
ANA1037.FRM
ANA1038.FRM
ANA1039.FRM
ANA1040.FRM
ANA1041.FRM
ANA1042.FRM
ANA1101.FRM
ANA1102.FRM
ANA1103.FRM
ANA1104.FRM
ANA1105.FRM
ANA1106.FRM
ANA1107.FRM
ANA1108.FRM
ANA1109.FRM
ANA1110.FRM
ANA1111.FRM
ANA1112.FRM
ANA1113.FRM
ANA1114.FRM
ANA1115.FRM
ANA1116.FRM
ANA1117.FRM
ANA1118.FRM
ANA1119.FRM
ANA1120.FRM
ANA1121.FRM
ANA1122.FRM
ANA1123.FRM
ANA1124.FRM
ANA1125.FRM
ANA1126.FRM
ANA1127.FRM
ANA1128.FRM
ANA1129.FRM
ANA1130.FRM
ANA1131.FRM
ANA1132.FRM
ANA1133.FRM
ANA1134.FRM
ANA1135.FRM
ANA1136.FRM
ANA1137.FRM
ANA1138.FRM
ANA1139.FRM
ANA1140.FRM
ANA1141.FRM
ANA1142.FRM
ANA1143.FRM
ANA1144.FRM
ANA1145.FRM
ANA1146.FRM
ANA1147.FRM
ANA1043.FRM
ANA1044.FRM
ANA2000.FRM
ANA2001.FRM
ANA2002.FRM
ANA2003.FRM
ANA2004.FRM
ANA2005.FRM
ANA2006.FRM
ANA2007.FRM
ANA2008.FRM
ANA2009.FRM
ANA2010.FRM
ANA2011.FRM
ANA2012.FRM
ANA2013.FRM
ANA2014.FRM
ANA2015.FRM
ANA2016.FRM
ANA2017.FRM
ANA2018.FRM
ANA2019.FRM
ANA2020.FRM
ANA2021.FRM
ANA2022.FRM
ANA2023.FRM
ANA2024.FRM
ANA2025.FRM
ANA2026.FRM
ANA2027.FRM
ANA2028.FRM
ANA2029.FRM
ANA2030.FRM
ANA2031.FRM
ANA2032.FRM
ANA2033.FRM
ANA2034.FRM
ANA2035.FRM
ANA2036.FRM
ANA2037.FRM
ANA2038.FRM
ANA2039.FRM
ANA2040.FRM
ANA2041.FRM
ANA2042.FRM
ANA2043.FRM
ANA2044.FRM
ANA2045.FRM
ANA2046.FRM
ANA2047.FRM
ANA2048.FRM
ANA2049.FRM
ANA2050.FRM
ANA2051.FRM
ANA2052.FRM
ANA2053.FRM
ANA2054.FRM
ANA2055.FRM
ANA2056.FRM
ANA2057.FRM
ANA2058.FRM
ANA2059.FRM
ANA2060.FRM
ANA2061.FRM
ANA2062.FRM
ANA2063.FRM
ANA2064.FRM
ANA2065.FRM
ANA2066.FRM
ANA2067.FRM
ANA2068.FRM
ANA2069.FRM
ANA2070.FRM
ANA2071.FRM
ANA2072.FRM
ANA2073.FRM
ANA2074.FRM
ANA2075.FRM
ANA2076.FRM
ANA2077.FRM
ANA2078.FRM
ANA2079.FRM
ANA2080.FRM
ANA2081.FRM
ANA2082.FRM
ANA2083.FRM
ANA2084.FRM
ANA2085.FRM
ANA2086.FRM
ANA2087.FRM
ANA2088.FRM
ANA2089.FRM
ANA2090.FRM
ANA2091.FRM
ANA2092.FRM
ANA2093.FRM
ANA2094.FRM
ANA2095.FRM
ANA2096.FRM
ANA2097.FRM
ANA2098.FRM
ANA2099.FRM
ANA2100.FRM
ANA2101.FRM
ANA2102.FRM
ANA2103.FRM
ANA2104.FRM
ANA2105.FRM
ANA2106.FRM
ANA2107.FRM
ANA2108.FRM
MOTEL001.FRM
MOTEL002.FRM
MOTEL003.FRM
MOTEL004.FRM
MOTEL005.FRM
MOTEL006.FRM
MOTEL007.FRM
DAYG0101.FRM
DAYG0102.FRM
DAYG0103.FRM
DAYG0104.FRM
DAYG0105.FRM
DAYG0106.FRM
DAYG0107.FRM
DAYG0108.FRM
DAYG0109.FRM
DAYG0110.FRM
DAYG0111.FRM
DAYG0112.FRM
DAYG0113.FRM
DAYG0114.FRM
DAYG0115.FRM
DAYG0116.FRM
DAYG0201.FRM
DAYG0202.FRM
DAYG0203.FRM
DAYG0204.FRM
DAYG0205.FRM
DAYG0206.FRM
DAYG0207.FRM
DAYG0208.FRM
DAYG0209.FRM
DAYG0210.FRM
DAYG0211.FRM
DAYG0212.FRM
DAYG0213.FRM
DAYG0214.FRM
DAYG0215.FRM
DAYG0301.FRM
DAYG0302.FRM
DAYG0303.FRM
DAYG0304.FRM
DAYG0305.FRM
DAYG0306.FRM
DAYG0307.FRM
DAYG0308.FRM
DAYG0309.FRM
DAYG0310.FRM
DAYG0311.FRM
DAYG0312.FRM
DAYG0313.FRM
DAYG0401.FRM
DAYG0402.FRM
DAYG0403.FRM
DAYG0404.FRM
DAYG0405.FRM
DAYG0406.FRM
DAYG0407.FRM
DAYG0408.FRM
DAYG0409.FRM
DAYG0410.FRM
DAYG0411.FRM
DAYG0412.FRM
DAYG0501.FRM
DAYG0502.FRM
DAYG0503.FRM
DAYG0504.FRM
DAYG0505.FRM
DAYG0506.FRM
DAYG0507.FRM
DAYG0508.FRM
DAYG0509.FRM
DAYG0510.FRM
DAYG0601.FRM
DAYG0602.FRM
DAYG0603.FRM
DAYG0604.FRM
DAYG0605.FRM
DAYG0606.FRM
DAYG0607.FRM
DAYG0608.FRM
DAYG0609.FRM
DAYG0701.FRM
DAYG0702.FRM
DAYG0703.FRM
DAYG0704.FRM
DAYG0705.FRM
DAYG0706.FRM
DAYG0707.FRM
JRT3000.FRM
JRT3002.FRM
JRT3003.FRM
JRT3005.FRM
JRT3006.FRM
JRT3007.FRM
DAYG0800.FRM
DAYG0801.FRM
DAYG0802.FRM
DAYG0803.FRM
DAYG0804.FRM
DAYG0805.FRM
DAYG0810.FRM
DAYG0811.FRM
DAYG0812.FRM
DAYG0813.FRM
DAYG0814.FRM
DAYG0815.FRM
DAYG0816.FRM
DAYG0817.FRM
DAYG0818.FRM
DAYG0819.FRM
DAYG0820.FRM
DAYG0821.FRM
DAYG0413.FRM
DAYG0414.FRM
GAR2015.FRM
GAR2016.FRM
GAR2017.FRM
BOS1088.FRM
BOS1089.FRM
DAYG0901.FRM
DAYG0902.FRM
DAYG0903.FRM
DAYG0904.FRM
DAYG0905.FRM
DAYG0906.FRM
DAYG0907.FRM
DAYG0908.FRM
INF0401.FRM
INF0402.FRM
INF0403.FRM
INF0404.FRM
INF0405.FRM
INF0406.FRM
INF0407.FRM
INF0408.FRM
INF0409.FRM
INF0410.FRM
INF0411.FRM
INF0412.FRM
DAYG0911.FRM
DAYG0912.FRM
DAYG0913.FRM
DAYG0914.FRM
DAYG0915.FRM
DAYG0916.FRM
DAYG0917.FRM
DAYG0918.FRM
DAYG0919.FRM
DAYG0920.FRM
DAYG0921.FRM
DAYG0922.FRM
DAYG0923.FRM
DAYG0924.FRM
DAYG0925.FRM
DAYG0926.FRM
DAYG0927.FRM
DAYG0928.FRM
DAYG0929.FRM
DAYG0930.FRM
DAYG0965.FRM
DAYG0931.FRM
DAYG0932.FRM
DAYG0933.FRM
DAYG0934.FRM
DAYG0935.FRM
DAYG0936.FRM
DAYG0937.FRM
DAYG0938.FRM
DAYG0939.FRM
DAYG0940.FRM
DAYG0941.FRM
DAYG0942.FRM
DAYG0943.FRM
DAYG0944.FRM
DAYG0945.FRM
DAYG0946.FRM
DAYG0947.FRM
DAYG0948.FRM
DAYG0949.FRM
DAYG0950.FRM
DAYG0951.FRM
DAYG0952.FRM
DAYG0953.FRM
DAYG0954.FRM
DAYG0955.FRM
DAYG0956.FRM
DAYG0957.FRM
DAYG0958.FRM
DAYG0959.FRM
DAYG0960.FRM
DAYG0961.FRM
DAYG0962.FRM
DAYG0963.FRM
DAYG0964.FRM
DAYG0966.FRM
RNGR101.FRM
RNGR102.FRM
RNGR103.FRM
RNGR104.FRM
RNGR105.FRM
RNGR106.FRM
RNGR107.FRM
RNGR108.FRM
RNGR109.FRM
RNGR110.FRM
RNGR111.FRM
RNGR112.FRM
RNGR113.FRM
RNGR114.FRM
RNGR115.FRM
RNGR116.FRM
RNGR117.FRM
RNGR118.FRM
DAYG0967.FRM
DAYG0968.FRM
DAYG0969.FRM
DAYG0970.FRM
DAYG0971.FRM
DAYG0972.FRM
BRAH1200.FRM
BRAH1201.FRM
BRAH1202.FRM
BRAH1203.FRM
BRAH1204.FRM
BRAH1205.FRM
BRAH1206.FRM
BRAH1207.FRM
BRAH1208.FRM
BRAH1209.FRM
BRAH1210.FRM
BRAH1211.FRM
BRAH1212.FRM
BRAH1213.FRM
BRAH1214.FRM
BRAH1215.FRM
BRAH1216.FRM
BRAH1217.FRM
BRAH1218.FRM
BRAH1219.FRM
BRAH1220.FRM
BRAH1221.FRM
BRAH1222.FRM
BRAH1223.FRM
BRAH1224.FRM
BRAH1225.FRM
BRAH1226.FRM
BRAH1227.FRM
BRAH1228.FRM
BRAH1229.FRM
BRAH1230.FRM
BRAH1231.FRM
BRAH1232.FRM
BRAH1233.FRM
BRAH1234.FRM
BRAH1235.FRM
BRAH1236.FRM
BRAH1237.FRM
BRAH1238.FRM
BRAH1239.FRM
BRAH1240.FRM
BRAH1241.FRM
BRAH1242.FRM
BRAH1243.FRM
BRAH1244.FRM
BRAH1245.FRM
BRAH1246.FRM
BRAH1247.FRM
BRAH1248.FRM
BRAH1249.FRM
BRAH1250.FRM
BRAH1251.FRM
BRAH1252.FRM
BRAH1253.FRM
BRAH1254.FRM
BRAH1255.FRM
BRAH1256.FRM
BRAH1257.FRM
BRAH1258.FRM
BRAH1259.FRM
BRAH1260.FRM
BRAH1261.FRM
BRAH1262.FRM
BRAH1263.FRM
BRAH1264.FRM
BRAH1265.FRM
BRAH1266.FRM
BRAH1267.FRM
BRAH1268.FRM
BRAH1269.FRM
BRAH1270.FRM
BRAH1271.FRM
BRAH1300.FRM
BRAH1301.FRM
BRAH1302.FRM
BRAH1303.FRM
BRAH1304.FRM
BRAH1305.FRM
BRAH1306.FRM
BRAH1307.FRM
BRAH1308.FRM
BRAH1309.FRM
BRAH1310.FRM
BRAH1311.FRM
BRAH1312.FRM
BRAH1313.FRM
BRAH1314.FRM
BRAH1315.FRM
BRAH1316.FRM
BRAH1317.FRM
BRAH1400.FRM
BRAH1401.FRM
BRAH1402.FRM
BRAH1403.FRM
BRAH1404.FRM
BRAH1405.FRM
BRAH1406.FRM
BRAH1407.FRM
BRAH1408.FRM
BRAH1409.FRM
BRAH1410.FRM
BRAH1411.FRM
BRAH1412.FRM
BRAH1413.FRM
BRAH1414.FRM
BRAH1415.FRM
BRAH1416.FRM
BRAH1417.FRM
BRAH1418.FRM
BRAH1419.FRM
BRAH1420.FRM
BRAH1421.FRM
BRAH1422.FRM
BRAH1423.FRM
BRAH1424.FRM
BRAH1425.FRM
BRAH1426.FRM
BRAH1427.FRM
BRAH1428.FRM
BRAH1429.FRM
BRAH1430.FRM
BRAH1431.FRM
BRAH1432.FRM
BRAH1433.FRM
BRAH1434.FRM
BRAH1435.FRM
BRAH1436.FRM
BRAH1437.FRM
BRAH1438.FRM
BRAH1439.FRM
BRAH1440.FRM
BRAH1441.FRM
BRAH1442.FRM
BRAH1443.FRM
BRAH1444.FRM
BRAH1445.FRM
BRAH1446.FRM
BRAH1447.FRM
BRAH1448.FRM
BRAH1449.FRM
BRAH1450.FRM
BRAH1451.FRM
BRAH1452.FRM
BRAH1453.FRM
BRAH1454.FRM
BRAH1455.FRM
BRAH1500.FRM
BRAH1501.FRM
BRAH1502.FRM
BRAH1503.FRM
BRAH1504.FRM
BRAH1505.FRM
BRAH1506.FRM
BRAH1507.FRM
BRAH1508.FRM
BRAH1509.FRM
BRAH1510.FRM
BRAH1511.FRM
BRAH1512.FRM
BRAH1513.FRM
BRAH1514.FRM
BRAH1515.FRM
BRAH1516.FRM
BRAH1517.FRM
BRAH1518.FRM
BRAH1601.FRM
BRAH1602.FRM
BRAH1603.FRM
BOS1100.FRM
BOS1101.FRM
BOS1102.FRM
BOS1103.FRM
BOS1104.FRM
BOS1105.FRM
BOS1106.FRM
BOS1107.FRM
BOS1108.FRM
BOS1109.FRM
BOS1110.FRM
BOS1111.FRM
BOS1112.FRM
BOS1113.FRM
BOS1114.FRM
BOS1115.FRM
BOS1116.FRM
BOS1117.FRM
BOS1118.FRM
BOS1119.FRM
BOS1120.FRM
BOS1121.FRM
BOS1122.FRM
BOS1123.FRM
BOS1124.FRM
BOS1125.FRM
BOS1126.FRM
FELIP030.FRM
FELIP031.FRM
FELIP032.FRM
FELIP033.FRM
FELIP034.FRM
FELIP035.FRM
FELIP036.FRM
FELIP037.FRM
FELIP038.FRM
FELIP010.FRM
FELIP011.FRM
FELIP012.FRM
FELIP013.FRM
FELIP014.FRM
FELIP015.FRM
FELIP016.FRM
FELIP017.FRM
FELIP018.FRM
FELIP019.FRM
FELIP020.FRM
FELIP021.FRM
FELIP022.FRM
DAYG0973.FRM
DAYG0974.FRM
DAYG0975.FRM
DAYG0976.FRM
DAYG0977.FRM
DAYG0978.FRM
DAYG0979.FRM
DAYG0980.FRM
DAYG0981.FRM
DAYG0982.FRM
DAYG0983.FRM
DAYG1000.FRM
DAYG1001.FRM
DAYG1002.FRM
DAYG1003.FRM
DAYG1004.FRM
DAYG1005.FRM
DAYG1006.FRM
DAYG1007.FRM
DAYG1008.FRM
DAYG1009.FRM
DAYG1100.FRM
DAYG1101.FRM
DAYG1102.FRM
DAYG1103.FRM
DAYG1104.FRM
DAYG1105.FRM
DAYG1106.FRM
DAYG1107.FRM
DAYG1108.FRM
DAYG1109.FRM
DAYG1110.FRM
DAYG1111.FRM
DAYG1112.FRM
DAYG1113.FRM
DAYG1114.FRM
DAYG1120.FRM
DAYG1121.FRM
DAYG1122.FRM
DAYG1123.FRM
DAYG1124.FRM
DAYG1125.FRM
DAYG1126.FRM
DAYG1127.FRM
DAYG1128.FRM
DAYG1129.FRM
DAYG1130.FRM
DAYG1131.FRM
DAYG1132.FRM
DAYG1133.FRM
DAYG1140.FRM
DAYG1141.FRM
DAYG1142.FRM
DAYG1143.FRM
DAYG1144.FRM
DAYG1145.FRM
DAYG1146.FRM
DAYG1147.FRM
DAYG1148.FRM
DAYG1149.FRM
DAYG1151.FRM
DAYG1152.FRM
DAYG1153.FRM
DAYG1154.FRM
DAYG1155.FRM
DAYG1156.FRM
DAYG1157.FRM
DAYG1158.FRM
DAYG1159.FRM
DAYG1200.FRM
DAYG1201.FRM
DAYG1202.FRM
DAYG1203.FRM
DAYG1204.FRM
DAYG1205.FRM
DAYG1206.FRM
DAYG1207.FRM
DAYG1208.FRM
DAYG1209.FRM
DAYG1210.FRM
DAYG1211.FRM
DAYG1212.FRM
DAYG1213.FRM
DAYG1214.FRM
DAYG1215.FRM
DAYG1216.FRM
DAYG1217.FRM
DAYG1218.FRM
DAYG1219.FRM
DAYG1220.FRM
DAYG1221.FRM
DAYG1222.FRM
DAYG1223.FRM
DAYG1224.FRM
DAYG1225.FRM
DAYG1226.FRM
DAYG1227.FRM
DAYG1228.FRM
DAYG1229.FRM
DAYG1230.FRM
DAYG1231.FRM
DAYG1232.FRM
DAYG1233.FRM
DAYG1234.FRM
DAYG1235.FRM
DAYG1236.FRM
DAYG1237.FRM
DAYG1238.FRM
MOTEL100.FRM
MOTEL101.FRM
MOTEL102.FRM
MOTEL103.FRM
MOTEL104.FRM
MOTEL105.FRM
MOTEL106.FRM
MOTEL107.FRM
MOTEL108.FRM
MOTEL109.FRM
MOTEL110.FRM
MOTEL111.FRM
MOTEL112.FRM
MOTEL113.FRM
MOTEL114.FRM
MOTEL115.FRM
MOTEL116.FRM
MOTEL117.FRM
MOTEL118.FRM
MOTEL119.FRM
MOTEL120.FRM
MOTEL121.FRM
MOTEL122.FRM
MOTEL123.FRM
MOTEL124.FRM
MOTEL125.FRM
MOTEL126.FRM
MOTEL127.FRM
MOTEL128.FRM
MOTEL129.FRM
MOTEL130.FRM
MOTEL131.FRM
MOTEL132.FRM
MOTEL133.FRM
CABR0001.FRM
CABR0002.FRM
DAYG1239.FRM
DAYG1240.FRM
DAYG1241.FRM
DAYG1242.FRM
DAYG1243.FRM
DAYG1244.FRM
DAYG1245.FRM
DAYG1300.FRM
DAYG1301.FRM
DAYG1302.FRM
DAYG1303.FRM
DAYG1304.FRM
DAYG1305.FRM
DAYG1306.FRM
DAYG1307.FRM
DAYG1308.FRM
DAYG1309.FRM
DAYG1310.FRM
DAYG1311.FRM
DAYG1312.FRM
DAYG1313.FRM
DAYG1314.FRM
DAYG1315.FRM
DAYG1316.FRM
DAYG1317.FRM
DAYG1318.FRM
DAYG1319.FRM
DAYG1320.FRM
DAYG1321.FRM
DAYG1322.FRM
DAYG1323.FRM
DAYG1324.FRM
DAYG1325.FRM
DAYG1326.FRM
DAYG1327.FRM
DAYG1328.FRM
DAYG1329.FRM
DAYG1330.FRM
DAYG1331.FRM
DAYG1332.FRM
DAYG1333.FRM
DAYG1334.FRM
DAYG1335.FRM
DAYG1336.FRM
DAYG1337.FRM
DAYG1338.FRM
DAYG1339.FRM
DAYG1340.FRM
DAYG1341.FRM
DAYG1342.FRM
DAYG1343.FRM
DAYG1344.FRM
DAYG1345.FRM
DAYG1346.FRM
DAYG1347.FRM
DAYG1348.FRM
DAYG1349.FRM
DAYG1350.FRM
DAYG1351.FRM
DAYG1352.FRM
DAYG1353.FRM
DAYG1354.FRM
DAYG1355.FRM
DAYG1356.FRM
DAYG1357.FRM
DAYG1358.FRM
DAYG1359.FRM
DAYG1360.FRM
DAYG1361.FRM
DAYG1362.FRM
DAYG1363.FRM
DAYG1364.FRM
DAYG1365.FRM
DAYG1366.FRM
DAYG1367.FRM
DAYG1368.FRM
DAYG1369.FRM
DAYG1370.FRM
DAYG1371.FRM
DAYG1372.FRM
DAYG1373.FRM
DAYG1380.FRM
DAYG1381.FRM
DAYG1382.FRM
DAYG1383.FRM
DAYG1384.FRM
DAYG1385.FRM
DAYG1386.FRM
DAYG1387.FRM
DAYG1388.FRM
DAYG1389.FRM
DAYG1390.FRM
DAYG1391.FRM
DAYG1392.FRM
DAYG1393.FRM
DAYG1394.FRM
DAYG1395.FRM
DAYG1396.FRM
DAYG1397.FRM
DAYG1400.FRM
DAYG1401.FRM
DAYG1402.FRM
DAYG1403.FRM
DAYG1404.FRM
DAYG1405.FRM
DAYG1406.FRM
DAYG1410.FRM
DAYG1411.FRM
DAYG1412.FRM
DAYG1413.FRM
DAYG1414.FRM
DAYG1415.FRM
DAYG1416.FRM
DAYG1417.FRM
DAYG1418.FRM
DAYG1419.FRM
DAYG1420.FRM
DAYG1421.FRM
DAYG1422.FRM
DAYG1423.FRM
DAYG1424.FRM
DAYG1425.FRM
DAYG1426.FRM
DAYG1427.FRM
DAYG1428.FRM
DAYG1429.FRM
DAYG1430.FRM
DAYG1431.FRM
DAYG1432.FRM
DAYG1450.FRM
DAYG1451.FRM
DAYG1452.FRM
DAYG1453.FRM
DAYG1454.FRM
DAYG1455.FRM
DAYG1456.FRM
DAYG1457.FRM
DAYG1458.FRM
DAYG1459.FRM
DAYG1460.FRM
DAYG1461.FRM
CABR0003.FRM
CABR0004.FRM
CABR0005.FRM
CABR0006.FRM
CABR0007.FRM
CABR0008.FRM
CABR0009.FRM
CABR0010.FRM
CABR0011.FRM
CABR0012.FRM
CABR0013.FRM
CABR0014.FRM
CABR0020.FRM
CABR0021.FRM
CABR0022.FRM
CABR0023.FRM
CABR0024.FRM
CABR0025.FRM
CABR0026.FRM
CABR0027.FRM
CABR0028.FRM
CABR0029.FRM
CABR0100.FRM
CABR0101.FRM
CABR0102.FRM
CABR0103.FRM
CABR0104.FRM
CABR0105.FRM
CABR0106.FRM
CABR0107.FRM
CABR0108.FRM
CABR0109.FRM
CABR0110.FRM
CABR0111.FRM
CABR0112.FRM
CABR0113.FRM
CABR0114.FRM
CABR0115.FRM
CABR0116.FRM
CABR0117.FRM
CABR0118.FRM
CABR0119.FRM
CABR0120.FRM
CABR0121.FRM
CABR0200.FRM
CABR0201.FRM
CABR0202.FRM
CABR0203.FRM
CABR0204.FRM
CABR0205.FRM
CABR0206.FRM
CABR0207.FRM
CABR0208.FRM
CABR0209.FRM
CABR0210.FRM
CABR0211.FRM
CABR0212.FRM
CABR0213.FRM
CABR0214.FRM
CABR0215.FRM
CABR0216.FRM
CABR0217.FRM
CABR0218.FRM
CABR0219.FRM
CABR0220.FRM
CABR0221.FRM
CABR0222.FRM
INF1000.FRM
INF1001.FRM
INF1002.FRM
INF1003.FRM
INF1004.FRM
INF1005.FRM
INF1006.FRM
INF1007.FRM
INF1008.FRM
INF1009.FRM
INF1010.FRM
INF1011.FRM
INF1012.FRM
INF1013.FRM
INF1014.FRM
INF1015.FRM
INF1016.FRM
INF1017.FRM
INF1018.FRM
INF1019.FRM
INF1020.FRM
INF1021.FRM
INF1022.FRM
INF1023.FRM
INF1024.FRM
INF1025.FRM
INF1026.FRM
INF1027.FRM
INF1028.FRM
INF1029.FRM
INF1030.FRM
INF1031.FRM
INF1032.FRM
INF1033.FRM
INF1034.FRM
INF1035.FRM
INF1036.FRM
INF1037.FRM
INF1038.FRM
INF1039.FRM
INF1040.FRM
INF1041.FRM
INF1042.FRM
INF1043.FRM
INF1044.FRM
INF1045.FRM
INF1046.FRM
INF1047.FRM
INF1048.FRM
INF1049.FRM
INF1050.FRM
INF1051.FRM
INF1052.FRM
INF1053.FRM
INF1054.FRM
INF1055.FRM
INF1056.FRM
INF1057.FRM
INF1058.FRM
INF1059.FRM
INF1060.FRM
INF1061.FRM
INF1062.FRM
INF1063.FRM
INF1064.FRM
INF1065.FRM
INF1066.FRM
INF1067.FRM
INF1068.FRM
INF1069.FRM
INF1070.FRM
INF1071.FRM
INF1072.FRM
INF1073.FRM
INF1074.FRM
INF1075.FRM
INF1076.FRM
INF1077.FRM
INF1078.FRM
INF1079.FRM
INF1080.FRM
INF1081.FRM
INF1082.FRM
INF1083.FRM
INF1084.FRM
INF1085.FRM
INF1086.FRM
INF1087.FRM
INF1088.FRM
INF1089.FRM
INF1090.FRM
INF1091.FRM