reserved.FRM
block.FRM
empxpld.FRM
exp.FRM
knife.FRM
lazrpis.FRM
plasmab.FRM
plazpis.FRM
plzmrif.FRM
rocket.FRM
roktxpd.FRM
rscorpbl.FRM
scrblk.FRM
spear.FRM
elect.FRM
explodeb.FRM
explodeg.FRM
exitgrd1.FRM
exitgrd2.FRM
exitgrd3.FRM
exitgrd4.FRM
exitgrd5.FRM
exitgrd6.FRM
exitgrd7.FRM
exitgrd8.FRM
trnblk.FRM
fthro.FRM
grndtro.FRM
rockthro.FRM
expa.FRM
expb.FRM
expp.FRM
molotov.FRM
ext2grd1.FRM
ext2grd2.FRM
ext2grd3.FRM
ext2grd4.FRM
ext2grd5.FRM
ext2grd6.FRM
ext2grd7.FRM
ext2grd8.FRM
ext3grd1.FRM
ext3grd2.FRM
ext3grd3.FRM
ext3grd4.FRM
ext3grd5.FRM
ext3grd6.FRM
ext3grd7.FRM
ext3grd8.FRM
cavtrap1.FRM
cavtrap2.FRM
cavtrap3.FRM
robtrock.FRM
kpow1.FRM
plntspik.FRM
pball2.FRM
LINE01.FRM
LINE02.FRM
poison.FRM
RAILGUN.FRM