1341
AMMO.ACM
30690
5010
2
ANIMAL.ACM
146880
29140
4
ANIMAL1.ACM
127888
30831
6
ARMRCMBT.ACM
20502
4965
8
ARMRLTH.ACM
32672
5508
10
ARMRMAX.ACM
35036
8007
12
ARMRMTL.ACM
20374
4544
14
ARMRPWR.ACM
18712
4472
16
ARMRROBE.ACM
33288
7235
18
BANGPIP1.ACM
141940
34397
20
BANGPIPE.ACM
140484
33738
22
BATS.ACM
132262
31560
24
BATS1.ACM
114758
27762
26
BATTERY.ACM
29472
4425
28
BEER.ACM
27928
4198
30
BELLBOX1.ACM
132744
29352
32
BELLBOX2.ACM
132960
30642
34
BELLTOL1.ACM
119924
26974
36
BELLTOL2.ACM
113616
24477
38
BIGWIN.ACM
108858
27821
40
BIGWIN1.ACM
108812
27815
42
BLANK.ACM
93704
9013
44
BOOK.ACM
22350
2480
46
BOXBIG1.ACM
24914
2670
48
BOXBIG2.ACM
24914
2670
50
BOXSML.ACM
22350
2480
52
BOXWPN.ACM
38698
6578
54
BRDCHIR1.ACM
119018
29323
56
BRDCHIRP.ACM
118974
29065
58
BRDSWELL.ACM
63452
15468
60
BUTIN1.ACM
10762
2526
62
BUTIN2.ACM
4320
1328
64
BUTIN3.ACM
4850
1474
66
BUTIN4.ACM
4320
1328
68
BUTOUT1.ACM
7388
1749
70
BUTOUT2.ACM
5824
1851
72
BUTOUT3.ACM
11518
2405
74
BUTOUT4.ACM
5824
1851
76
CAMERA.ACM
128624
32811
78
CARREPAR.ACM
137300
33774
80
CARSTART.ACM
132348
33122
82
CENSOR.ACM
40082
10161
84
CHEMICA1.ACM
113172
25895
86
CHEMICAL.ACM
109064
24139
88
CHIMES.ACM
106760
24163
90
CHIMES1.ACM
111468
25386
92
CLANG.ACM
105526
25292
94
CLANG1.ACM
112446
26403
96
CLANK.ACM
101842
23175
98
CLANK1.ACM
108848
24332
100
COOLANT.ACM
121758
28977
102
CRANE.ACM
101684
25369
104
CRICKET.ACM
98824
17138
106
CRICKET1.ACM
83634
11180
108
DICE.ACM
70820
17544
110
DICE1.ACM
35748
8624
112
DOGBARK.ACM
112662
24181
114
DOGBARK1.ACM
105890
21413
116
DOGBARK2.ACM
99018
21359
118
DRUNKLA1.ACM
111748
26833
120
DRUNKLAF.ACM
104666
25473
122
DYNAMITE.ACM
26696
4042
124
ELECPIC.ACM
29432
4775
126
ELECTRI1.ACM
113390
27484
128
ELECTRIC.ACM
118376
28618
130
ELEVATO1.ACM
155102
36296
132
ELEVATOR.ACM
146952
34746
134
ELV1_1.ACM
201348
48579
136
ELV1_2.ACM
100394
23743
138
ELV1_3.ACM
87280
20649
140
ELV2_3.ACM
155066
33128
142
FIXSTILL.ACM
128986
28663
144
FLARE.ACM
29472
4425
146
FLRTRAP.ACM
12910
3526
148
FOOTSTE1.ACM
131794
16290
150
FOOTSTEP.ACM
123598
12657
152
GEIGER.ACM
29432
4775
154
GERNADE.ACM
24450
2730
156
GNTLWIN1.ACM
113386
24971
158
GNTLWIND.ACM
114964
26952
160
GUSTWIN1.ACM
121948
28998
162
GUSTWIND.ACM
125760
29883
164
HFXXXXAA.ACM
104034
26227
166
HFXXXXAO.acm
24478
6133
168
HFXXXXAP.acm
19616
5084
170
HFXXXXBA.ACM
49238
12424
172
HFXXXXBB.ACM
48132
12307
174
HFXXXXBD.ACM
106264
26374
176
HFXXXXBE.ACM
67068
17391
178
HFXXXXBF.ACM
117478
29600
180
HFXXXXBG.ACM
123176
31157
182
HFXXXXBH.ACM
70838
18351
184
HFXXXXBI.ACM
73354
18244
186
HFXXXXBK.ACM
151670
38036
188
HFXXXXBM.ACM
83830
21256
190
HFXXXXCH.ACM
73730
18564
192
HFXXXXCJ.ACM
84690
21503
194
HFXXXXDE.ACM
17572
4894
196
HFXXXXED.ACM
42310
10048
198
HFXXXXEE.ACM
27984
7119
200
HFXXXXFE.ACM
28196
6954
202
HFXXXXGE.ACM
27882
6986
204
HFXXXXHD.ACM
16522
4236
206
HFXXXXHE.ACM
26526
7053
208
HFXXXXIE.ACM
25506
6846
210
HFXXXXJE.ACM
27344
7031
212
HFXXXXKE.ACM
33738
9081
214
HFXXXXLE.ACM
32668
8204
216
HFXXXXMA.ACM
42994
11227
218
HFXXXXME.ACM
31060
8028
220
HFXXXXYA.ACM
43970
11210
222
HFXXXXYB.ACM
46692
11759
224
HFXXXXZA.ACM
46262
12018
226
HFXXXXZB.ACM
47912
12032
228
HMGZMOHD.ACM
58026
14364
230
HMXXXXAA.ACM
70066
17647
232
HMXXXXAE.ACM
105052
26311
234
HMXXXXAN.acm
24038
5613
236
HMXXXXAO.acm
25652
6983
238
HMXXXXAP.acm
20180
5069
240
HMXXXXAQ.acm
25258
5093
242
HMXXXXAR.acm
39334
9630
244
HMXXXXBA.ACM
48902
12291
246
HMXXXXBB.ACM
50022
12554
248
HMXXXXBD.ACM
107098
27734
250
HMXXXXBE.ACM
68410
17253
252
HMXXXXBF.acm
114842
28790
254
HMXXXXBG.acm
93916
23627
256
HMXXXXBH.ACM
77318
19181
258
HMXXXXBI.ACM
74582
18601
260
HMXXXXBJ.ACM
64846
15866
262
HMXXXXBK.ACM
153248
38711
264
HMXXXXBL.ACM
63980
15760
266
HMXXXXBM.ACM
86834
21764
268
HMXXXXBN.ACM
89654
22293
270
HMXXXXCH.ACM
79598
20442
272
HMXXXXCJ.ACM
84330
21526
274
HMXXXXDA.ACM
62988
14793
276
HMXXXXDC.ACM
21782
5773
278
HMXXXXDD.ACM
23942
6062
280
HMXXXXDE.ACM
21084
5902
282
HMXXXXEA.ACM
56072
13042
284
HMXXXXEC.ACM
37892
9391
286
HMXXXXED.ACM
42310
10048
288
HMXXXXEE.ACM
29160
8064
290
HMXXXXFA.ACM
88228
20849
292
HMXXXXFC.ACM
41618
10754
294
HMXXXXFD.ACM
42310
10048
296
HMXXXXFE.ACM
34928
9123
298
HMXXXXGA.ACM
56086
13976
300
HMXXXXGC.ACM
34192
9125
302
HMXXXXGD.ACM
57768
14724
304
HMXXXXGE.ACM
33062
8720
306
HMXXXXHA.ACM
21878
6099
308
HMXXXXHC.ACM
21950
5894
310
HMXXXXHD.ACM
60426
15087
312
HMXXXXHE.ACM
25850
7137
314
HMXXXXIA.ACM
72658
17690
316
HMXXXXIC.acm
37452
9820
318
HMXXXXID.acm
58692
15137
320
HMXXXXIE.ACM
26486
7038
322
HMXXXXJA.ACM
85700
21351
324
HMXXXXJC.ACM
33784
9002
326
HMXXXXJD.ACM
33066
8915
328
HMXXXXJE.ACM
31466
8130
330
HMXXXXKA.ACM
106934
20407
332
HMXXXXKC.ACM
58946
15080
334
HMXXXXKD.ACM
58948
15180
336
HMXXXXKE.ACM
35824
9180
338
HMXXXXLC.acm
45496
12171
340
HMXXXXLD.acm
37658
10015
342
HMXXXXLE.ACM
41408
11052
344
HMXXXXMA.ACM
42994
11227
346
HMXXXXMC.ACM
49382
12486
348
HMXXXXMD.ACM
67638
14889
350
HMXXXXME.ACM
32968
8571
352
HMXXXXYA.ACM
74768
18793
354
HMXXXXYB.ACM
46360
11992
356
HMXXXXZA.acm
47592
12138
358
HMXXXXZB.ACM
47886
12122
360
HMXXXXZQ.acm
46266
11190
362
HMXXXXZR.acm
50572
12308
364
HOLODISK.ACM
24450
2730
366
HOWITZER.ACM
132956
30719
368
IACCUXX1.ACM
29004
6609
370
IB1LU1X1.ACM
7388
1749
372
IB1P1XX1.ACM
3032
1029
374
IB2LU1X1.ACM
9928
2399
376
IB2P1XX1.ACM
4320
1328
378
IB3LU1X1.ACM
11518
2405
380
IB3P1XX1.ACM
4850
1474
382
ICCNTNRA.ACM
21404
3868
384
ICCNTNRB.ACM
53516
11579
386
ICCNTNRC.ACM
13092
3835
388
ICCNTNRD.ACM
12692
3437
390
ICCNTNRE.ACM
116768
19366
392
ICIBCXX1.ACM
60014
13157
394
ICIBOXX1.ACM
67010
13472
396
ICOMBAT1.ACM
28288
4393
398
ICOMBAT2.ACM
25376
3591
400
ICSXXXX1.ACM
23814
5278
402
IISXXXX1.ACM
11364
2871
404
ILCNTNRA.ACM
27736
6914
406
ILCNTNRB.ACM
39868
10063
408
ILCNTNRC.ACM
33522
9146
410
ILCNTNRD.ACM
41386
10697
412
INCNTNRA.ACM
19702
5087
414
INCNTNRB.ACM
50778
13181
416
INCNTNRC.ACM
55020
14024
418
INCNTNRD.ACM
32684
8080
420
IOCNTNRA.ACM
31774
6866
422
IOCNTNRB.ACM
63088
11174
424
IOCNTNRC.ACM
13122
3940
426
IOCNTNRD.ACM
15238
4021
428
IOCNTNRE.ACM
99318
14633
430
IPICKUP1.ACM
6400
2051
432
IPUTDOWN.ACM
7296
2056
434
ISDXXXX1.ACM
10532
3006
436
JAR.ACM
27928
4198
438
JUNK.ACM
29432
4775
440
JUPITER.ACM
112650
28140
442
LAUGHTE1.ACM
114114
26966
444
LAUGHTER.ACM
92166
22101
446
LEVELUP.ACM
38528
8980
448
LOOSER.ACM
57868
15449
450
LOSER.ACM
57934
15492
452
MAANTTAA.ACM
53760
12109
454
MAANTTAN.ACM
18738
4619
456
MAANTTAO.ACM
21656
6015
458
MAANTTAQ.ACM
10734
1614
460
MAANTTBA.ACM
37102
8087
462
MAANTTBE.ACM
54444
13300
464
MAANTTBF.ACM
55240
14321
466
MAANTTBI.ACM
52952
13171
468
MAANTTBL.ACM
54928
14164
470
MAANTTCJ.ACM
26212
6877
472
MAANTTYA.ACM
36734
9203
474
MAANTTZA.ACM
38798
9141
476
MAANTTZQ.ACM
11276
3042
478
MABOS2BA.ACM
340534
77816
480
MABOS2BB.ACM
340534
77816
482
MABOSSAA.ACM
74242
16968
484
MABOSSAN.ACM
41724
10501
486
MABOSSAO.ACM
61960
15154
488
MABOSSAP.ACM
58560
14043
490
MABOSSAQ.ACM
46420
11369
492
MABOSSAR.ACM
36170
9120
494
MABOSSAS.ACM
61862
14853
496
MABOSSBA.ACM
78772
18162
498
MABOSSBL.ACM
473848
106493
500
MABOSSCJ.ACM
65352
15725
502
MABOSSDA.ACM
64468
16044
504
MABOSSDC.ACM
61694
14893
506
MABOSSDD.ACM
61190
15223
508
MABOSSDE.ACM
38666
10194
510
MABOSSHC.ACM
58098
15147
512
MABOSSHD.ACM
57762
14864
514
MABOSSKA.ACM
69604
17276
516
MABOSSKC.ACM
69394
17017
518
MABOSSKD.ACM
60582
15311
520
MABOSSKE.ACM
61728
15323
522
MABOSSZA.ACM
61288
13185
524
MABOSSZQ.ACM
18106
4531
526
MABOSSZR.ACM
19680
5095
528
MABRANAA.ACM
35464
9089
530
MABRANAN.ACM
24056
6087
532
MABRANAO.ACM
24576
6153
534
MABRANAQ.ACM
39392
10063
536
MABRANBB.ACM
35894
9158
538
MABRANBD.ACM
39352
10215
540
MABRANBF.ACM
55562
14324
542
MABRANCH.ACM
33286
9013
544
MABRANYB.ACM
33376
8919
546
MABRANZB.ACM
44034
11128
548
MABRANZQ.ACM
18846
5074
550
MABROMAA.ACM
55388
13754
552
MABROMAO.acm
25472
6438
554
MABROMAP.ACM
25330
6551
556
MABROMAQ.acm
69058
16652
558
MABROMBA.ACM
29490
7564
560
MABROMBB.ACM
25972
6729
562
MABROMBE.acm
40238
10151
564
MABROMBF.ACM
83900
20448
566
MABROMBH.ACM
44272
11223
568
MABROMBI.ACM
76384
18941
570
MABROMBK.ACM
58908
15129
572
MABROMBL.ACM
58566
15088
574
MABROMCH.ACM
58606
13609
576
MABROMCJ.ACM
58596
14257
578
MABROMYA.ACM
31104
7856
580
MABROMYB.ACM
29626
7406
582
MABROMZA.ACM
33214
7888
584
MABROMZB.ACM
33408
8275
586
MABROMZQ.acm
15894
3691
588
MACLAWAA.ACM
52692
13040
590
MACLAWAK.ACM
58708
15018
592
MACLAWAO.ACM
35690
8638
594
MACLAWAP.ACM
34062
9074
596
MACLAWAQ.ACM
54472
14154
598
MACLAWBA.ACM
26158
7131
600
MACLAWBB.ACM
25632
6658
602
MACLAWBD.ACM
56642
14171
604
MACLAWBE.ACM
36116
9254
606
MACLAWBF.ACM
84884
21238
608
MACLAWBH.ACM
58334
14977
610
MACLAWBI.ACM
40874
10031
612
MACLAWBK.ACM
61118
15160
614
MACLAWCH.ACM
47796
12161
616
MACLAWCJ.ACM
58168
14791
618
MACLAWYA.ACM
39834
10145
620
MACLAWYB.ACM
69566
17251
622
MACLAWZA.ACM
72692
18095
624
MACLAWZB.ACM
77798
19089
626
MACLAWZQ.ACM
25820
6707
628
MACLW2AA.ACM
58056
14334
630
MACLW2AK.ACM
49928
13312
632
MACLW2AN.ACM
35038
9025
634
MACLW2AO.ACM
33452
8251
636
MACLW2AP.ACM
35992
9117
638
MACLW2AQ.ACM
71688
17932
640
MACLW2BA.ACM
35308
8816
642
MACLW2BB.ACM
49920
12549
644
MACLW2BD.ACM
73144
18443
646
MACLW2BE.ACM
33472
9059
648
MACLW2BF.ACM
83068
21533
650
MACLW2BH.ACM
39128
10179
652
MACLW2BI.ACM
50946
13331
654
MACLW2BK.ACM
46050
12306
656
MACLW2CH.ACM
44110
11215
658
MACLW2CJ.ACM
65946
16534
660
MACLW2YA.ACM
33514
8966
662
MACLW2YB.ACM
47514
12265
664
MACLW2ZA.ACM
84754
21262
666
MACLW2ZB.ACM
115384
29092
668
MACLW2ZQ.ACM
27430
7174
670
MADDOGAA.ACM
49774
12273
672
MADDOGAO.acm
17022
4292
674
MADDOGAP.ACM
15938
3979
676
MADDOGAQ.acm
42242
10885
678
MADDOGBA.ACM
12624
3289
680
MADDOGBB.ACM
13380
3592
682
MADDOGBE.ACM
24730
6185
684
MADDOGBF.ACM
93908
23174
686
MADDOGBH.ACM
44272
11150
688
MADDOGBI.ACM
56466
14408
690
MADDOGBK.ACM
55708
14108
692
MADDOGBL.ACM
54428
14050
694
MADDOGCH.ACM
50598
11952
696
MADDOGCJ.ACM
50386
12130
698
MADDOGGR.acm
67052
17529
700
MADDOGYA.ACM
18684
4802
702
MADDOGYB.ACM
26144
6517
704
MADDOGZA.ACM
20012
4793
706
MADDOGZB.ACM
21720
5049
708
MADDOGZQ.acm
25084
6187
710
MADEGGBA.ACM
55240
14293
712
MADETHAA.ACM
52692
13040
714
MADETHAK.ACM
58708
15018
716
MADETHAO.ACM
35690
8638
718
MADETHAP.ACM
34062
9074
720
MADETHAQ.ACM
54472
14154
722
MADETHBA.ACM
26158
7131
724
MADETHBB.ACM
25632
6658
726
MADETHBD.ACM
56642
14171
728
MADETHBE.ACM
36116
9254
730
MADETHBF.ACM
84884
21238
732
MADETHBH.ACM
58334
14977
734
MADETHBI.ACM
40874
10031
736
MADETHBK.ACM
61118
15160
738
MADETHCH.ACM
47796
12161
740
MADETHCJ.ACM
58168
14791
742
MADETHYA.ACM
39834
10145
744
MADETHYB.ACM
69566
17251
746
MADETHZA.ACM
72692
18095
748
MADETHZB.ACM
77798
19089
750
MADETHZQ.ACM
25820
6707
752
MAFEYEAA.ACM
37264
8743
754
MAFEYEAN.ACM
25320
5623
756
MAFEYEAO.ACM
32352
7745
758
MAFEYEAP.ACM
32962
7450
760
MAFEYEAQ.ACM
31456
5233
762
MAFEYEBA.ACM
42400
10031
764
MAFEYEBB.ACM
42372
10197
766
MAFEYEBE.ACM
53898
13141
768
MAFEYEBF.ACM
77812
16841
770
MAFEYEBL.ACM
68802
17489
772
MAFEYECH.ACM
31118
6946
774
MAFEYECJ.ACM
30482
6802
776
MAFEYEYA.ACM
47800
11625
778
MAFEYEYB.ACM
43502
10740
780
MAFEYEZA.ACM
41930
10279
782
MAFEYEZB.ACM
44748
10991
784
MAFEYEZQ.ACM
41508
10406
786
MAFIREAA.ACM
53760
12109
788
MAFIREAN.ACM
18738
4619
790
MAFIREAO.ACM
21656
6015
792
MAFIREAP.ACM
21656
6015
794
MAFIREAQ.ACM
10734
1614
796
MAFIREAR.ACM
10734
1614
798
MAFIREBA.ACM
37102
8087
800
MAFIREBB.ACM
37102
8087
802
MAFIREBD.ACM
55240
14321
804
MAFIREBF.ACM
55240
14321
806
MAFIREBG.ACM
55240
14321
808
MAFIREBI.ACM
52952
13171
810
MAFIREBL.ACM
54928
14164
812
MAFIRECH.ACM
26212
6877
814
MAFIRECJ.ACM
26212
6877
816
MAFIREZA.ACM
38798
9141
818
MAFIREZB.ACM
32546
8233
820
MAFIREZQ.ACM
11276
3042
822
MAFIREZR.ACM
37800
10038
824
MAGCKOAA.ACM
58874
14926
826
MAGCKOAN.ACM
27078
7198
828
MAGCKOAO.ACM
37458
9065
830
MAGCKOAP.ACM
36010
9195
832
MAGCKOAQ.ACM
32654
8204
834
MAGCKOAR.ACM
31910
8259
836
MAGCKOBA.ACM
36706
8914
838
MAGCKOBB.ACM
31496
8189
840
MAGCKOBD.ACM
66018
16898
842
MAGCKOBE.ACM
20386
5171
844
MAGCKOBF.ACM
74596
19439
846
MAGCKOBG.ACM
82796
21620
848
MAGCKOBI.ACM
82688
21500
850
MAGCKOBL.ACM
57408
14628
852
MAGCKOBM.ACM
39494
10294
854
MAGCKOCH.ACM
45794
12293
856
MAGCKOCJ.ACM
58102
15436
858
MAGCKOYA.ACM
47224
12163
860
MAGCKOYB.ACM
59566
15303
862
MAGCKOZA.ACM
57308
14312
864
MAGCKOZB.ACM
49818
12722
866
MAGCKOZQ.ACM
26322
6360
868
MAGCKOZR.ACM
42984
10847
870
MAGKO2AA.ACM
88276
22155
872
MAGKO2AN.ACM
32828
8387
874
MAGKO2AO.ACM
30334
8103
876
MAGKO2AP.ACM
40146
10091
878
MAGKO2AQ.ACM
28806
7429
880
MAGKO2AR.ACM
23296
6181
882
MAGKO2BA.ACM
38962
10211
884
MAGKO2BB.ACM
36796
9173
886
MAGKO2BD.ACM
72490
18421
888
MAGKO2BE.ACM
31226
8151
890
MAGKO2BF.ACM
75976
19566
892
MAGKO2BG.ACM
81584
20528
894
MAGKO2BI.ACM
85442
21642
896
MAGKO2BL.ACM
60790
15374
898
MAGKO2BM.ACM
42034
11288
900
MAGKO2CH.ACM
55474
14365
902
MAGKO2CJ.ACM
47176
12193
904
MAGKO2YA.ACM
29490
8192
906
MAGKO2YB.ACM
29868
8149
908
MAGKO2ZA.ACM
53216
13303
910
MAGKO2ZB.ACM
44988
11274
912
MAGKO2ZQ.ACM
16672
4206
914
MAGKO2ZR.ACM
35508
8984
916
magun2ao.acm
55284
13276
918
magun2AP.acm
32962
7450
920
magun2BA.acm
42400
10031
922
magun2cj.acm
30482
6802
924
magun2YA.acm
47800
11625
926
magun2ZA.acm
41930
10279
928
MAGUNNAO.ACM
55284
13276
930
MAGUNNAP.ACM
32962
7450
932
MAGUNNBA.ACM
42400
10031
934
MAGUNNCJ.ACM
30482
6802
936
MAGUNNLC.ACM
42534
10461
938
MAGUNNLD.ACM
42534
10461
940
MAGUNNYA.ACM
47800
11625
942
MAGUNNZA.ACM
41930
10279
944
MAHANDAA.ACM
45238
11128
946
MAHANDAO.ACM
55284
13276
948
MAHANDAQ.ACM
50150
12065
950
MAHANDBA.ACM
52214
12892
952
MAHANDBK.ACM
49384
13075
954
MAHANDBL.ACM
76188
19520
956
MAHANDCJ.ACM
37904
9273
958
MAHANDKA.ACM
44320
11236
960
MAHANDKC.ACM
56662
14132
962
MAHANDKD.ACM
44392
11187
964
MAHANDKE.ACM
41914
10684
966
MAHANDLA.ACM
57324
14191
968
MAHANDLC.ACM
56358
13600
970
MAHANDLD.ACM
43000
10596
972
MAHANDLE.ACM
44134
11043
974
MAHANDYA.ACM
66294
16421
976
MAHANDZA.ACM
75584
16832
978
MAHANDZQ.ACM
47170
10354
980
MALIENAA.ACM
96586
23679
982
MALIENAN.ACM
39632
9740
984
MALIENAO.ACM
41956
11216
986
MALIENAP.ACM
53754
14225
988
MALIENAQ.ACM
50342
13056
990
MALIENAR.ACM
66852
17453
992
MALIENBA.ACM
54268
14052
994
MALIENBB.ACM
42374
11280
996
MALIENBD.ACM
69302
17407
998
MALIENBE.ACM
47180
12310
1000
MALIENBF.ACM
70760
18502
1002
MALIENBG.ACM
65010
16504
1004
MALIENBH.ACM
38374
9725
1006
MALIENBI.ACM
51666
13287
1008
MALIENBK.ACM
47964
12215
1010
MALIENBL.ACM
48130
12357
1012
MALIENBM.ACM
59382
15343
1014
MALIENCH.ACM
58594
15244
1016
MALIENCJ.ACM
59720
14831
1018
MALIENYA.ACM
44768
11191
1020
MALIENYB.ACM
44768
11191
1022
MALIENZA.ACM
31120
8234
1024
MALIENZB.ACM
40398
10256
1026
MALIENZQ.ACM
23598
6167
1028
MALIENZR.ACM
31120
8081
1030
MALIEUAA.ACM
110186
25316
1032
MALIEUBL.ACM
616010
153417
1034
MAMANTAA.ACM
53760
12109
1036
MAMANTAN.ACM
18738
4619
1038
MAMANTAO.ACM
21656
6015
1040
MAMANTAQ.ACM
10734
1614
1042
MAMANTBA.ACM
37102
8087
1044
MAMANTBE.ACM
54444
13300
1046
MAMANTBF.ACM
55240
14321
1048
MAMANTBI.ACM
52952
13171
1050
MAMANTBL.ACM
54928
14164
1052
MAMANTCJ.ACM
26212
6877
1054
MAMANTYA.ACM
36734
9203
1056
MAMANTZA.ACM
38798
9141
1058
MAMANTZQ.ACM
11276
3042
1060
MAMDNTBF.ACM
136788
34343
1062
MAMRATAA.ACM
31598
7992
1064
MAMRATAO.ACM
26082
6224
1066
MAMRATAQ.ACM
22382
5906
1068
MAMRATBA.ACM
31904
7825
1070
MAMRATBB.ACM
31904
7825
1072
MAMRATBD.ACM
43904
11146
1074
MAMRATBE.ACM
39454
9302
1076
MAMRATBF.ACM
71598
17988
1078
MAMRATBH.ACM
41376
9781
1080
MAMRATCJ.ACM
36998
8594
1082
MAMRATYA.ACM
23980
6004
1084
MAMRATYB.ACM
23980
6004
1086
MAMRATZA.ACM
44048
11106
1088
MAMRATZB.ACM
44048
11106
1090
MAMRATZQ.ACM
39454
9691
1092
MAMSTRAO.ACM
25548
6692
1094
MAMSTRBL.ACM
339344
84969
1096
MAMSTRLC.ACM
42534
10461
1098
MAMTN2AA.ACM
100856
24016
1100
MAMTNTAA.ACM
131898
31650
1102
MAMTNTAN.ACM
27684
6910
1104
MAMTNTAO.ACM
34202
8987
1106
MAMTNTAP.ACM
37778
9628
1108
MAMTNTAQ.ACM
25258
5093
1110
MAMTNTBA.ACM
73012
18500
1112
MAMTNTBB.ACM
44874
11108
1114
MAMTNTBD.ACM
138920
34177
1116
MAMTNTBE.ACM
52868
13190
1118
MAMTNTBF.ACM
130042
32665
1120
MAMTNTBG.ACM
106670
26568
1122
MAMTNTBH.ACM
62880
15963
1124
MAMTNTBI.ACM
65320
16349
1126
MAMTNTBJ.ACM
64846
15866
1128
MAMTNTBK.ACM
76204
19426
1130
MAMTNTBL.ACM
63980
15760
1132
MAMTNTBM.ACM
83066
20923
1134
MAMTNTBN.ACM
89654
22293
1136
MAMTNTCH.ACM
76578
19367
1138
MAMTNTCJ.ACM
95858
24058
1140
MAMTNTKA.ACM
68748
16548
1142
MAMTNTKC.ACM
69680
16493
1144
MAMTNTKD.ACM
59422
13888
1146
MAMTNTKE.ACM
27192
7058
1148
MAMTNTLA.ACM
63552
14462
1150
MAMTNTLC.ACM
36142
8857
1152
MAMTNTLD.ACM
36640
8884
1154
MAMTNTLE.ACM
46940
11897
1156
MAMTNTMA.ACM
121106
24587
1158
MAMTNTMC.ACM
45832
9709
1160
MAMTNTMD.ACM
35040
8187
1162
MAMTNTME.ACM
46744
11880
1164
MAMTNTYA.ACM
75250
18854
1166
MAMTNTYB.ACM
52118
12965
1168
MAMTNTZA.ACM
88506
21989
1170
MAMTNTZB.ACM
54902
13926
1172
MAMTNTZQ.ACM
46266
11190
1174
MAMURTAA.ACM
23598
5517
1176
MAMURTAN.ACM
23718
5839
1178
MAMURTAO.ACM
17316
4941
1180
MAMURTAQ.ACM
27508
7129
1182
MAMURTBA.ACM
34412
9173
1184
MAMURTBD.ACM
45660
12291
1186
MAMURTBE.ACM
38258
9702
1188
MAMURTBF.ACM
71906
17498
1190
MAMURTCJ.ACM
35322
8935
1192
MAMURTYA.ACM
33606
9129
1194
MAMURTZA.ACM
35712
9248
1196
MAROBEAO.ACM
35690
8638
1198
MAROBEBA.ACM
26158
7131
1200
MAROBECJ.ACM
58168
14791
1202
MAROBEYA.ACM
39834
10145
1204
MAROBEZA.ACM
72692
18095
1206
MAROBOAA.ACM
88386
21258
1208
MAROBOAN.ACM
37172
9477
1210
MAROBOAO.ACM
55542
14020
1212
MAROBOAP.ACM
58666
14207
1214
MAROBOAQ.ACM
96480
22968
1216
MAROBOBA.ACM
92034
22509
1218
MAROBOBL.ACM
61132
14573
1220
MAROBOCJ.ACM
48298
11296
1222
MAROBOIA.ACM
79262
17715
1224
MAROBOIC.ACM
69992
15795
1226
MAROBOID.ACM
70712
15921
1228
MAROBOIE.ACM
54374
12114
1230
MAROBOJA.ACM
37380
8677
1232
MAROBOJC.ACM
69886
16372
1234
MAROBOJD.ACM
56316
13593
1236
MAROBOJE.ACM
60766
13889
1238
MAROBOYA.ACM
85680
20705
1240
MAROBOZA.ACM
100550
24261
1242
MAROBOZQ.ACM
15076
3911
1244
MAROBTAA.ACM
111118
27488
1246
MAROBTAN.ACM
64544
15185
1248
MAROBTAO.ACM
64392
16429
1250
MAROBTAP.ACM
62996
16020
1252
MAROBTAQ.ACM
69186
17084
1254
MAROBTBA.ACM
57124
14283
1256
MAROBTBB.ACM
65436
16252
1258
MAROBTBD.ACM
60594
15375
1260
MAROBTBI.ACM
56448
14330
1262
MAROBTBL.ACM
80986
19963
1264
MAROBTCH.ACM
90452
22810
1266
MAROBTCJ.ACM
94520
23811
1268
MAROBTLC.ACM
47004
12273
1270
MAROBTMC.ACM
41746
10746
1272
MAROBTYA.ACM
75212
19355
1274
MAROBTYB.ACM
55464
14271
1276
MAROBTZA.ACM
75016
18963
1278
MAROBTZB.ACM
79064
19380
1280
MAROBTZQ.ACM
36552
8132
1282
MASCP2AA.ACM
59724
14941
1284
MASCP2AN.ACM
23926
6122
1286
MASCP2AO.ACM
26880
7204
1288
MASCP2AQ.ACM
26444
7144
1290
MASCP2BA.ACM
40910
10102
1292
MASCP2BE.ACM
52926
13390
1294
MASCP2BH.ACM
61034
15448
1296
MASCP2BK.ACM
67674
17376
1298
MASCP2BL.ACM
71286
18294
1300
MASCP2CJ.ACM
37586
10006
1302
MASCP2YA.ACM
40708
10127
1304
MASCP2ZA.ACM
78834
19196
1306
MASCP2ZQ.ACM
21766
5904
1308
MASCRPAA.ACM
34288
8365
1310
MASCRPAO.ACM
34768
8092
1312
MASCRPAQ.ACM
35068
9110
1314
MASCRPBA.ACM
29294
6437
1316
MASCRPBE.ACM
54092
13227
1318
MASCRPBH.ACM
67674
16449
1320
MASCRPBK.ACM
77340
18989
1322
MASCRPBL.ACM
54092
13453
1324
MASCRPCJ.ACM
38946
10011
1326
MASCRPYA.ACM
33338
8351
1328
MASCRPZA.ACM
33338
8265
1330
MASCRPZQ.ACM
11454
3015
1332
MASPHNAA.ACM
40228
10262
1334
MASPHNAO.ACM
33958
8383
1336
MASPHNAP.ACM
36864
9062
1338
MASPHNAQ.ACM
32704
7776
1340
MASPHNBA.ACM
27776
7202
1342
MASPHNBB.ACM
29492
8053
1344
MASPHNBE.ACM
34202
8740
1346
MASPHNBG.ACM
61276
15379
1348
MASPHNBH.ACM
61548
15412
1350
MASPHNBI.ACM
40650
10243
1352
MASPHNBK.ACM
68384
17301
1354
MASPHNBL.ACM
49834
12542
1356
MASPHNCH.ACM
35218
9259
1358
MASPHNCJ.ACM
36332
9217
1360
MASPHNYA.ACM
33020
8579
1362
MASPHNYB.ACM
33020
8579
1364
MASPHNZA.ACM
49494
12903
1366
MASPHNZB.ACM
49494
12903
1368
MASPHNZQ.ACM
27196
7076
1370
MASRATAO.ACM
28200
7115
1372
MASRATAQ.ACM
22404
5908
1374
MASRATBA.ACM
13586
3106
1376
MASRATBD.ACM
26006
7050
1378
MASRATBE.ACM
26594
7228
1380
MASRATBF.ACM
26006
7050
1382
MASRATBH.ACM
23940
6212
1384
MASRATBK.ACM
32262
7992
1386
MASRATBL.ACM
26006
7050
1388
MASRATCJ.ACM
21032
5245
1390
MASRATYA.ACM
19070
5042
1392
MASRATZA.ACM
22982
6095
1394
MASRATZQ.ACM
5470
1075
1396
MASTRABL.ACM
32626
7721
1398
MATHNGAA.ACM
77036
19269
1400
MATHNGAO.ACM
23210
6093
1402
MATHNGAQ.ACM
18744
5024
1404
MATHNGBA.ACM
38224
10194
1406
MATHNGBE.ACM
43550
11248
1408
MATHNGBG.ACM
71770
18455
1410
MATHNGBH.ACM
45348
11392
1412
MATHNGBI.ACM
48950
12209
1414
MATHNGBK.ACM
59088
14990
1416
MATHNGBL.ACM
52624
13278
1418
MATHNGBM.ACM
64300
16189
1420
MATHNGCH.ACM
35206
9169
1422
MATHNGCJ.ACM
32284
8264
1424
MATHNGYA.ACM
46994
11349
1426
MATHNGZA.ACM
59692
15074
1428
MATHNGZQ.ACM
18066
4941
1430
MECHPUM1.ACM
141940
31289
1432
MECHPUMP.ACM
144520
32495
1434
MENUBUT1.acm
10794
4128
1436
MONITOR.ACM
27648
4362
1438
MOTION.ACM
29432
4775
1440
NACHLDAO.ACM
29094
6753
1442
NACHLDAP.ACM
33128
7538
1444
NACHLDAQ.ACM
25258
4607
1446
NACHLDAR.ACM
45242
11321
1448
NACHLDBA.ACM
50216
11284
1450
NACHLDBB.ACM
62112
13325
1452
NACHLDBD.ACM
117648
26893
1454
NACHLDBF.ACM
120800
29218
1456
NACHLDBG.ACM
110978
26650
1458
NACHLDBH.ACM
79376
18243
1460
NACHLDBI.ACM
95228
22628
1462
NACHLDBJ.ACM
64846
15049
1464
NACHLDBK.ACM
117460
28126
1466
NACHLDBL.ACM
62976
15690
1468
NACHLDBM.ACM
82276
19365
1470
NACHLDBN.ACM
83968
21685
1472
NACHLDCH.ACM
69224
16374
1474
NACHLDCJ.ACM
67608
16566
1476
NACHLDYA.ACM
50308
11397
1478
NACHLDYB.ACM
60064
12953
1480
NACHLDZA.ACM
53640
12290
1482
NACHLDZB.ACM
60006
13374
1484
NACHLDZQ.ACM
23040
4948
1486
NACHLDZR.ACM
13628
3928
1488
NAGHULAN.ACM
28218
6996
1490
NAGHULAO.ACM
30178
8014
1492
NAGHULAP.ACM
29364
7897
1494
NAGHULBA.ACM
50720
13164
1496
NAGHULBB.ACM
48554
12196
1498
NAGHULBD.ACM
107098
27226
1500
NAGHULBE.ACM
58102
15380
1502
NAGHULBF.ACM
106900
27358
1504
NAGHULBG.ACM
116576
29842
1506
NAGHULBH.ACM
67476
17226
1508
NAGHULBI.ACM
64402
16308
1510
NAGHULBK.ACM
148676
37466
1512
NAGHULCH.ACM
68544
17158
1514
NAGHULCJ.ACM
78524
20081
1516
NAGHULDE.ACM
22558
5959
1518
NAGHULEE.ACM
27552
7062
1520
NAGHULFE.ACM
31086
7962
1522
NAGHULGE.ACM
27874
7088
1524
NAGHULHE.ACM
34086
8483
1526
NAGHULIE.ACM
28122
7033
1528
NAGHULJE.ACM
40102
9725
1530
NAGHULKE.ACM
31106
8063
1532
NAGHULLE.ACM
32728
8212
1534
NAGHULME.ACM
30296
8150
1536
NAGHULYA.ACM
43748
11202
1538
NAGHULYB.ACM
43740
11091
1540
NAGHULZA.ACM
46358
12260
1542
NAGHULZB.ACM
47910
12324
1544
NEPTUNE.ACM
87332
21116
1546
NMGZMOAN.ACM
24142
6155
1548
NMGZMOAO.ACM
26244
7145
1550
NMGZMOBA.ACM
54520
14147
1552
NMGZMOBD.ACM
141592
35430
1554
NMGZMOCJ.ACM
61880
15847
1556
NMGZMOHA.ACM
27938
6485
1558
NMGZMOHC.ACM
80072
18825
1560
NMGZMOHD.ACM
53632
12556
1562
NMGZMOHE.ACM
23348
6070
1564
NMGZMOYA.ACM
78924
20342
1566
NMGZMOZA.ACM
97772
24436
1568
NMOVERLC.ACM
39330
9385
1570
NMOVR2BA.ACM
435692
101553
1572
NMOVR2BL.ACM
424058
100048
1574
NMSELEC0.ACM
4320
1328
1576
NMSELEC1.ACM
5824
1851
1578
ORE.ACM
143958
34778
1580
ORE1.ACM
136522
33661
1582
PEBBLE.ACM
84984
17902
1584
PEBBLE1.ACM
84156
16740
1586
PICKKEYS.ACM
24854
6698
1588
PLUTO.ACM
67540
17462
1590
POTSPAN1.ACM
59136
12787
1592
POTSPANS.ACM
49024
10739
1594
PUDDLE.ACM
102664
22887
1596
PUDDLE1.ACM
97366
21946
1598
PWRSWTCH.ACM
21404
5244
1600
RATTLE.ACM
135590
33544
1602
RATTLE1.ACM
128200
30754
1604
ROCK.ACM
24450
2730
1606
ROPE.ACM
22350
2480
1608
ROPEWELL.ACM
23842
5733
1610
RSHELL.ACM
33726
4990
1612
SALOON1.ACM
119558
29252
1614
SALOON2.ACM
113384
27307
1616
SATURN.ACM
64484
15958
1618
SCBVXXX1.acm
464896
117973
1620
SCDOORSA.ACM
57228
12388
1622
SCDOORSB.ACM
197446
45249
1624
SCDOORSC.ACM
58450
13103
1626
SCDOORSD.ACM
64790
10496
1628
SCDOORSE.ACM
44034
10201
1630
SCDOORSF.ACM
65424
14741
1632
SCDOORSG.ACM
52914
11844
1634
SCDOORSH.ACM
63310
14210
1636
SCDOORSI.ACM
66280
15696
1638
SCDOORSJ.ACM
60450
13756
1640
SCDOORSK.ACM
67938
15631
1642
SCDOORSL.ACM
69660
12810
1644
SCDOORSM.ACM
57314
12709
1646
SCDOORSN.ACM
55544
12051
1648
SCDOORSO.ACM
173224
37901
1650
SCDOORSP.ACM
26970
7114
1652
SCDOORSQ.ACM
32420
8211
1654
SCDOORSR.ACM
29144
7389
1656
SCDOORSS.ACM
184332
31753
1658
SCDOORST.ACM
85646
20536
1660
SCOWDCX1.acm
51456
14318
1662
SCOWDOX1.acm
49408
12651
1664
SCWDCXX1.acm
53168
14202
1666
SCWDOXX1.acm
30652
8216
1668
SEAGULL.ACM
103664
23280
1670
SEAGULL1.ACM
114166
23752
1672
SEAWIND.ACM
126380
28071
1674
SEAWIND1.ACM
120932
27067
1676
SELEVDX1.ACM
47228
11634
1678
SELEVUX1.ACM
136948
34033
1680
SHOTS.ACM
121592
29750
1682
SHOTS1.ACM
75344
18898
1684
SHOVEL.ACM
33726
4990
1686
SHUFFLE.ACM
82114
19177
1688
SKEYBUZ1.ACM
26048
5883
1690
SKEYWIP1.ACM
58484
14251
1692
SLDOORSA.ACM
51388
12033
1694
SLDOORSB.ACM
51388
12033
1696
SLDOORSC.ACM
43032
9146
1698
SLDOORSD.ACM
53354
10549
1700
SLDOORSE.ACM
53354
10549
1702
SLDOORSF.ACM
53354
10549
1704
SLDOORSG.ACM
53354
10549
1706
SLDOORSH.ACM
53354
10549
1708
SLDOORSJ.ACM
51388
12033
1710
SLDOORSK.ACM
51388
12033
1712
SLDOORSO.ACM
50314
11770
1714
SLDOORSQ.ACM
31444
8089
1716
SLDOORSR.ACM
36340
9130
1718
SLDOORSS.ACM
60156
12008
1720
SLDOORST.ACM
50874
11974
1722
SNDOORSA.ACM
41366
8972
1724
SNDOORSB.ACM
41366
8972
1726
SNDOORSC.ACM
41184
10036
1728
SNDOORSD.ACM
52688
12841
1730
SNDOORSE.ACM
52688
12841
1732
SNDOORSF.ACM
52688
12841
1734
SNDOORSG.ACM
52688
12841
1736
SNDOORSH.ACM
52688
12841
1738
SNDOORSJ.ACM
41366
8972
1740
SNDOORSK.ACM
41366
8972
1742
SNDOORSQ.ACM
47994
12056
1744
SNDOORSR.ACM
36034
9144
1746
SNDOORST.ACM
99052
24035
1748
SODOORSA.ACM
58078
12588
1750
SODOORSB.ACM
147576
34787
1752
SODOORSC.ACM
47478
10556
1754
SODOORSD.ACM
44562
8808
1756
SODOORSE.ACM
30736
6972
1758
SODOORSF.ACM
47476
10466
1760
SODOORSG.ACM
37940
7935
1762
SODOORSH.ACM
50126
11440
1764
SODOORSI.ACM
57704
13580
1766
SODOORSJ.ACM
57700
13356
1768
SODOORSK.ACM
59068
13011
1770
SODOORSL.ACM
67066
10484
1772
SODOORSM.ACM
57318
12680
1774
SODOORSN.ACM
45700
10094
1776
SODOORSO.ACM
143128
30378
1778
SODOORSP.ACM
37082
9528
1780
SODOORSQ.ACM
27376
6977
1782
SODOORSR.ACM
90430
22557
1784
SODOORSS.ACM
188834
34045
1786
SODOORST.ACM
76002
18590
1788
SPRTRAP.ACM
38434
9393
1790
SQUEAK.ACM
32256
7507
1792
SQUEAK1.ACM
21882
5055
1794
SREFCLX1.acm
17904
4359
1796
SREFOPX1.acm
29568
8171
1798
STARGAME.ACM
374548
77236
1800
STEAM.ACM
66128
16686
1802
STEAM1.ACM
117776
28408
1804
SWDKEYX1.ACM
34188
8480
1806
TANKS.ACM
30506
5046
1808
TOGGLE.ACM
16878
3694
1810
URANIUM.ACM
82360
20934
1812
VULTURE.ACM
119228
28562
1814
VULTURE1.ACM
122122
28775
1816
WA!1XXX1.ACM
105238
26711
1818
WA!1XXX2.ACM
105238
26711
1820
wA#1XXX1.acm
52816
13431
1822
wA#1XXX2.acm
49788
13007
1824
wA#2XXX1.acm
49864
11640
1826
wA#2XXX2.acm
48714
11184
1828
WA$1XXX1.ACM
51760
11942
1830
WA$1XXX2.ACM
47576
11316
1832
WA$2XXX1.ACM
69220
16661
1834
WA$2XXX2.ACM
67372
16324
1836
WA01XXX1.ACM
39988
8476
1838
WA01XXX2.ACM
36170
8051
1840
WA02XXX1.ACM
62062
14726
1842
WA02XXX2.ACM
69594
16044
1844
WA11XXX1.ACM
22894
4678
1846
WA21XXX1.ACM
40922
9679
1848
WA21XXX2.ACM
37476
9655
1850
WA22FXX1.ACM
14720
4095
1852
WA31XXX1.ACM
25422
6227
1854
WA31XXX2.ACM
24782
5942
1856
WA32XXX1.ACM
32446
7972
1858
WA32XXX2.ACM
29778
7285
1860
WA41XXX1.ACM
64174
16109
1862
WA42XXX1.ACM
20808
5055
1864
WA42XXX2.ACM
36696
7756
1866
WA51XXX1.ACM
42386
10925
1868
WA52XXX1.ACM
47932
11928
1870
WA61XXX1.ACM
24128
6051
1872
WA62XXX1.ACM
23306
5805
1874
WA71XXX1.ACM
48960
12232
1876
WA72XXX1.ACM
40038
10177
1878
WA81XXX1.ACM
33728
9081
1880
WA82XXX1.ACM
40038
10183
1882
WA91XXX1.ACM
37638
9484
1884
WA92XXX1.ACM
31948
7981
1886
WA@1XXX1.ACM
66022
16016
1888
WA@1XXX2.ACM
74876
18069
1890
WA@2XXX1.ACM
78714
19611
1892
WA@2XXX2.ACM
101728
24779
1894
WAA1XXX1.ACM
47184
12090
1896
WAA1XXX2.ACM
50392
12740
1898
WAB1XXX1.ACM
57520
13071
1900
WAB1XXX2.ACM
61760
14499
1902
WAB1XXX3.ACM
61134
14737
1904
WAC1XXX1.ACM
60690
12578
1906
WAC1XXX2.ACM
51824
11584
1908
WAD1XXX1.acm
27852
6273
1910
WAD1XXX2.acm
26912
6252
1912
WAD2XXX1.acm
49864
11640
1914
WAD2XXX2.acm
48714
11184
1916
WAE1XXX1.ACM
49806
13034
1918
WAE1XXX2.ACM
44066
11131
1920
WAF1XXX1.ACM
45612
11850
1922
WAF1XXX2.ACM
57094
13910
1924
WAG1XXX1.ACM
82548
19878
1926
WAG1XXX2.ACM
92568
21735
1928
WAH1XXX1.ACM
43184
11017
1930
WAH1XXX2.ACM
42388
11029
1932
WAH2XXX1.ACM
72812
17837
1934
WAH2XXX2.ACM
90744
22763
1936
WAI1XXX1.ACM
61308
15341
1938
WAI1XXX2.ACM
46122
12105
1940
WAJ1XXX1.ACM
39182
10268
1942
WAJ1XXX2.ACM
48928
12349
1944
WAJ2XXX1.ACM
70604
33615
1946
WAK1XXX1.ACM
58068
14997
1948
WAK1XXX2.ACM
60936
15228
1950
WAL1XXX1.acm
83744
19243
1952
WAL1XXX2.acm
72616
18494
1954
WAM1XXX1.ACM
79908
19352
1956
WAM1XXX2.ACM
81182
18538
1958
WAN1XXX1.ACM
47346
12192
1960
WAN1XXX2.ACM
60270
15176
1962
WAO1XXX1.ACM
64174
16109
1964
WAO2XXX1.ACM
64174
16109
1966
WAP1XXX1.ACM
64174
16109
1968
WAP2XXX1.ACM
64174
16109
1970
WAQ1XXX1.ACM
64174
16109
1972
WAQ2XXX1.ACM
64174
16109
1974
WAR1XXX1.ACM
54204
13594
1976
WAR1XXX2.ACM
64764
15596
1978
WAR2XXX1.ACM
72812
18332
1980
WAS1XXX1.ACM
40542
9268
1982
WAS1XXX2.ACM
44372
10474
1984
WATER.ACM
56294
10394
1986
WATER1.ACM
105662
17060
1988
WAU1XXX1.ACM
15642
2954
1990
WAU1XXX2.ACM
15970
3238
1992
WAV1XXX1.ACM
21528
6048
1994
WAV1XXX2.ACM
23026
6078
1996
WAVES.ACM
117532
28642
1998
WAVES1.ACM
122366
29826
2000
WAW1XXX1.ACM
85516
21300
2002
WAW1XXX2.ACM
82472
20768
2004
WAX1XXX1.ACM
46678
11416
2006
WAX1XXX2.ACM
46146
11541
2008
WAY1XXX1.ACM
55792
14367
2010
WAY1XXX2.ACM
59606
15263
2012
WAZ1XXX1.ACM
33646
9107
2014
WAZ1XXX2.ACM
40124
10098
2016
WEAPN00.ACM
30506
4823
2018
WEAPN01.ACM
26090
4065
2020
WEAPN02.ACM
29080
4681
2022
WEAPN03.ACM
28142
4068
2024
WEAPN04.ACM
16708
3760
2026
WEAPN05.ACM
34126
5859
2028
WEAPN06.ACM
16282
3590
2030
WEAPN07.ACM
17646
4010
2032
WEAPN08.ACM
35218
6489
2034
WEAPN09.ACM
32098
5336
2036
WF21XXX1.ACM
20808
5055
2038
WF41XXX1.ACM
34000
7818
2040
WFN1XXX1.ACM
89298
19848
2042
WFO1XXX1.ACM
20808
5055
2044
WFO2XXX1.ACM
20808
5055
2046
WFP1XXX1.ACM
20808
5055
2048
WFP2XXX1.ACM
20808
5055
2050
WFQ1XXX1.ACM
20808
5055
2052
WFQ2XXX1.ACM
20808
5055
2054
wH#1FXX1.acm
37322
8978
2056
wH#1FXX2.acm
36446
8659
2058
wH#1MXX1.acm
34640
8443
2060
wH#1MXX2.acm
42820
10194
2062
wH#1SXX1.acm
43476
10876
2064
wH#1SXX2.acm
47408
11733
2066
wH#1WXX1.acm
24918
6392
2068
wH#1WXX2.acm
42740
10299
2070
wH#2FXX1.acm
44178
11082
2072
wH#2FXX2.acm
37696
9402
2074
wH#2MXX1.acm
59490
13856
2076
wH#2MXX2.acm
51392
12301
2078
wH#2SXX1.acm
44136
10663
2080
wH#2SXX2.acm
41012
9853
2082
wH#2WXX1.acm
66122
15442
2084
wH#2WXX2.acm
58778
12768
2086
WH$1FXX1.ACM
18886
5067
2088
WH$1FXX2.ACM
19810
5141
2090
WH$2FXX1.ACM
26100
6301
2092
WH$2FXX2.ACM
24424
6072
2094
WH01FXX1.ACM
29056
7037
2096
WH02FXX1.ACM
32896
7375
2098
WH11FXX1.ACM
23446
5437
2100
WH21FXX1.ACM
13628
3148
2102
WH21FXX2.ACM
12986
3012
2104
WH21MXX1.ACM
23970
5891
2106
WH21MXX2.ACM
23970
5891
2108
WH21SXX1.ACM
10698
2425
2110
WH21SXX2.ACM
10698
2425
2112
WH21WXX1.ACM
12686
2790
2114
WH21WXX2.ACM
18758
4323
2116
WH31FXX1.ACM
14098
3877
2118
WH31FXX2.ACM
19328
4430
2120
WH31MXX1.ACM
16900
4151
2122
WH31MXX2.ACM
20928
5133
2124
WH32FXX1.ACM
14382
3468
2126
WH32FXX2.ACM
18470
4738
2128
WH32MXX1.ACM
18140
4782
2130
WH32WXX1.ACM
17756
4292
2132
WH32WXX2.ACM
20480
5098
2134
WH41FXX1.ACM
13184
3177
2136
WH41MXX1.ACM
14848
3888
2138
WH41WXX1.ACM
17756
4292
2140
WH41WXX2.ACM
20480
5098
2142
WH42FXX1.ACM
38466
8954
2144
WH42FXX2.ACM
19328
4430
2146
WH42MXX1.ACM
17348
4492
2148
WH42SXX1.ACM
26772
6291
2150
WH42WXX1.ACM
16076
4068
2152
WH51FXX1.ACM
20322
5120
2154
WH51MXX1.ACM
27206
6782
2156
WH52FXX1.ACM
21064
5208
2158
WH52MXX1.ACM
21434
5649
2160
WH61FXX1.ACM
16678
4046
2162
WH61MXX1.ACM
21178
5673
2164
WH62FXX1.ACM
19322
4606
2166
WH62MXX1.ACM
21178
5673
2168
WH71FXX1.ACM
23860
5985
2170
WH71MXX1.ACM
24002
5936
2172
WH72FXX1.ACM
22630
5667
2174
WH72MXX1.ACM
24140
5890
2176
WH81FXX1.ACM
24970
6228
2178
WH81FXX2.ACM
20370
5057
2180
WH81MXX1.ACM
18972
4513
2182
WH81MXX2.ACM
22484
5803
2184
WH82FXX1.ACM
27546
6974
2186
WH82MXX1.ACM
28256
7185
2188
WH82SXX1.ACM
30624
7434
2190
WH82WXX1.ACM
23512
5867
2192
WH91FXX1.ACM
42548
11192
2194
WH92FXX1.ACM
41508
10562
2196
WH@1MXX1.ACM
36592
9085
2198
WH@1MXX2.ACM
19344
4994
2200
WH@2MXX1.ACM
59124
15039
2202
WH@2MXX2.ACM
43054
11089
2204
WHA1FXX1.ACM
15100
4066
2206
WHA1FXX2.ACM
35264
9115
2208
WHA1MXX1.ACM
32664
7940
2210
WHA1MXX2.ACM
26686
6999
2212
WHA1SXX1.ACM
26344
6996
2214
WHA1SXX2.ACM
26692
7050
2216
WHA1WXX1.ACM
27054
7063
2218
WHA1WXX2.ACM
37778
9943
2220
WHB1FXX1.ACM
15100
4066
2222
WHB1FXX2.ACM
35264
9115
2224
WHB1MXX1.ACM
32664
7940
2226
WHB1MXX2.ACM
26686
6999
2228
WHB1SXX1.ACM
26344
6996
2230
WHB1SXX2.ACM
26692
7050
2232
WHB1WXX1.ACM
27054
7063
2234
WHB1WXX2.ACM
37778
9943
2236
WHC1FXX1.ACM
28042
7194
2238
WHC1FXX2.ACM
48884
12257
2240
WHC1MXX1.ACM
41262
10362
2242
WHC1MXX2.ACM
44424
10877
2244
WHC1SXX1.ACM
38566
9952
2246
WHC1SXX2.ACM
50328
12505
2248
WHC1WXX1.ACM
47678
12002
2250
WHC1WXX2.ACM
47020
11853
2252
WHD1FXX1.acm
53558
12718
2254
WHD1FXX2.acm
47994
12051
2256
WHD1MXX1.acm
73382
17936
2258
WHD1MXX2.acm
73122
17895
2260
WHD1SXX1.acm
86552
20544
2262
WHD1SXX2.acm
59406
16069
2264
WHD1WXX1.acm
47616
10563
2266
WHD1WXX2.acm
41472
10426
2268
WHD2FXX1.acm
44178
11082
2270
WHD2FXX2.acm
37696
9402
2272
WHD2MXX1.acm
59490
13856
2274
WHD2MXX2.acm
51392
12301
2276
WHD2SXX1.acm
44136
10663
2278
WHD2SXX2.acm
41012
9853
2280
WHD2WXX1.acm
66122
15442
2282
WHD2WXX2.acm
58778
12768
2284
WHE1FXX1.ACM
53558
12718
2286
WHE1FXX2.ACM
47994
12051
2288
WHE1MXX1.ACM
73382
17936
2290
WHE1MXX2.ACM
73122
17895
2292
WHE1SXX1.ACM
86552
20544
2294
WHE1SXX2.ACM
59406
16069
2296
WHE1WXX1.ACM
47616
10563
2298
WHE1WXX2.ACM
41472
10426
2300
WHF1XXX1.ACM
35752
8884
2302
WHG1FXX1.ACM
15100
4066
2304
WHG1FXX2.ACM
35264
9115
2306
WHG1MXX1.ACM
32664
7940
2308
WHG1MXX2.ACM
26686
6999
2310
WHG1SXX1.ACM
26344
6996
2312
WHG1SXX2.ACM
26692
7050
2314
WHG1WXX1.ACM
27054
7063
2316
WHG1WXX2.ACM
37778
9943
2318
WHH1FXX1.ACM
53558
12718
2320
WHH1FXX2.ACM
47994
12051
2322
WHH1MXX1.ACM
73382
17936
2324
WHH1MXX2.ACM
73122
17895
2326
WHH1SXX1.ACM
86552
20544
2328
WHH1SXX2.ACM
59406
16069
2330
WHH1WXX1.ACM
47616
10563
2332
WHH1WXX2.ACM
41472
10426
2334
WHH2FXX1.ACM
44178
11082
2336
WHH2FXX2.ACM
37696
9402
2338
WHH2MXX1.ACM
59490
13856
2340
WHH2MXX2.ACM
51392
12301
2342
WHH2SXX1.ACM
44136
10663
2344
WHH2SXX2.ACM
41012
9853
2346
WHH2WXX1.ACM
66122
15442
2348
WHH2WXX2.ACM
58778
12768
2350
WHJ1FXX1.ACM
28042
7194
2352
WHJ1FXX2.ACM
48884
12257
2354
WHJ1MXX1.ACM
41262
10362
2356
WHJ1MXX2.ACM
44424
10877
2358
WHJ1SXX1.ACM
38566
9952
2360
WHJ1SXX2.ACM
50328
12505
2362
WHJ1WXX1.ACM
47678
12002
2364
WHJ1WXX2.ACM
47020
11853
2366
WHK1XXX1.ACM
35752
8884
2368
WHL1FXX1.acm
60822
14778
2370
WHL1FXX2.acm
57262
13922
2372
WHL1MXX1.acm
63902
15834
2374
WHL1MXX2.acm
56944
14366
2376
WHL1SXX1.acm
51882
13218
2378
WHL1SXX2.acm
58582
15132
2380
WHL1WXX1.acm
63076
16048
2382
WHL1WXX2.acm
104646
26168
2384
WHM1FXX1.ACM
28334
7130
2386
WHM1FXX2.ACM
40948
10073
2388
WHM1MXX1.ACM
40532
9993
2390
WHM1MXX2.ACM
37870
9533
2392
WHM1SXX1.ACM
49008
12189
2394
WHM1SXX2.ACM
40870
10142
2396
WHM1WXX1.ACM
42256
11042
2398
WHM1WXX2.ACM
54536
13745
2400
WHN1XXX1.ACM
80258
19715
2402
WHN1XXX2.ACM
74590
18961
2404
WHO1XXX1.ACM
65298
16222
2406
WHO1XXX2.ACM
59856
15272
2408
WHO2XXX1.ACM
65298
16222
2410
WHP1XXX1.ACM
66380
17008
2412
WHP2XXX1.ACM
66380
17008
2414
WHQ1XXX1.ACM
56968
14295
2416
WHQ2XXX1.ACM
56968
14295
2418
WHR1FXX1.ACM
46466
10945
2420
WHR1FXX2.ACM
54806
12647
2422
WHR1MXX1.ACM
28808
5713
2424
WHR1MXX2.ACM
29442
6559
2426
WHR1SXX1.ACM
35458
7488
2428
WHR1SXX2.ACM
33556
7674
2430
WHR1WXX1.ACM
23418
5623
2432
WHR1WXX2.ACM
23480
5428
2434
WHS1FXX1.ACM
62844
15406
2436
WHS1FXX2.ACM
55918
13570
2438
WHS1MXX1.ACM
57762
12472
2440
WHS1MXX2.ACM
54434
12081
2442
WHS1SXX1.ACM
39010
9169
2444
WHS1WXX1.ACM
37598
9094
2446
WHS1WXX2.ACM
37600
9088
2448
WHU1FXX1.ACM
15774
2529
2450
WHU1FXX2.ACM
15774
2529
2452
WHU1MXX1.ACM
15950
3253
2454
WHU1MXX2.ACM
14620
2782
2456
WHU1SXX1.ACM
15620
3078
2458
WHU1SXX2.ACM
16490
2907
2460
WHU1WXX1.ACM
12392
2679
2462
WHU1WXX2.ACM
19598
3481
2464
WHV1FXX1.ACM
26968
6994
2466
WHV1FXX2.ACM
21766
5504
2468
WHV1MXX1.ACM
27568
6187
2470
WHV1MXX2.ACM
29712
6510
2472
WHV1SXX1.ACM
26548
6004
2474
WHV1SXX2.ACM
26548
6004
2476
WHV1WXX1.ACM
17658
5103
2478
WHV1WXX2.ACM
25442
6337
2480
WHW1FXX1.ACM
29264
8087
2482
WHW1FXX2.ACM
38372
10106
2484
WHW1MXX1.ACM
33106
7345
2486
WHW1MXX2.ACM
37944
8128
2488
WHW1SXX1.ACM
27666
6940
2490
WHW1SXX2.ACM
38168
9864
2492
WHW1WXX1.ACM
40278
10209
2494
WHW1WXX2.ACM
28302
6981
2496
WHX1FXX1.ACM
47252
12125
2498
WHX1FXX2.ACM
30800
8169
2500
WHX1MXX1.ACM
49110
12236
2502
WHX1MXX2.ACM
64612
13516
2504
WHX1SXX1.ACM
62690
15776
2506
WHX1SXX2.ACM
62542
15835
2508
WHX1WXX1.ACM
32704
8137
2510
WHX1WXX2.ACM
29842
7757
2512
WHY1FXX1.ACM
28030
7206
2514
WHY1FXX2.ACM
19292
5113
2516
WHY1MXX1.ACM
25820
6981
2518
WHY1MXX2.ACM
24836
6256
2520
WHY1SXX1.ACM
37872
9408
2522
WHY1SXX2.ACM
78554
17662
2524
WHY1WXX1.ACM
34646
9103
2526
WHY1WXX2.ACM
35242
9149
2528
WHZ1FXX1.ACM
19668
5164
2530
WHZ1FXX2.ACM
18740
5094
2532
WHZ1MXX1.ACM
14376
4070
2534
WHZ1MXX2.ACM
17026
3965
2536
WHZ1SXX1.ACM
29868
7344
2538
WHZ1SXX2.ACM
32788
8169
2540
WHZ1WXX1.ACM
21606
5776
2542
WHZ1WXX2.ACM
22604
5715
2544
WINDDOO1.ACM
114724
27421
2546
WINDDOOR.ACM
117996
28469
2548
WINNER.ACM
105952
26749
2550
wO#1XXX1.ACM
13580
4010
2552
WO#XXXX1.ACM
13580
4010
2554
WO@1XXX1.ACM
18486
5128
2556
WO@XXXX1.ACM
18402
5121
2558
WOA1XXX1.ACM
15568
4089
2560
WOB1XXX1.ACM
13036
3827
2562
WOC1XXX1.ACM
16602
4292
2564
WOD1XXX1.ACM
13530
3952
2566
WOE1XXX1.ACM
13036
3827
2568
WOF1XXX1.ACM
11514
3078
2570
WOG1XXX1.ACM
13530
3944
2572
WOH1XXX1.ACM
14814
3998
2574
WOI1XXX1.ACM
20144
5050
2576
WOJ1XXX1.ACM
29660
8007
2578
WOK1XXX1.ACM
13722
4027
2580
WOL1XXX1.ACM
13586
3939
2582
WOM1XXX1.ACM
17466
4812
2584
WON1XXX1.ACM
13530
3952
2586
WOR1XXX1.ACM
14482
3455
2588
WOS1XXX1.ACM
51772
11741
2590
WOU1XXX1.ACM
5150
1957
2592
WOV1XXX1.ACM
17248
4873
2594
WOVXXXX1.ACM
17248
4873
2596
WOW1XXX1.ACM
37142
9335
2598
WOWXXXX1.ACM
37142
9335
2600
WOX1XXX1.ACM
20778
5186
2602
WOXXXXX1.ACM
20778
5186
2604
WOY1XXX1.ACM
13716
3958
2606
WOYXXXX1.ACM
13716
3958
2608
WOZ1XXX1.ACM
35038
9008
2610
WOZXXXX1.ACM
35038
9008
2612
wR#1XXX1.ACM
38674
10159
2614
WR#XXXX1.ACM
38674
10159
2616
WR@1XXX1.ACM
44676
11039
2618
WR@XXXX1.ACM
38134
10198
2620
WR01XXX1.ACM
25430
6035
2622
WRA1XXX1.ACM
22838
6066
2624
WRB1XXX1.ACM
22838
6066
2626
WRC1XXX1.ACM
36440
6998
2628
WRD1XXX1.ACM
31622
7630
2630
WRE1XXX1.ACM
22838
6066
2632
WRF1XXX1.ACM
16184
4092
2634
WRG1XXX1.ACM
28032
7109
2636
WRH1XXX1.ACM
29348
7331
2638
WRI1XXX1.ACM
21478
5744
2640
WRJ1XXX1.ACM
29016
7309
2642
WRK1XXX1.ACM
22314
6180
2644
WRL1XXX1.ACM
37276
9324
2646
WRM1XXX1.ACM
29530
7957
2648
WRN1XXX1.ACM
23114
5809
2650
WRR1XXX1.ACM
51038
11205
2652
WRS1XXX1.ACM
102384
23625
2654
WRU1XXX1.ACM
31374
7453
2656
WRUXXXX1.ACM
31374
7453
2658
WRV1XXX1.ACM
25430
6035
2660
WRVXXXX1.ACM
25430
6035
2662
WRW1XXX1.ACM
63554
16445
2664
WRX1XXX1.ACM
51814
13157
2666
WRXXXXX1.ACM
51814
13157
2668
WRY1XXX1.ACM
56052
14272
2670
WRYXXXX1.ACM
56052
14272
2672
WRZ1XXX1.ACM
48846
12339
2674
WRZXXXX1.ACM
48846
12339
2676
ZAPPER1.ACM
29292
7172
2678
ZAPPER2.ACM
32450
6796
2680
ZIPPER.ACM
39872
10265
2682