RESERVED.FRM
DELETED.FRM
YLF1001.FRM
YLF1002.FRM
YLF1003.FRM
YLF1004.FRM
YLF1005.FRM
YLF1006.FRM
YLF1007.FRM
YLF1008.FRM
YLF1009.FRM
YLF1010.FRM
YLF1011.FRM
YLF1012.FRM
YLF1013.FRM
YRT1003.FRM
YRT1004.FRM
YRT1005.FRM
YRT1009.FRM
YRT1011.FRM
YRT1012.FRM
block.FRM
block2.FRM
block3.FRM
MARKER01.FRM
MARKER02.FRM
MARKER03.FRM
BLACK01.FRM
BLACK02.FRM
BLACK03.FRM
BLACK04.FRM
BLACK05.FRM
BLACK06.FRM
BLACK07.FRM
YBK1000.FRM
YBK1001.FRM
YBK1002.FRM
YBK1003.FRM
YBK1004.FRM
YBK1005.FRM
YBK1006.FRM
YBK1007.FRM
YBK1008.FRM
YBK1009.FRM
YBK1010.FRM
YBK1011.FRM
YBK1012.FRM
FEN1001.FRM
FEN1002.FRM
FEN1003.FRM
FEN1004.FRM
FEN1005.FRM
FEN1006.FRM
FEN1007.FRM
FEN1008.FRM
FEN2000.FRM
FEN2001.FRM
FEN2002.FRM
FEN2003.FRM
FEN2004.FRM
FEN2005.FRM
FEN2006.FRM
FEN2007.FRM
FEN3001.FRM
FEN3002.FRM
FEN3003.FRM
FEN3004.FRM
FEN3005.FRM
FEN3006.FRM
FEN3007.FRM
FEN3008.FRM
FEN4001.FRM
FEN4002.FRM
FEN4003.FRM
FEN4004.FRM
FEN4005.FRM
FEN4006.FRM
CHI1000.FRM
CHI1001.FRM
CHI1002.FRM
CHI1003.FRM
CHI2000.FRM
CHI2001.FRM
CHI2002.FRM
CHI2003.FRM
CHI2004.FRM
CHI2005.FRM
CHI2006.FRM
CHI2007.FRM
CHI2008.FRM
CHI2009.FRM
CHI2010.FRM
CHI2011.FRM
CHI2012.FRM
CHI2013.FRM
CHI3001.FRM
CHI3002.FRM
CHI3003.FRM
CHI3004.FRM
CHI3005.FRM
CHI3006.FRM
CHI3007.FRM
CHI3008.FRM
CHI3009.FRM
CHI3010.FRM
CHI3011.FRM
CHI3012.FRM
CHI3013.FRM
CNI1000.FRM
CNI1001.FRM
CNI1002.FRM
CNI1003.FRM
CNI1004.FRM
CNI2000.FRM
CNI2001.FRM
CNI2002.FRM
CNI2003.FRM
CNI2004.FRM
CNI2005.FRM
CNI2006.FRM
CNI2007.FRM
CNI2008.FRM
CNI2009.FRM
CNI2010.FRM
CNI2011.FRM
CNI2012.FRM
CNI2013.FRM
CNI2014.FRM
CNI2015.FRM
CNI2016.FRM
CNI2017.FRM
CNI2018.FRM
CNI2019.FRM
CNI2020.FRM
CNI3001.FRM
CNI3002.FRM
CNI3003.FRM
CNI3004.FRM
CNI3005.FRM
CNI3006.FRM
CNI3007.FRM
CNI3008.FRM
CNI3009.FRM
CNI3010.FRM
CNI4001.FRM
CNI4002.FRM
CNI4003.FRM
CNI4004.FRM
CNI4005.FRM
CNI4006.FRM
CNI4007.FRM
CNI4008.FRM
CNI4009.FRM
CNI4010.FRM
CNI4011.FRM
CNI4012.FRM
CNI4013.FRM
CNI4014.FRM
CNI4015.FRM
CNI4016.FRM
CAVE001.FRM
CAVE002.FRM
CAVE003.FRM
CAVE004.FRM
CAVE005.FRM
CAVE006.FRM
CAVE007.FRM
CAVE008.FRM
CAVE009.FRM
CAVE010.FRM
CAVE011.FRM
CAVE012.FRM
CAVE013.FRM
CAVE014.FRM
CAVE015.FRM
CAVE016.FRM
CAVE017.FRM
CAVE018.FRM
CAVE019.FRM
CAVE020.FRM
CAVE021.FRM
CAVE022.FRM
CAVE023.FRM
CAVE024.FRM
CAVE025.FRM
CAVE026.FRM
CAVE027.FRM
CAVE028.FRM
CAVE029.FRM
CAVE030.FRM
CAVE031.FRM
CAVE032.FRM
CAVE033.FRM
CAVE034.FRM
CAVE035.FRM
CAVE036.FRM
CAVE037.FRM
CAVE038.FRM
CAVE039.FRM
CAVE040.FRM
CAVE041.FRM
CAVE042.FRM
CAVE043.FRM
CAVE044.FRM
CAVE045.FRM
CAVE046.FRM
CAVE047.FRM
CAVE048.FRM
CAVE049.FRM
CAVE050.FRM
CAVE051.FRM
CAVE052.FRM
CAVE053.FRM
CAVE054.FRM
CAVE055.FRM
CAVE056.FRM
CAVE057.FRM
CAVE058.FRM
CAVE059.FRM
CAVE060.FRM
CAVE061.FRM
CAVE062.FRM
CAVE063.FRM
CAVE064.FRM
CAVE065.FRM
CAVE066.FRM
CAVE067.FRM
CAVE068.FRM
CAVE069.FRM
CAVE070.FRM
CAVE071.FRM
CAVE072.FRM
CAVE073.FRM
CAVE074.FRM
MINE1001.FRM
MINE1002.FRM
MINE1003.FRM
MINE1004.FRM
MINE1005.FRM
MINE1006.FRM
MINE1007.FRM
MINE1008.FRM
MINE1009.FRM
MINE1010.FRM
MINE1011.FRM
MINE2001.FRM
MINE2002.FRM
MINE2003.FRM
MINE2004.FRM
MINE2005.FRM
MINE2006.FRM
NEC0100.FRM
NEC0101.FRM
NEC0102.FRM
NEC0103.FRM
NEC0201.FRM
NEC0202.FRM
NEC0203.FRM
NEC0204.FRM
NEC0205.FRM
NEC0206.FRM
NEC0207.FRM
NEC0208.FRM
NEC0209.FRM
NEC0210.FRM
NEC0211.FRM
NEC0301.FRM
NEC0302.FRM
NEC0303.FRM
NEC0304.FRM
NEC0305.FRM
NEC0306.FRM
NEC0307.FRM
NEC0308.FRM
NEC0309.FRM
NEC0310.FRM
NEC0311.FRM
NEC0312.FRM
NEC0313.FRM
NEC0314.FRM
NEC0401.FRM
NEC0402.FRM
NEC0403.FRM
NEC0404.FRM
NEC0405.FRM
NEC0406.FRM
NEC0407.FRM
NEC0408.FRM
NEC0409.FRM
NEC0410.FRM
NEC0501.FRM
NEC0502.FRM
NEC0503.FRM
NEC0504.FRM
NEC0505.FRM
NEC0506.FRM
NEC0507.FRM
NEC0508.FRM
NEC0509.FRM
NEC0601.FRM
NEC0602.FRM
NEC0603.FRM
NEC0604.FRM
NEC0605.FRM
NEC0606.FRM
NEC0607.FRM
NEC0608.FRM
NEC0609.FRM
NEC0610.FRM
NEC0611.FRM
NEC0612.FRM
NEC0613.FRM
NEC0614.FRM
NEC0615.FRM
NEC0616.FRM
NEC0617.FRM
NEC0618.FRM
NEC0619.FRM
NEC0620.FRM
NEC0621.FRM
NEC0622.FRM
NEC0623.FRM
NEC1100.FRM
NEC1101.FRM
NEC1102.FRM
NEC1103.FRM
NEC1104.FRM
NEC1105.FRM
NEC1106.FRM
NEC1107.FRM
NEC1108.FRM
NEC1109.FRM
NEC1110.FRM
NEC1111.FRM
NEC1112.FRM
NEC1113.FRM
NEC1114.FRM
NEC1115.FRM
NEC1116.FRM
NEC1117.FRM
NEC1118.FRM
NEC1119.FRM
NEC1120.FRM
NEC1121.FRM
NEC1122.FRM
NEC1123.FRM
NEC1200.FRM
NEC1201.FRM
NEC1202.FRM
NEC1203.FRM
NEC1204.FRM
NEC1205.FRM
NEC1206.FRM
NEC1207.FRM
NEC1208.FRM
NEC1209.FRM
NEC1210.FRM
NEC1211.FRM
NEC1212.FRM
NEC1213.FRM
NEC1214.FRM
NEC1301.FRM
NEC1302.FRM
NEC1303.FRM
NEC1304.FRM
NEC1305.FRM
NEC1306.FRM
NEC1307.FRM
NEC1308.FRM
NEC1309.FRM
NEC1310.FRM
NEC1401.FRM
NEC1402.FRM
NEC1403.FRM
NEC1404.FRM
NEC1405.FRM
NEC1406.FRM
NEC1501.FRM
NEC1502.FRM
NEC1503.FRM
NEC1504.FRM
NEC1505.FRM
NEC1506.FRM
NEC1507.FRM
NEC1508.FRM
NEC1509.FRM
NEC1510.FRM
NEC1511.FRM
NEC1512.FRM
NEC1513.FRM
NEC1514.FRM
NEC1515.FRM
NEC1516.FRM
NEC1517.FRM
NEC1518.FRM
NEC1519.FRM
NEC1520.FRM
NEC1521.FRM
NEC1522.FRM
NEC1523.FRM
NEC1524.FRM
NEC1525.FRM
NEC1526.FRM
NEC1527.FRM
NEC1528.FRM
NEC1601.FRM
NEC1602.FRM
NEC1603.FRM
NEC1604.FRM
NEC1605.FRM
NEC1606.FRM
NEC1607.FRM
NEC1608.FRM
NEC1609.FRM
NEC1610.FRM
NEC1701.FRM
NEC1702.FRM
NEC1703.FRM
NEC1704.FRM
NEC1705.FRM
NEC1706.FRM
NEC1707.FRM
NEC1708.FRM
NEC1801.FRM
NEC1802.FRM
NEC1803.FRM
NEC1804.FRM
NEC1901.FRM
NEC1902.FRM
NEC1903.FRM
NEC1904.FRM
NEC1905.FRM
NEC1906.FRM
NEC1907.FRM
NEC1993.FRM
NEC1994.FRM
NEC1995.FRM
NEC1996.FRM
NEC1997.FRM
NEC1998.FRM
NEC1999.FRM
NEC2001.FRM
NEC2002.FRM
NEC2003.FRM
NEC2004.FRM
NEC2005.FRM
NEC2101.FRM
NEC2102.FRM
NEC2103.FRM
NEC2104.FRM
NEC2105.FRM
NEC2106.FRM
NEC2107.FRM
NEC2201.FRM
NEC2202.FRM
NEC2203.FRM
NEC2204.FRM
NEC2205.FRM
NEC2206.FRM
NEC2207.FRM
NEC2208.FRM
NEC2301.FRM
NEC2302.FRM
NEC2303.FRM
NEC2304.FRM
NEC2401.FRM
NEC2402.FRM
NEC2403.FRM
NEC2404.FRM
NEC2405.FRM
NEC2501.FRM
NEC2502.FRM
NEC2503.FRM
NEC2504.FRM
ANAL000.FRM
ANAL001.FRM
ANAL002.FRM
ANAL003.FRM
ANAL004.FRM
ANAL005.FRM
ANAL006.FRM
ANAL007.FRM
ANAL008.FRM
ANAL009.FRM
ANAL101.FRM
ANAL102.FRM
ANAL103.FRM
ANAL104.FRM
ANAL105.FRM
ANAL106.FRM
ANAL107.FRM
ANAL108.FRM
ANAL109.FRM
ANAL110.FRM
ANAL201.FRM
ANAL202.FRM
ANAL203.FRM
ANAL204.FRM
ANAL205.FRM
ANAL206.FRM
ANAL207.FRM
ANAL208.FRM
ANAL301.FRM
ANAL302.FRM
ANAL303.FRM
ANAL304.FRM
ANAL305.FRM
ANAL306.FRM
ANAL307.FRM
ANAL308.FRM
ANAL309.FRM
ANAL310.FRM
ANAL311.FRM
ANAL312.FRM
ANAL313.FRM
ANAL314.FRM
ANAL315.FRM
ANAL316.FRM
ANAL317.FRM
ANAL318.FRM
ANAL319.FRM
ANAL401.FRM
ANAL402.FRM
ANAL403.FRM
ANAL404.FRM
BAR000.FRM
BAR001.FRM
BAR002.FRM
BAR003.FRM
BAR004.FRM
BAR005.FRM
BAR006.FRM
BAR007.FRM
BAR008.FRM
BAR009.FRM
BAR010.FRM
BAR011.FRM
BAR012.FRM
BAR013.FRM
BAR014.FRM
BAR015.FRM
BAR016.FRM
BAR017.FRM
BAR018.FRM
BAR019.FRM
BAR020.FRM
BAR021.FRM
FENCE00.FRM
FENCE01.FRM
FENCE02.FRM
FENCE03.FRM
FENCE04.FRM
FENCE05.FRM
FENCE06.FRM
FENCE07.FRM
FENCE08.FRM
FENCE09.FRM
FENCE10.FRM
FENCE11.FRM
FENCE12.FRM
FENCE13.FRM
FENCE14.FRM
FENCE15.FRM
FENCE16.FRM
FENCE17.FRM
FENCE18.FRM
FENCE19.FRM
FENCE20.FRM
FENCE21.FRM
FENCE22.FRM
FENCE23.FRM
FENCE24.FRM
TFENC00.FRM
TFENC01.FRM
TFENC02.FRM
TFENC03.FRM
TFENC04.FRM
TFENC05.FRM
TFENC06.FRM
TFENC07.FRM
TFENC08.FRM
TFENC09.FRM
TFENC10.FRM
TFENC11.FRM
TFENC12.FRM
TFENC13.FRM
TFENC14.FRM
TFENC15.FRM
TFENC16.FRM
TFENC17.FRM
TFENC18.FRM
TFENC19.FRM
TFENC20.FRM
TFENC21.FRM
WARE000.FRM
WARE001.FRM
WARE002.FRM
WARE003.FRM
WARE004.FRM
WARE005.FRM
WARE006.FRM
WARE007.FRM
WARE008.FRM
WARE009.FRM
WARE010.FRM
WARE011.FRM
WARE012.FRM
WARE013.FRM
WARE014.FRM
WARE015.FRM
WARE016.FRM
WARE017.FRM
WARE018.FRM
WARE019.FRM
WARE020.FRM
WARE021.FRM
WARE022.FRM
WARE023.FRM
WARE024.FRM
WARE025.FRM
WARE026.FRM
WARE027.FRM
PAC1000.FRM
PAC1001.FRM
PAC1002.FRM
PAC1003.FRM
PAC1004.FRM
PAC1005.FRM
PAC2001.FRM
PAC2002.FRM
PAC2003.FRM
PAC2004.FRM
PAC2005.FRM
PAC2006.FRM
PAC2007.FRM
PAC3001.FRM
PAC3002.FRM
PAC3003.FRM
PAC3004.FRM
PAC3005.FRM
PAC3006.FRM
PAC4001.FRM
PAC4002.FRM
PAC4003.FRM
PAC4004.FRM
PAC4005.FRM
PAC4006.FRM
PAC4007.FRM
PAC4008.FRM
PAC4009.FRM
PAC4010.FRM
PAC4011.FRM
PAC4012.FRM
PAC4013.FRM
RL00000.FRM
RL01000.FRM
RL02000.FRM
RL03000.FRM
RL04000.FRM
RL05000.FRM
RL06000.FRM
RL07000.FRM
RL08000.FRM
RL09000.FRM
RL10000.FRM
RL11000.FRM
RL12000.FRM
RL13000.FRM
VLT1000.FRM
VLT1001.FRM
VLT1002.FRM
VLT1003.FRM
VLT1004.FRM
VLT1005.FRM
VLT1006.FRM
VLT1007.FRM
VLT1008.FRM
VLT1009.FRM
VLT1010.FRM
VLT2001.FRM
VLT2002.FRM
VLT2003.FRM
VLT2004.FRM
VLT2005.FRM
VLT2006.FRM
VLT2007.FRM
VLT2008.FRM
VLT2009.FRM
VLT2010.FRM
VLT2011.FRM
VLT2012.FRM
VLT2013.FRM
VLT2014.FRM
VLT2015.FRM
VLT2016.FRM
VLT2017.FRM
VLT2018.FRM
VLT3001.FRM
VLT3002.FRM
VLT3003.FRM
VLT3004.FRM
VLT3005.FRM
VLT4001.FRM
VLT4002.FRM
VLT4003.FRM
VLT4004.FRM
VLT4005.FRM
VLT4006.FRM
VLT4007.FRM
VLT4008.FRM
VLT4009.FRM
VLT4010.FRM
VLT4011.FRM
VLT4012.FRM
VLT4013.FRM
VLT4014.FRM
VLT4015.FRM
VLT4016.FRM
VLT4017.FRM
VLT4018.FRM
VLT4019.FRM
VLT4020.FRM
VLT4021.FRM
VLT5001.FRM
VLT5002.FRM
VLT5003.FRM
VLT5004.FRM
VLT5005.FRM
VLT5006.FRM
VLT5010.FRM
VLT5011.FRM
VLT5012.FRM
VLT5013.FRM
VLT5014.FRM
VLT5015.FRM
VLT5016.FRM
MMB1000.FRM
MMB1001.FRM
MMB1002.FRM
MMB1003.FRM
MMB1004.FRM
MMB1005.FRM
MMB1006.FRM
MMB1007.FRM
MMB1008.FRM
MMB1009.FRM
MMB2001.FRM
MMB2002.FRM
MMB2003.FRM
MMB2004.FRM
MMB2005.FRM
MMB2006.FRM
MMB2007.FRM
MMB2008.FRM
MMB2009.FRM
MMB2010.FRM
MMB2011.FRM
MMB2012.FRM
MMB2013.FRM
MMB2014.FRM
MMB2015.FRM
MMB2016.FRM
MMB2017.FRM
MMB2018.FRM
MMB2019.FRM
MMB2020.FRM
MMB3001.FRM
MMB3002.FRM
MMB3003.FRM
MMB3004.FRM
MMB3005.FRM
MMB3006.FRM
MMB3007.FRM
MMB3008.FRM
MMB3009.FRM
MMB3010.FRM
MMB3011.FRM
MMB3012.FRM
MMB3013.FRM
MMB3014.FRM
MMB3015.FRM
MMB3016.FRM
MMB5001.FRM
MMB5002.FRM
MMB5003.FRM
MMB5004.FRM
MMB5005.FRM
MMB5006.FRM
MMB5010.FRM
MMB5011.FRM
MMB5012.FRM
MMB5013.FRM
MMB5014.FRM
MMB5015.FRM
MMB5016.FRM
VLD1000.FRM
VLD1001.FRM
VLD1002.FRM
VLD1003.FRM
VLD1004.FRM
VLD1005.FRM
VLD1006.FRM
VLD1007.FRM
VLD1008.FRM
VLD1009.FRM
VLD1010.FRM
VLD1011.FRM
VLD2001.FRM
VLD2002.FRM
VLD2003.FRM
VLD2004.FRM
VLD2005.FRM
VLD3000.FRM
VLD3001.FRM
VLD3002.FRM
VLD3003.FRM
VLD3004.FRM
VLD3005.FRM
VLD3006.FRM
VLD3007.FRM
VLD3008.FRM
VLD3009.FRM
VLD3010.FRM
VLD3011.FRM
VLD3012.FRM
VLD3013.FRM
VLD3014.FRM
VLD3015.FRM
VLD3016.FRM
VLD3017.FRM
VLD3018.FRM
VLD3019.FRM
VLD3020.FRM
VLD3021.FRM
VLD3022.FRM
VLD4001.FRM
VLD4002.FRM
VLD4003.FRM
VLD4004.FRM
VLD4005.FRM
VLD4006.FRM
VLD4007.FRM
VLD4008.FRM
VLD4009.FRM
VLD4010.FRM
VLD4011.FRM
VLD4012.FRM
VLD4013.FRM
VLD4014.FRM
VLD4015.FRM
VLD4016.FRM
VLD4017.FRM
VLD4018.FRM
VLD4019.FRM
VLD4020.FRM
VLD4021.FRM
VLD5001.FRM
VLD5002.FRM
VLD5003.FRM
VLD5004.FRM
VLD5005.FRM
VLD5006.FRM
VLD5010.FRM
VLD5011.FRM
VLD5012.FRM
VLD5013.FRM
VLD5014.FRM
VLD5015.FRM
VLD5016.FRM
VLD5017.FRM
VLD2006.FRM
VLD2007.FRM
VLD2008.FRM
VLD2009.FRM
CAVE075.FRM
ANAL209.FRM
ANAL210.FRM
VLTTILEA.FRM
VLTTILEB.FRM
VILLANGR.FRM
VILL0100.FRM
VILL0101.FRM
VILL0102.FRM
VILL0103.FRM
VILL0104.FRM
VILL0105.FRM
VILL0106.FRM
VILL0107.FRM
VILL0108.FRM
VILL0109.FRM
VILL0201.FRM
VILL0202.FRM
VILL0203.FRM
VILL0204.FRM
VILL0205.FRM
VILL0210.FRM
VILL0211.FRM
VILL0212.FRM
VILL0213.FRM
VILL0301.FRM
VILL0302.FRM
VILL0303.FRM
VILL0304.FRM
VILL0401.FRM
VILL0402.FRM
VILL0403.FRM
VILL0404.FRM
VILL0405.FRM
VILL0406.FRM
VILL0501.FRM
VILL0502.FRM
VILL0503.FRM
VILL0504.FRM
VILL0505.FRM
VILL0506.FRM
VILL0507.FRM
ANAL501.FRM
ANAL502.FRM
ANAL503.FRM
ANAL504.FRM
TSUN001.FRM
TSUN002.FRM
TSUN003.FRM
TSUN004.FRM
TSNA0101.FRM
TSNA0102.FRM
TSNA0103.FRM
TSNA0104.FRM
TSNA0201.FRM
TSNA0202.FRM
TSNA0203.FRM
TSNA0204.FRM
TSNA0205.FRM
TSNA0206.FRM
TSNA0208.FRM
TSNA0209.FRM
TSNA0300.FRM
TSNA0301.FRM
TSNA0501.FRM
TSNA0502.FRM
TSNA0503.FRM
TSNA0504.FRM
TSNB0100.FRM
TSNB0101.FRM
TSNB0102.FRM
TSNB0103.FRM
TSNB0104.FRM
TSNB0201.FRM
TSNB0202.FRM
TSNB0203.FRM
TSNB0204.FRM
TSNB0205.FRM
TSNB0206.FRM
TSNB0207.FRM
TSNB0208.FRM
TSNB0209.FRM
TSNB0210.FRM
TSNB0300.FRM
TSNB0301.FRM
TSNB0302.FRM
TSNB0303.FRM
TSNB0304.FRM
TSNB0305.FRM
TSNB0306.FRM
TSNB0401.FRM
TSNB0402.FRM
TSNB0403.FRM
TSNB0404.FRM
TSNA0505.FRM
TSNA0506.FRM
TSNA0507.FRM
TSNA0508.FRM
TSNA0509.FRM
TSNA0510.FRM
TSNA0511.FRM
TSNA0512.FRM
TSNA0513.FRM
TSNA0514.FRM
TSNA0515.FRM
TSNA0516.FRM
TSNA0517.FRM
TSNC0101.FRM
TSNC0102.FRM
TSNC0103.FRM
TSNC0104.FRM
TSNC0105.FRM
TSNC0201.FRM
TSNC0202.FRM
TSNC0203.FRM
TSNC0204.FRM
TSNC0205.FRM
TSNC0206.FRM
TSNC0207.FRM
TSNC0208.FRM
TSNC0209.FRM
TSNC0210.FRM
TSNC0211.FRM
TSND1000.FRM
TSND1001.FRM
TSND1002.FRM
TSND1003.FRM
TSND1004.FRM
TSND1005.FRM
TSND1006.FRM
TSND1007.FRM
TSNE1001.FRM
TSNE1002.FRM
TSNE1003.FRM
TSNE1004.FRM
TSNE1005.FRM
TSNE1006.FRM
TSNE1007.FRM
TSNE1008.FRM
TSNE1009.FRM
TSNE1010.FRM
TSNE1011.FRM
TSNE1012.FRM
TSNE1013.FRM
TSNE1014.FRM
TSND1008.FRM
TSND1009.FRM
TSND1010.FRM
TSND1011.FRM
VILL1100.FRM
VILL1101.FRM
VILL1102.FRM
VILL1103.FRM
VILL1201.FRM
VILL1202.FRM
VILL1210.FRM
VILL1211.FRM
VILL1301.FRM
VILL1302.FRM
VILL1303.FRM
VILL1304.FRM
VILL1305.FRM
VILL1401.FRM
VILL1402.FRM
VILL1501.FRM
VILL1502.FRM
VILL1503.FRM
VILL1504.FRM
VILL1505.FRM
VILL1405.FRM
VILL1406.FRM
VILL2100.FRM
VILL2101.FRM
VILL2102.FRM
VILL2103.FRM
VILL2104.FRM
VILL2105.FRM
VILL3100.FRM
VILL3101.FRM
VILL3102.FRM
VILL3103.FRM
VILL3104.FRM
VILL3201.FRM
VILL3202.FRM
VILL3301.FRM
VILL3302.FRM
VILL3405.FRM
VILL3504.FRM
VILL5000.FRM
VILL5001.FRM
VILL5002.FRM
RNGR0101.FRM
RNGR0102.FRM
RNGR0103.FRM
RNGR0104.FRM
RNGR0201.FRM
RNGR0202.FRM
RNGR0203.FRM
RNGR0204.FRM
RNGR0301.FRM
RNGR0302.FRM
RNGR0303.FRM
RNGR0304.FRM
RNGR0401.FRM
RNGR0402.FRM
RNGR0403.FRM
RNGR0404.FRM
RNGR0405.FRM
RNGR0406.FRM
RNGR1101.FRM
RNGR1102.FRM
RNGR1103.FRM
RNGR1104.FRM
RNGR1201.FRM
RNGR1202.FRM
RNGR1301.FRM
RNGR1302.FRM
RNGR1501.FRM
RNGR1502.FRM
RNGR1503.FRM
RNGR1504.FRM
RNGR1505.FRM
RNGR1401.FRM
RNGR1402.FRM
RNGR1403.FRM
RNGR1404.FRM
RNGR1405.FRM
RNGR1406.FRM
RNGR1407.FRM
RNGR1408.FRM
GAR0100.FRM
GAR0101.FRM
GAR0102.FRM
GAR0103.FRM
GAR0201.FRM
GAR0202.FRM
GAR0203.FRM
GAR0204.FRM
GAR0301.FRM
GAR0302.FRM
GAR0303.FRM
GAR0304.FRM
GAR0401.FRM
GAR0402.FRM
GAR0403.FRM
GAR0404.FRM
GAR0405.FRM
GAR0406.FRM
GAR1100.FRM
GAR1101.FRM
GAR1102.FRM
GAR1103.FRM
GAR1201.FRM
GAR1202.FRM
GAR1203.FRM
GAR1204.FRM
GAR1301.FRM
GAR1302.FRM
GAR1303.FRM
GAR1304.FRM
GAR1401.FRM
GAR1402.FRM
GAR1403.FRM
GAR1404.FRM
GAR1405.FRM
GAR0501.FRM
GAR0502.FRM
GAR0503.FRM
GAR0504.FRM
GAR0505.FRM
FLG0100.FRM
FLG0101.FRM
FLG0102.FRM
FLG0103.FRM
FLG0104.FRM
FLG0201.FRM
FLG0202.FRM
FLG0203.FRM
FLG0204.FRM
FLG0301.FRM
FLG0302.FRM
BAR022.FRM
BAR023.FRM
BAR024.FRM
BLACK08.FRM
BLACK09.FRM
GAR2001.FRM
GAR2002.FRM
GAR2003.FRM
GAR2004.FRM
GAR2005.FRM
GAR2006.FRM
GAR3001.FRM
GAR3002.FRM
GAR3003.FRM
GAR3004.FRM
GAR3005.FRM
GAR3006.FRM
GAR3007.FRM
GAR3008.FRM
GAR3009.FRM
GAR3010.FRM
GAR3011.FRM
GAR3012.FRM
GAR3013.FRM
GAR3101.FRM
GAR3102.FRM
GAR3103.FRM
GAR3104.FRM
GAR3105.FRM
GAR3106.FRM
GAR3107.FRM
GAR3108.FRM
GAR3109.FRM
GAR3110.FRM
GAR3111.FRM
GAR3112.FRM
GAR3113.FRM
NEC1311.FRM
NEC1312.FRM
PNX1001.FRM
PNX1002.FRM
PNX1003.FRM
PNX1004.FRM
PNX1005.FRM
PNX1006.FRM
PNX1007.FRM
PNX1008.FRM
PNX1101.FRM
PNX1102.FRM
PNX1103.FRM
PNX1104.FRM
PNX1105.FRM
PNX1106.FRM
PNX1107.FRM
PNX1108.FRM
PNX1109.FRM
HER0100.FRM
HER0101.FRM
HER0102.FRM
HER0103.FRM
HER0104.FRM
HER0105.FRM
HER0201.FRM
HER0202.FRM
HER0203.FRM
HER0204.FRM
HER0205.FRM
HER0206.FRM
HER0207.FRM
HER0208.FRM
HER0209.FRM
HER0210.FRM
HER0211.FRM
HER0212.FRM
HER0301.FRM
HER0302.FRM
HER0303.FRM
HER0304.FRM
HER0305.FRM
HER0306.FRM
HER0307.FRM
HER0308.FRM
HER0309.FRM
HER0310.FRM
HER0401.FRM
HER0402.FRM
HER0403.FRM
HER0404.FRM
HER0501.FRM
HER0502.FRM
HER0503.FRM
HER0504.FRM
HER0505.FRM
HER0506.FRM
HER0507.FRM
HER0508.FRM
HER0509.FRM
HER0999.FRM
HER1100.FRM
HER1101.FRM
HER1102.FRM
HER1103.FRM
HER1104.FRM
HER1105.FRM
HER1201.FRM
HER1202.FRM
HER1203.FRM
HER1204.FRM
HER1205.FRM
HER1206.FRM
HER1207.FRM
HER1208.FRM
HER1210.FRM
HER1211.FRM
HER1212.FRM
HER1301.FRM
HER1302.FRM
HER1303.FRM
HER1304.FRM
HER1305.FRM
HER1306.FRM
HER1307.FRM
HER1308.FRM
HER1309.FRM
HER1310.FRM
HER1311.FRM
HER1401.FRM
HER1402.FRM
HER1403.FRM
HER1404.FRM
HER1501.FRM
HER1502.FRM
HER1503.FRM
HER1504.FRM
HER1505.FRM
HER1506.FRM
HER1507.FRM
HER1508.FRM
HER1509.FRM
ANAL211.FRM
ANAL212.FRM
ANAL213.FRM
CNI2021.FRM
CNI2022.FRM
HER2100.FRM
HER2101.FRM
HER2102.FRM
HER2103.FRM
HER2104.FRM
HER2105.FRM
HER2201.FRM
HER2202.FRM
HER2203.FRM
HER2204.FRM
HER2205.FRM
HER2206.FRM
HER2301.FRM
HER2302.FRM
HER2303.FRM
HER2304.FRM
HER2305.FRM
HER2306.FRM
HER2307.FRM
HER2308.FRM
HER2309.FRM
HER2310.FRM
HER3100.FRM
HER3101.FRM
HER3102.FRM
HER3103.FRM
HER3104.FRM
HER3105.FRM
HER3205.FRM
HER3206.FRM
HER3301.FRM
HER3302.FRM
HER4000.FRM
HER4001.FRM
HER4002.FRM
HER4003.FRM
HER4004.FRM
HER4005.FRM
HER4006.FRM
HER4007.FRM
HER4008.FRM
HER4101.FRM
HER4102.FRM
HER4103.FRM
HER4104.FRM
HER4105.FRM
HER4106.FRM
HER4107.FRM
HER4108.FRM
NEC1529.FRM
INF1001.FRM
INF1002.FRM
INF1003.FRM
TSNC0212.FRM
TSNC0213.FRM
TSNC0214.FRM
TSNC0215.FRM
TSNC0216.FRM
TSNC0217.FRM
TSNC0218.FRM
PNX1110.FRM
PNX1111.FRM
NEC1215.FRM
NEC1216.FRM
NEC1217.FRM
NEC1218.FRM
NEC1219.FRM
NEC1220.FRM
NEC0315.FRM
NEC0316.FRM
NEC0317.FRM
INF1004.FRM
INF1005.FRM
INF1006.FRM
INF1007.FRM
INF1008.FRM
INF1009.FRM
INF1010.FRM
INF1011.FRM
INF1012.FRM
GAR4100.FRM
GAR4101.FRM
GAR4102.FRM
GAR4103.FRM
GAR4201.FRM
GAR4202.FRM
GAR4208.FRM
GAR4209.FRM
GAR4301.FRM
GAR4302.FRM
GAR4303.FRM
GAR4304.FRM
GAR4501.FRM
GAR4502.FRM
GAR4503.FRM
GAR4504.FRM
GAR4309.FRM
GAR4310.FRM
GAR4311.FRM
GAR4312.FRM
GAR4203.FRM
GAR4204.FRM
GAR4205.FRM
GAR4206.FRM
BOS0100.FRM
BOS0101.FRM
BOS0102.FRM
BOS0103.FRM
BOS0104.FRM
BOS0201.FRM
BOS0202.FRM
BOS0203.FRM
BOS0204.FRM
BOS0205.FRM
BOS0206.FRM
BOS0207.FRM
BOS0208.FRM
BOS0209.FRM
BOS0210.FRM
BOS0211.FRM
BOS0212.FRM
BOS0213.FRM
BOS0214.FRM
BOS0215.FRM
BOS0216.FRM
BOS0301.FRM
BOS0302.FRM
BOS0303.FRM
BOS0304.FRM
BOS0305.FRM
BOS0306.FRM
BOS0307.FRM
BOS0308.FRM
BOS0501.FRM
BOS0502.FRM
BOS0503.FRM
BOS0504.FRM
BOS1100.FRM
BOS1101.FRM
BOS1102.FRM
BOS1103.FRM
BOS1104.FRM
BOS1201.FRM
BOS1202.FRM
BOS1203.FRM
BOS1204.FRM
BOS1205.FRM
BOS1206.FRM
BOS1207.FRM
BOS1208.FRM
BOS1209.FRM
BOS1210.FRM
BOS1211.FRM
BOS1212.FRM
BOS1213.FRM
BOS1214.FRM
BOS1215.FRM
BOS1216.FRM
BOS1301.FRM
BOS1302.FRM
BOS1303.FRM
BOS1304.FRM
BOS1305.FRM
BOS1306.FRM
BOS1307.FRM
BOS1308.FRM
BOS1501.FRM
BOS1502.FRM
BOS1503.FRM
BOS1504.FRM
BOS0309.FRM
BOS0310.FRM
BOS0311.FRM
BOS2100.FRM
BOS2101.FRM
BOS2102.FRM
BOS2103.FRM
BOS2104.FRM
BOS2105.FRM
BOS2201.FRM
BOS2202.FRM
BOS2203.FRM
BOS2204.FRM
BOS1401.FRM
BOS1402.FRM
BOS1403.FRM
BOS1404.FRM
BOS1405.FRM
BOS2106.FRM
BOS2107.FRM
BOS2108.FRM
BOS2109.FRM
BOS2205.FRM
BOS2206.FRM
INF2001.FRM
INF2002.FRM
INF2003.FRM
INF2004.FRM
INF2005.FRM
BOS2207.FRM
BOS2208.FRM
BOS2209.FRM
BOS2210.FRM
BOS2211.FRM
BOS2212.FRM
CABR0100.FRM
CABR0101.FRM
CABR0102.FRM
CABR0103.FRM
CABR0104.FRM
CABR0201.FRM
CABR0202.FRM
CABR0203.FRM
CABR0204.FRM
CABR0205.FRM
CABR0206.FRM
CABR0207.FRM
CABR0301.FRM
CABR0302.FRM
CABR0303.FRM
CABR0304.FRM
CABR0401.FRM
CABR0402.FRM
CABR0403.FRM
CABR0404.FRM
CABR0501.FRM
CABR0502.FRM
CABR0503.FRM
CABR0504.FRM
CABR0505.FRM
CABR0506.FRM
CABR0507.FRM
CABR0508.FRM
CABR0601.FRM
CABR0602.FRM
CABR0603.FRM
CABR0604.FRM
CABR1100.FRM
CABR1101.FRM
CABR1102.FRM
CABR1103.FRM
CABR1104.FRM
CABR1201.FRM
CABR1202.FRM
CABR1203.FRM
CABR1204.FRM
CABR1205.FRM
CABR1206.FRM
CABR1207.FRM
CABR1301.FRM
CABR1302.FRM
CABR1303.FRM
CABR1304.FRM
CABR1401.FRM
CABR1402.FRM
CABR1403.FRM
CABR1404.FRM
CABR1501.FRM
CABR1502.FRM
CABR1503.FRM
CABR1504.FRM
CABR1505.FRM
CABR1506.FRM
CABR1507.FRM
CABR1508.FRM
CABR1601.FRM
CABR1602.FRM
CABR1603.FRM
CABR2100.FRM
CABR2101.FRM
CABR2102.FRM
CABR2103.FRM
CABR2104.FRM
CABR2201.FRM
CABR2202.FRM
CABR2203.FRM
CABR2204.FRM
CABR2205.FRM
CABR2206.FRM
CABR2207.FRM
CABR2208.FRM
CABR2301.FRM
CABR2302.FRM
CABR2303.FRM
CABR2304.FRM
CABR2401.FRM
CABR2402.FRM
CABR2403.FRM
CABR2404.FRM
CABR2501.FRM
CABR2502.FRM
CABR2503.FRM
CABR2504.FRM
CABR2505.FRM
CABR2506.FRM
CABR2507.FRM
CABR2508.FRM
CABR2601.FRM
CABR2602.FRM
CABR2603.FRM
BOS3100.FRM
BOS3101.FRM
BOS3102.FRM
BOS3103.FRM
BOS3104.FRM
BOS3201.FRM
BOS3202.FRM
BOS3203.FRM
BOS3204.FRM
BOS3205.FRM
BOS3206.FRM
BOS3207.FRM
BOS3208.FRM
BOS3301.FRM
BOS3302.FRM
BOS3303.FRM
BOS3304.FRM
BOS3401.FRM
BOS3402.FRM
BOS3403.FRM
BOS3404.FRM
BOS3501.FRM
BOS3502.FRM
BOS3503.FRM
BOS3504.FRM
BOS3600.FRM
BOS3601.FRM
BOS3602.FRM
BOS3603.FRM
BOS3604.FRM
BOS3605.FRM
BOS3606.FRM
BOS3607.FRM
BOS3608.FRM
BOS3609.FRM
BOS3610.FRM
BOS3505.FRM
BOS3506.FRM
BOS3507.FRM
BOS3508.FRM
CABR3100.FRM
CABR3101.FRM
CABR3102.FRM
CABR3103.FRM
CABR3201.FRM
CABR3202.FRM
CABR3203.FRM
CABR3204.FRM
CABR3205.FRM
CABR3301.FRM
CABR3302.FRM
CABR3303.FRM
CABR3304.FRM
CABR3401.FRM
CABR3402.FRM
CABR3403.FRM
CABR3404.FRM
CABR3405.FRM
CABR3406.FRM
CABR3501.FRM
CABR3502.FRM
CABR3503.FRM
CABR3504.FRM
CABR3104.FRM
FLG0303.FRM
NUEV0100.FRM
NUEV0101.FRM
NUEV0102.FRM
NUEV0103.FRM
NUEV0104.FRM
NUEV0105.FRM
NUEV0106.FRM
NUEV0107.FRM
NUEV0108.FRM
NUEV0109.FRM
NUEV0110.FRM
NUEV0111.FRM
NUEV0112.FRM
NUEV0113.FRM
NUEV0114.FRM
NUEV0115.FRM
NUEV0116.FRM
NUEV0117.FRM
NUEV0118.FRM
NUEV0119.FRM
NUEV0120.FRM
NUEV0121.FRM
NUEV0122.FRM
NUEV0123.FRM
NUEV0124.FRM
NUEV0125.FRM
NUEV0126.FRM
NUEV0127.FRM
NUEV1101.FRM
NUEV1102.FRM
NUEV1103.FRM
NUEV1104.FRM
NUEV1201.FRM
NUEV1202.FRM
NUEV1203.FRM
NUEV1204.FRM
NUEV1205.FRM
NUEV1206.FRM
NUEV1301.FRM
NUEV1302.FRM
NUEV1303.FRM
NUEV1304.FRM
NUEV1305.FRM
NUEV1401.FRM
NUEV1402.FRM
NUEV1403.FRM
NUEV1404.FRM
NUEV2101.FRM
NUEV2102.FRM
NUEV2103.FRM
NUEV2104.FRM
NUEV2201.FRM
NUEV2202.FRM
NUEV2203.FRM
NUEV2204.FRM
NUEV2205.FRM
NUEV2206.FRM
NUEV2301.FRM
NUEV2302.FRM
NUEV2303.FRM
NUEV2304.FRM
NUEV3101.FRM
NUEV3102.FRM
NUEV3103.FRM
NUEV3104.FRM
NUEV3105.FRM
NUEV3106.FRM
NUEV3107.FRM
NUEV3108.FRM
NUEV3109.FRM
NUEV3110.FRM
NUEV3111.FRM
NUEV3112.FRM
NUEV3113.FRM
NUEV3114.FRM
NUEV3115.FRM
NUEV3116.FRM
NUEV3117.FRM
NUEV3118.FRM
NUEV3119.FRM
NUEV3120.FRM
NUEV3121.FRM
NUEV3122.FRM
NUEV3123.FRM
NUEV4100.FRM
NUEV4101.FRM
NUEV4102.FRM
NUEV4103.FRM
NUEV4104.FRM
NUEV4201.FRM
NUEV4202.FRM
NUEV4301.FRM
NUEV4302.FRM
NUEV4303.FRM
NUEV4304.FRM
NUEV5100.FRM
NUEV5101.FRM
NUEV5102.FRM
NUEV5103.FRM
NUEV5104.FRM
NUEV5201.FRM
NUEV5202.FRM
NUEV5203.FRM
NUEV5204.FRM
NUEV5205.FRM
NUEV5206.FRM
NUEV5207.FRM
NUEV5208.FRM
NUEV5301.FRM
NUEV5302.FRM
NUEV5303.FRM
NUEV5304.FRM
NUEV5305.FRM
NUEV5306.FRM
NUEV5307.FRM
NUEV5308.FRM
NUEV5501.FRM
NUEV5502.FRM
NUEV5503.FRM
NUEV5504.FRM
NUEV6100.FRM
NUEV6101.FRM
NUEV6102.FRM
NUEV6103.FRM
NUEV6104.FRM
NUEV6201.FRM
NUEV6202.FRM
NUEV6301.FRM
NUEV6302.FRM
NUEV6303.FRM
NUEV6304.FRM
NUEV6305.FRM
FLG0304.FRM
FLG0305.FRM
NEC2901.FRM
NEC2902.FRM
NEC2903.FRM
NEC2904.FRM
NEC2905.FRM
NEC2906.FRM
NEC2907.FRM
NEC2908.FRM
NEC2909.FRM
BRAM1001.FRM
BRAM1002.FRM
BRAM1003.FRM
BRAM1004.FRM
BRAM1005.FRM
BRAM1006.FRM
BRAM1007.FRM
TSNC0219.FRM
TSNC0220.FRM
TSNC0221.FRM
NUEV1501.FRM
NUEV1502.FRM
NUEV1503.FRM
NUEV1504.FRM
NUEV1505.FRM
NUEV1506.FRM
NUEV1507.FRM
NUEV1508.FRM
NUEV1509.FRM
NUEV1510.FRM
CABR0305.FRM
CABR0306.FRM
RL09001.FRM
CABR3601.FRM
CABR3602.FRM
CABR3603.FRM
CABR3604.FRM
CABR3605.FRM
CABR3606.FRM
CABR3607.FRM
CABR3608.FRM
CABR3609.FRM
CABR3610.FRM
CABR1405.FRM
CABR1406.FRM
CABR1407.FRM
CABR1408.FRM
CABR1409.FRM
BOS4101.FRM
BOS4102.FRM
BOS4103.FRM
BOS4104.FRM
BOS4105.FRM
BOS4106.FRM
BOS4107.FRM
BOS4108.FRM
BOS4109.FRM
BOS4110.FRM
BOS4111.FRM
BOS4112.FRM
MOTEL001.FRM
MOTEL002.FRM
MOTEL003.FRM
MOTEL004.FRM
MOTEL005.FRM
MOTEL006.FRM
MOTEL007.FRM
MOTEL008.FRM
MOTEL009.FRM
MOTEL010.FRM
MOTEL011.FRM
DAYG1001.FRM
DAYG1002.FRM
DAYG1003.FRM
DAYG1004.FRM
DAYG1005.FRM
DAYG1006.FRM
DAYG2001.FRM
DAYG2002.FRM
DAYG2003.FRM
DAYG2004.FRM
DAYG2005.FRM
DAYG2006.FRM
DAYG2007.FRM
DAYG2008.FRM
DAYG2009.FRM
DAYG2010.FRM
DAYG2011.FRM
DAYG2012.FRM
DAYG2013.FRM
DAYG2014.FRM
DAYG2015.FRM
DAYG2016.FRM
DAYG2017.FRM
DAYG2018.FRM
DAYG2019.FRM
DAYG2020.FRM
DAYG3011.FRM
DAYG3012.FRM
DAYG3013.FRM
DAYG3014.FRM
DAYG3015.FRM
DAYG3021.FRM
DAYG3022.FRM
DAYG3023.FRM
DAYG3024.FRM
DAYG3025.FRM
DAYG3026.FRM
DAYG3027.FRM
DAYG3028.FRM
DAYG3029.FRM
DAYG3030.FRM
DAYG3031.FRM
DAYG3032.FRM
DAYG3033.FRM
DAYG3034.FRM
HER3207.FRM
HER2207.FRM
HER2208.FRM
HER2209.FRM
HER2210.FRM
RNGR0305.FRM
RNGR0306.FRM
RNGR0307.FRM
RNGR0308.FRM
RNGR0309.FRM
RNGR0310.FRM
RNGR0311.FRM
RNGR0312.FRM
DAYG3101.FRM
DAYG3102.FRM
DAYG3103.FRM
DAYG3104.FRM
DAYG3105.FRM
DAYG3106.FRM
DAYG3107.FRM
DAYG3111.FRM
DAYG3112.FRM
DAYG3113.FRM
DAYG3114.FRM
DAYG3115.FRM
DAYG3116.FRM
DAYG3117.FRM
DAYG3118.FRM
DAYG3119.FRM
NEC2911.FRM
NEC2912.FRM
NEC2913.FRM
NEC2914.FRM
NEC2915.FRM
NEC2916.FRM
NEC2917.FRM
NEC2918.FRM
NEC2919.FRM
NEC2920.FRM
NEC2921.FRM
NEC2922.FRM
NEC2923.FRM
NEC2924.FRM
NEC2925.FRM
NEC2926.FRM
NEC2927.FRM
NEC2928.FRM
NEC2929.FRM
CABR4100.FRM
CABR4101.FRM
CABR4102.FRM
CABR4203.FRM
CABR4204.FRM
CABR4205.FRM
CABR4206.FRM
CABR4207.FRM
CABR4208.FRM
CABR4209.FRM
CABR4210.FRM
CABR4505.FRM
CABR4506.FRM
CABR4507.FRM
CABR4508.FRM
CABR4509.FRM
CABR4510.FRM
ANNA0001.FRM
ANNA0002.FRM
ANNA0003.FRM
ANNA0004.FRM
DAYG1010.FRM
DAYG1011.FRM
DAYG1012.FRM
DAYG1013.FRM
DAYG1014.FRM
DAYG1015.FRM
DAYG1016.FRM
DAYG1017.FRM
DAYG1018.FRM
DAYG1019.FRM
DAYG1020.FRM
DAYG1021.FRM
DAYG1022.FRM
DAYG1023.FRM
DAYG1024.FRM
DAYG1025.FRM
DAYG1026.FRM
DAYG1027.FRM
DAYG1028.FRM
DAYG1029.FRM
TSNE1015.FRM
TSNE1016.FRM
TSNE1017.FRM
TSNE1018.FRM
TSNE1019.FRM
TSNE1020.FRM
TSNE1021.FRM
TSNE1022.FRM
TSNE1023.FRM
TSNE1024.FRM
TSNE1025.FRM
TSNE1026.FRM
TSNE1027.FRM
TSNE1028.FRM
TSNE1029.FRM
TSNE1030.FRM